{"/Users/tm/work/AltMe/app/+not-found.tsx": {"path":"/Users/tm/work/AltMe/app/+not-found.tsx","statementMap":{"0":{"start":{"line":6,"column":2},"end":{"line":16,"column":4}},"1":{"start":{"line":19,"column":15},"end":{"line":40,"column":2}}},"fnMap":{"0":{"name":"NotFoundScreen","decl":{"start":{"line":5,"column":24},"end":{"line":5,"column":38}},"loc":{"start":{"line":5,"column":41},"end":{"line":17,"column":1}},"line":5}},"branchMap":{},"s":{"0":6,"1":4},"f":{"0":6},"b":{},"_coverageSchema":"1a1c01bbd47fc00a2c39e90264f33305004495a9","hash":"8592dc03b562dc35566e0ecc54e1525f06d1619e"}
,"/Users/tm/work/AltMe/app/_layout.tsx": {"path":"/Users/tm/work/AltMe/app/_layout.tsx","statementMap":{"0":{"start":{"line":30,"column":33},"end":{"line":32,"column":1}},"1":{"start":{"line":35,"column":0},"end":{"line":39,"column":1}},"2":{"start":{"line":36,"column":2},"end":{"line":36,"column":38}},"3":{"start":{"line":42,"column":26},"end":{"line":48,"column":4}},"4":{"start":{"line":51,"column":2},"end":{"line":53,"column":9}},"5":{"start":{"line":52,"column":4},"end":{"line":52,"column":26}},"6":{"start":{"line":55,"column":2},"end":{"line":57,"column":14}},"7":{"start":{"line":56,"column":4},"end":{"line":56,"column":27}},"8":{"start":{"line":56,"column":15},"end":{"line":56,"column":27}},"9":{"start":{"line":59,"column":2},"end":{"line":65,"column":15}},"10":{"start":{"line":60,"column":4},"end":{"line":64,"column":5}},"11":{"start":{"line":61,"column":6},"end":{"line":63,"column":9}},"12":{"start":{"line":67,"column":2},"end":{"line":69,"column":3}},"13":{"start":{"line":68,"column":4},"end":{"line":68,"column":16}},"14":{"start":{"line":71,"column":2},"end":{"line":71,"column":27}},"15":{"start":{"line":75,"column":17},"end":{"line":75,"column":28}},"16":{"start":{"line":76,"column":19},"end":{"line":76,"column":32}},"17":{"start":{"line":78,"column":75},"end":{"line":78,"column":89}},"18":{"start":{"line":79,"column":15},"end":{"line":79,"column":37}},"19":{"start":{"line":79,"column":30},"end":{"line":79,"column":36}},"20":{"start":{"line":82,"column":2},"end":{"line":85,"column":19}},"21":{"start":{"line":83,"column":4},"end":{"line":83,"column":17}},"22":{"start":{"line":84,"column":4},"end":{"line":84,"column":26}},"23":{"start":{"line":88,"column":2},"end":{"line":101,"column":69}},"24":{"start":{"line":89,"column":4},"end":{"line":89,"column":76}},"25":{"start":{"line":89,"column":69},"end":{"line":89,"column":76}},"26":{"start":{"line":91,"column":4},"end":{"line":91,"column":28}},"27":{"start":{"line":92,"column":4},"end":{"line":94,"column":7}},"28":{"start":{"line":93,"column":6},"end":{"line":93,"column":67}},"29":{"start":{"line":96,"column":20},"end":{"line":98,"column":6}},"30":{"start":{"line":97,"column":6},"end":{"line":97,"column":29}},"31":{"start":{"line":100,"column":4},"end":{"line":100,"column":19}},"32":{"start":{"line":104,"column":2},"end":{"line":108,"column":33}},"33":{"start":{"line":105,"column":4},"end":{"line":107,"column":5}},"34":{"start":{"line":106,"column":6},"end":{"line":106,"column":24}},"35":{"start":{"line":111,"column":2},"end":{"line":139,"column":91}},"36":{"start":{"line":112,"column":4},"end":{"line":112,"column":28}},"37":{"start":{"line":112,"column":21},"end":{"line":112,"column":28}},"38":{"start":{"line":114,"column":24},"end":{"line":114,"column":48}},"39":{"start":{"line":115,"column":30},"end":{"line":115,"column":60}},"40":{"start":{"line":116,"column":23},"end":{"line":116,"column":47}},"41":{"start":{"line":118,"column":4},"end":{"line":138,"column":5}},"42":{"start":{"line":120,"column":6},"end":{"line":122,"column":7}},"43":{"start":{"line":121,"column":8},"end":{"line":121,"column":40}},"44":{"start":{"line":123,"column":11},"end":{"line":138,"column":5}},"45":{"start":{"line":125,"column":6},"end":{"line":127,"column":7}},"46":{"start":{"line":126,"column":8},"end":{"line":126,"column":34}},"47":{"start":{"line":128,"column":11},"end":{"line":138,"column":5}},"48":{"start":{"line":130,"column":6},"end":{"line":132,"column":7}},"49":{"start":{"line":131,"column":8},"end":{"line":131,"column":48}},"50":{"start":{"line":135,"column":6},"end":{"line":137,"column":7}},"51":{"start":{"line":136,"column":8},"end":{"line":136,"column":34}},"52":{"start":{"line":141,"column":2},"end":{"line":182,"column":4}}},"fnMap":{"0":{"name":"RootLayout","decl":{"start":{"line":41,"column":24},"end":{"line":41,"column":34}},"loc":{"start":{"line":41,"column":37},"end":{"line":72,"column":1}},"line":41},"1":{"name":"(anonymous_1)","decl":{"start":{"line":51,"column":12},"end":{"line":51,"column":13}},"loc":{"start":{"line":51,"column":18},"end":{"line":53,"column":3}},"line":51},"2":{"name":"(anonymous_2)","decl":{"start":{"line":55,"column":12},"end":{"line":55,"column":13}},"loc":{"start":{"line":55,"column":18},"end":{"line":57,"column":3}},"line":55},"3":{"name":"(anonymous_3)","decl":{"start":{"line":59,"column":12},"end":{"line":59,"column":13}},"loc":{"start":{"line":59,"column":18},"end":{"line":65,"column":3}},"line":59},"4":{"name":"(anonymous_4)","decl":{"start":{"line":61,"column":37},"end":{"line":61,"column":38}},"loc":{"start":{"line":61,"column":43},"end":{"line":63,"column":7}},"line":61},"5":{"name":"RootLayoutNav","decl":{"start":{"line":74,"column":9},"end":{"line":74,"column":22}},"loc":{"start":{"line":74,"column":25},"end":{"line":183,"column":1}},"line":74},"6":{"name":"(anonymous_6)","decl":{"start":{"line":79,"column":23},"end":{"line":79,"column":24}},"loc":{"start":{"line":79,"column":30},"end":{"line":79,"column":36}},"line":79},"7":{"name":"(anonymous_7)","decl":{"start":{"line":82,"column":12},"end":{"line":82,"column":13}},"loc":{"start":{"line":82,"column":18},"end":{"line":85,"column":3}},"line":82},"8":{"name":"(anonymous_8)","decl":{"start":{"line":88,"column":12},"end":{"line":88,"column":13}},"loc":{"start":{"line":88,"column":18},"end":{"line":101,"column":3}},"line":88},"9":{"name":"(anonymous_9)","decl":{"start":{"line":92,"column":42},"end":{"line":92,"column":43}},"loc":{"start":{"line":92,"column":51},"end":{"line":94,"column":5}},"line":92},"10":{"name":"(anonymous_10)","decl":{"start":{"line":96,"column":49},"end":{"line":96,"column":50}},"loc":{"start":{"line":96,"column":55},"end":{"line":98,"column":5}},"line":96},"11":{"name":"(anonymous_11)","decl":{"start":{"line":104,"column":12},"end":{"line":104,"column":13}},"loc":{"start":{"line":104,"column":18},"end":{"line":108,"column":3}},"line":104},"12":{"name":"(anonymous_12)","decl":{"start":{"line":111,"column":12},"end":{"line":111,"column":13}},"loc":{"start":{"line":111,"column":18},"end":{"line":139,"column":3}},"line":111}},"branchMap":{"0":{"loc":{"start":{"line":56,"column":4},"end":{"line":56,"column":27}},"type":"if","locations":[{"start":{"line":56,"column":4},"end":{"line":56,"column":27}},{"start":{},"end":{}}],"line":56},"1":{"loc":{"start":{"line":60,"column":4},"end":{"line":64,"column":5}},"type":"if","locations":[{"start":{"line":60,"column":4},"end":{"line":64,"column":5}},{"start":{},"end":{}}],"line":60},"2":{"loc":{"start":{"line":67,"column":2},"end":{"line":69,"column":3}},"type":"if","locations":[{"start":{"line":67,"column":2},"end":{"line":69,"column":3}},{"start":{},"end":{}}],"line":67},"3":{"loc":{"start":{"line":89,"column":4},"end":{"line":89,"column":76}},"type":"if","locations":[{"start":{"line":89,"column":4},"end":{"line":89,"column":76}},{"start":{},"end":{}}],"line":89},"4":{"loc":{"start":{"line":89,"column":8},"end":{"line":89,"column":67}},"type":"binary-expr","locations":[{"start":{"line":89,"column":8},"end":{"line":89,"column":24}},{"start":{"line":89,"column":28},"end":{"line":89,"column":37}},{"start":{"line":89,"column":41},"end":{"line":89,"column":67}}],"line":89},"5":{"loc":{"start":{"line":105,"column":4},"end":{"line":107,"column":5}},"type":"if","locations":[{"start":{"line":105,"column":4},"end":{"line":107,"column":5}},{"start":{},"end":{}}],"line":105},"6":{"loc":{"start":{"line":105,"column":8},"end":{"line":105,"column":36}},"type":"binary-expr","locations":[{"start":{"line":105,"column":8},"end":{"line":105,"column":24}},{"start":{"line":105,"column":28},"end":{"line":105,"column":36}}],"line":105},"7":{"loc":{"start":{"line":112,"column":4},"end":{"line":112,"column":28}},"type":"if","locations":[{"start":{"line":112,"column":4},"end":{"line":112,"column":28}},{"start":{},"end":{}}],"line":112},"8":{"loc":{"start":{"line":118,"column":4},"end":{"line":138,"column":5}},"type":"if","locations":[{"start":{"line":118,"column":4},"end":{"line":138,"column":5}},{"start":{"line":123,"column":11},"end":{"line":138,"column":5}}],"line":118},"9":{"loc":{"start":{"line":118,"column":8},"end":{"line":118,"column":36}},"type":"binary-expr","locations":[{"start":{"line":118,"column":8},"end":{"line":118,"column":24}},{"start":{"line":118,"column":28},"end":{"line":118,"column":36}}],"line":118},"10":{"loc":{"start":{"line":120,"column":6},"end":{"line":122,"column":7}},"type":"if","locations":[{"start":{"line":120,"column":6},"end":{"line":122,"column":7}},{"start":{},"end":{}}],"line":120},"11":{"loc":{"start":{"line":123,"column":11},"end":{"line":138,"column":5}},"type":"if","locations":[{"start":{"line":123,"column":11},"end":{"line":138,"column":5}},{"start":{"line":128,"column":11},"end":{"line":138,"column":5}}],"line":123},"12":{"loc":{"start":{"line":123,"column":15},"end":{"line":123,"column":42}},"type":"binary-expr","locations":[{"start":{"line":123,"column":15},"end":{"line":123,"column":31}},{"start":{"line":123,"column":35},"end":{"line":123,"column":42}}],"line":123},"13":{"loc":{"start":{"line":125,"column":6},"end":{"line":127,"column":7}},"type":"if","locations":[{"start":{"line":125,"column":6},"end":{"line":127,"column":7}},{"start":{},"end":{}}],"line":125},"14":{"loc":{"start":{"line":128,"column":11},"end":{"line":138,"column":5}},"type":"if","locations":[{"start":{"line":128,"column":11},"end":{"line":138,"column":5}},{"start":{"line":133,"column":11},"end":{"line":138,"column":5}}],"line":128},"15":{"loc":{"start":{"line":128,"column":15},"end":{"line":128,"column":60}},"type":"binary-expr","locations":[{"start":{"line":128,"column":15},"end":{"line":128,"column":30}},{"start":{"line":128,"column":34},"end":{"line":128,"column":60}}],"line":128},"16":{"loc":{"start":{"line":130,"column":6},"end":{"line":132,"column":7}},"type":"if","locations":[{"start":{"line":130,"column":6},"end":{"line":132,"column":7}},{"start":{},"end":{}}],"line":130},"17":{"loc":{"start":{"line":135,"column":6},"end":{"line":137,"column":7}},"type":"if","locations":[{"start":{"line":135,"column":6},"end":{"line":137,"column":7}},{"start":{},"end":{}}],"line":135},"18":{"loc":{"start":{"line":135,"column":10},"end":{"line":135,"column":42}},"type":"binary-expr","locations":[{"start":{"line":135,"column":10},"end":{"line":135,"column":21}},{"start":{"line":135,"column":25},"end":{"line":135,"column":42}}],"line":135},"19":{"loc":{"start":{"line":143,"column":7},"end":{"line":143,"column":70}},"type":"binary-expr","locations":[{"start":{"line":143,"column":7},"end":{"line":143,"column":28}},{"start":{"line":143,"column":32},"end":{"line":143,"column":70}}],"line":143}},"s":{"0":4,"1":4,"2":4,"3":16,"4":16,"5":16,"6":16,"7":16,"8":0,"9":16,"10":16,"11":16,"12":16,"13":0,"14":16,"15":16,"16":16,"17":16,"18":16,"19":16,"20":16,"21":16,"22":16,"23":16,"24":16,"25":15,"26":1,"27":1,"28":0,"29":1,"30":0,"31":1,"32":16,"33":16,"34":12,"35":16,"36":16,"37":1,"38":15,"39":15,"40":15,"41":15,"42":11,"43":11,"44":4,"45":2,"46":1,"47":2,"48":1,"49":1,"50":1,"51":1,"52":16},"f":{"0":16,"1":16,"2":16,"3":16,"4":0,"5":16,"6":16,"7":16,"8":16,"9":0,"10":0,"11":16,"12":16},"b":{"0":[0,16],"1":[16,0],"2":[0,16],"3":[15,1],"4":[16,2,2],"5":[12,4],"6":[16,14],"7":[1,15],"8":[11,4],"9":[15,13],"10":[11,0],"11":[2,2],"12":[4,2],"13":[1,1],"14":[1,1],"15":[2,2],"16":[1,0],"17":[1,0],"18":[1,0],"19":[16,2]},"_coverageSchema":"1a1c01bbd47fc00a2c39e90264f33305004495a9","hash":"f2b171b9384d210effcac790dfcfb3069d202a31"}
,"/Users/tm/work/AltMe/app/account-delete-confirm.tsx": {"path":"/Users/tm/work/AltMe/app/account-delete-confirm.tsx","statementMap":{"0":{"start":{"line":21,"column":17},"end":{"line":21,"column":28}},"1":{"start":{"line":22,"column":16},"end":{"line":22,"column":32}},"2":{"start":{"line":23,"column":24},"end":{"line":23,"column":60}},"3":{"start":{"line":23,"column":44},"end":{"line":23,"column":59}},"4":{"start":{"line":25,"column":22},"end":{"line":25,"column":60}},"5":{"start":{"line":27,"column":28},"end":{"line":27,"column":40}},"6":{"start":{"line":28,"column":38},"end":{"line":28,"column":53}},"7":{"start":{"line":29,"column":28},"end":{"line":29,"column":57}},"8":{"start":{"line":31,"column":22},"end":{"line":31,"column":43}},"9":{"start":{"line":33,"column":23},"end":{"line":46,"column":3}},"10":{"start":{"line":34,"column":4},"end":{"line":34,"column":43}},"11":{"start":{"line":34,"column":36},"end":{"line":34,"column":43}},"12":{"start":{"line":36,"column":4},"end":{"line":36,"column":24}},"13":{"start":{"line":37,"column":4},"end":{"line":37,"column":19}},"14":{"start":{"line":39,"column":4},"end":{"line":45,"column":5}},"15":{"start":{"line":40,"column":6},"end":{"line":40,"column":28}},"16":{"start":{"line":41,"column":6},"end":{"line":41,"column":38}},"17":{"start":{"line":43,"column":6},"end":{"line":43,"column":50}},"18":{"start":{"line":44,"column":6},"end":{"line":44,"column":27}},"19":{"start":{"line":48,"column":24},"end":{"line":53,"column":3}},"20":{"start":{"line":55,"column":2},"end":{"line":140,"column":4}},"21":{"start":{"line":59,"column":36},"end":{"line":59,"column":49}},"22":{"start":{"line":84,"column":14},"end":{"line":87,"column":21}},"23":{"start":{"line":132,"column":27},"end":{"line":132,"column":40}},"24":{"start":{"line":143,"column":15},"end":{"line":274,"column":2}}},"fnMap":{"0":{"name":"AccountDeleteConfirmScreen","decl":{"start":{"line":20,"column":24},"end":{"line":20,"column":50}},"loc":{"start":{"line":20,"column":53},"end":{"line":141,"column":1}},"line":20},"1":{"name":"(anonymous_1)","decl":{"start":{"line":23,"column":37},"end":{"line":23,"column":38}},"loc":{"start":{"line":23,"column":44},"end":{"line":23,"column":59}},"line":23},"2":{"name":"(anonymous_2)","decl":{"start":{"line":33,"column":23},"end":{"line":33,"column":24}},"loc":{"start":{"line":33,"column":35},"end":{"line":46,"column":3}},"line":33},"3":{"name":"(anonymous_3)","decl":{"start":{"line":59,"column":30},"end":{"line":59,"column":31}},"loc":{"start":{"line":59,"column":36},"end":{"line":59,"column":49}},"line":59},"4":{"name":"(anonymous_4)","decl":{"start":{"line":83,"column":31},"end":{"line":83,"column":32}},"loc":{"start":{"line":84,"column":14},"end":{"line":87,"column":21}},"line":84},"5":{"name":"(anonymous_5)","decl":{"start":{"line":132,"column":21},"end":{"line":132,"column":22}},"loc":{"start":{"line":132,"column":27},"end":{"line":132,"column":40}},"line":132}},"branchMap":{"0":{"loc":{"start":{"line":34,"column":4},"end":{"line":34,"column":43}},"type":"if","locations":[{"start":{"line":34,"column":4},"end":{"line":34,"column":43}},{"start":{},"end":{}}],"line":34},"1":{"loc":{"start":{"line":34,"column":8},"end":{"line":34,"column":34}},"type":"binary-expr","locations":[{"start":{"line":34,"column":8},"end":{"line":34,"column":20}},{"start":{"line":34,"column":24},"end":{"line":34,"column":34}}],"line":34},"2":{"loc":{"start":{"line":60,"column":56},"end":{"line":60,"column":102}},"type":"cond-expr","locations":[{"start":{"line":60,"column":69},"end":{"line":60,"column":88}},{"start":{"line":60,"column":91},"end":{"line":60,"column":102}}],"line":60},"3":{"loc":{"start":{"line":108,"column":11},"end":{"line":112,"column":18}},"type":"cond-expr","locations":[{"start":{"line":109,"column":12},"end":{"line":111,"column":19}},{"start":{"line":112,"column":14},"end":{"line":112,"column":18}}],"line":108},"4":{"loc":{"start":{"line":116,"column":41},"end":{"line":116,"column":84}},"type":"binary-expr","locations":[{"start":{"line":116,"column":41},"end":{"line":116,"column":53}},{"start":{"line":116,"column":57},"end":{"line":116,"column":84}}],"line":116},"5":{"loc":{"start":{"line":118,"column":22},"end":{"line":118,"column":48}},"type":"binary-expr","locations":[{"start":{"line":118,"column":22},"end":{"line":118,"column":34}},{"start":{"line":118,"column":38},"end":{"line":118,"column":48}}],"line":118},"6":{"loc":{"start":{"line":120,"column":13},"end":{"line":126,"column":13}},"type":"cond-expr","locations":[{"start":{"line":121,"column":14},"end":{"line":121,"column":51}},{"start":{"line":123,"column":14},"end":{"line":125,"column":21}}],"line":120}},"s":{"0":10,"1":10,"2":10,"3":10,"4":10,"5":10,"6":10,"7":10,"8":10,"9":10,"10":0,"11":0,"12":0,"13":0,"14":0,"15":0,"16":0,"17":0,"18":0,"19":10,"20":10,"21":0,"22":40,"23":0,"24":5},"f":{"0":10,"1":10,"2":0,"3":0,"4":40,"5":0},"b":{"0":[0,0],"1":[0,0],"2":[0,10],"3":[0,10],"4":[10,10],"5":[10,0],"6":[0,10]},"_coverageSchema":"1a1c01bbd47fc00a2c39e90264f33305004495a9","hash":"eb75cf5aae49895b1e1d01b74bc38983fd22aaed"}
,"/Users/tm/work/AltMe/app/community-create.tsx": {"path":"/Users/tm/work/AltMe/app/community-create.tsx","statementMap":{"0":{"start":{"line":27,"column":21},"end":{"line":27,"column":51}},"1":{"start":{"line":28,"column":31},"end":{"line":28,"column":45}},"2":{"start":{"line":29,"column":26},"end":{"line":29,"column":27}},"3":{"start":{"line":30,"column":28},"end":{"line":30,"column":87}},"4":{"start":{"line":35,"column":34},"end":{"line":35,"column":52}},"5":{"start":{"line":36,"column":34},"end":{"line":36,"column":87}},"6":{"start":{"line":39,"column":17},"end":{"line":39,"column":28}},"7":{"start":{"line":40,"column":16},"end":{"line":40,"column":32}},"8":{"start":{"line":41,"column":23},"end":{"line":41,"column":38}},"9":{"start":{"line":43,"column":40},"end":{"line":43,"column":52}},"10":{"start":{"line":44,"column":40},"end":{"line":44,"column":52}},"11":{"start":{"line":45,"column":50},"end":{"line":45,"column":78}},"12":{"start":{"line":46,"column":50},"end":{"line":46,"column":84}},"13":{"start":{"line":47,"column":52},"end":{"line":47,"column":87}},"14":{"start":{"line":48,"column":56},"end":{"line":48,"column":71}},"15":{"start":{"line":49,"column":36},"end":{"line":49,"column":51}},"16":{"start":{"line":51,"column":18},"end":{"line":51,"column":47}},"17":{"start":{"line":53,"column":23},"end":{"line":78,"column":3}},"18":{"start":{"line":54,"column":4},"end":{"line":54,"column":38}},"19":{"start":{"line":54,"column":31},"end":{"line":54,"column":38}},"20":{"start":{"line":56,"column":4},"end":{"line":56,"column":23}},"21":{"start":{"line":57,"column":4},"end":{"line":77,"column":5}},"22":{"start":{"line":58,"column":21},"end":{"line":64,"column":8}},"23":{"start":{"line":66,"column":6},"end":{"line":74,"column":7}},"24":{"start":{"line":67,"column":8},"end":{"line":67,"column":22}},"25":{"start":{"line":69,"column":8},"end":{"line":73,"column":10}},"26":{"start":{"line":76,"column":6},"end":{"line":76,"column":26}},"27":{"start":{"line":80,"column":18},"end":{"line":80,"column":61}},"28":{"start":{"line":82,"column":2},"end":{"line":232,"column":4}},"29":{"start":{"line":87,"column":36},"end":{"line":87,"column":49}},"30":{"start":{"line":99,"column":29},"end":{"line":99,"column":73}},"31":{"start":{"line":117,"column":40},"end":{"line":117,"column":44}},"32":{"start":{"line":122,"column":18},"end":{"line":135,"column":30}},"33":{"start":{"line":129,"column":35},"end":{"line":129,"column":61}},"34":{"start":{"line":175,"column":16},"end":{"line":191,"column":28}},"35":{"start":{"line":181,"column":33},"end":{"line":181,"column":58}},"36":{"start":{"line":201,"column":16},"end":{"line":217,"column":28}},"37":{"start":{"line":207,"column":33},"end":{"line":207,"column":91}},"38":{"start":{"line":235,"column":15},"end":{"line":369,"column":2}}},"fnMap":{"0":{"name":"CommunityCreateScreen","decl":{"start":{"line":38,"column":24},"end":{"line":38,"column":45}},"loc":{"start":{"line":38,"column":48},"end":{"line":233,"column":1}},"line":38},"1":{"name":"(anonymous_1)","decl":{"start":{"line":53,"column":23},"end":{"line":53,"column":24}},"loc":{"start":{"line":53,"column":35},"end":{"line":78,"column":3}},"line":53},"2":{"name":"(anonymous_2)","decl":{"start":{"line":87,"column":30},"end":{"line":87,"column":31}},"loc":{"start":{"line":87,"column":36},"end":{"line":87,"column":49}},"line":87},"3":{"name":"(anonymous_3)","decl":{"start":{"line":99,"column":23},"end":{"line":99,"column":24}},"loc":{"start":{"line":99,"column":29},"end":{"line":99,"column":73}},"line":99},"4":{"name":"(anonymous_4)","decl":{"start":{"line":117,"column":30},"end":{"line":117,"column":31}},"loc":{"start":{"line":117,"column":40},"end":{"line":117,"column":44}},"line":117},"5":{"name":"(anonymous_5)","decl":{"start":{"line":121,"column":28},"end":{"line":121,"column":29}},"loc":{"start":{"line":122,"column":18},"end":{"line":135,"column":30}},"line":122},"6":{"name":"(anonymous_6)","decl":{"start":{"line":129,"column":29},"end":{"line":129,"column":30}},"loc":{"start":{"line":129,"column":35},"end":{"line":129,"column":61}},"line":129},"7":{"name":"(anonymous_7)","decl":{"start":{"line":174,"column":29},"end":{"line":174,"column":30}},"loc":{"start":{"line":175,"column":16},"end":{"line":191,"column":28}},"line":175},"8":{"name":"(anonymous_8)","decl":{"start":{"line":181,"column":27},"end":{"line":181,"column":28}},"loc":{"start":{"line":181,"column":33},"end":{"line":181,"column":58}},"line":181},"9":{"name":"(anonymous_9)","decl":{"start":{"line":200,"column":30},"end":{"line":200,"column":31}},"loc":{"start":{"line":201,"column":16},"end":{"line":217,"column":28}},"line":201},"10":{"name":"(anonymous_10)","decl":{"start":{"line":207,"column":27},"end":{"line":207,"column":28}},"loc":{"start":{"line":207,"column":33},"end":{"line":207,"column":91}},"line":207}},"branchMap":{"0":{"loc":{"start":{"line":54,"column":4},"end":{"line":54,"column":38}},"type":"if","locations":[{"start":{"line":54,"column":4},"end":{"line":54,"column":38}},{"start":{},"end":{}}],"line":54},"1":{"loc":{"start":{"line":54,"column":8},"end":{"line":54,"column":29}},"type":"binary-expr","locations":[{"start":{"line":54,"column":8},"end":{"line":54,"column":16}},{"start":{"line":54,"column":20},"end":{"line":54,"column":29}}],"line":54},"2":{"loc":{"start":{"line":62,"column":18},"end":{"line":62,"column":45}},"type":"binary-expr","locations":[{"start":{"line":62,"column":18},"end":{"line":62,"column":34}},{"start":{"line":62,"column":38},"end":{"line":62,"column":45}}],"line":62},"3":{"loc":{"start":{"line":63,"column":22},"end":{"line":63,"column":52}},"type":"binary-expr","locations":[{"start":{"line":63,"column":22},"end":{"line":63,"column":39}},{"start":{"line":63,"column":43},"end":{"line":63,"column":52}}],"line":63},"4":{"loc":{"start":{"line":66,"column":6},"end":{"line":74,"column":7}},"type":"if","locations":[{"start":{"line":66,"column":6},"end":{"line":74,"column":7}},{"start":{"line":68,"column":13},"end":{"line":74,"column":7}}],"line":66},"5":{"loc":{"start":{"line":80,"column":18},"end":{"line":80,"column":61}},"type":"cond-expr","locations":[{"start":{"line":80,"column":42},"end":{"line":80,"column":46}},{"start":{"line":80,"column":49},"end":{"line":80,"column":61}}],"line":80},"6":{"loc":{"start":{"line":84,"column":45},"end":{"line":84,"column":88}},"type":"binary-expr","locations":[{"start":{"line":84,"column":45},"end":{"line":84,"column":66}},{"start":{"line":84,"column":70},"end":{"line":84,"column":88}}],"line":84},"7":{"loc":{"start":{"line":85,"column":43},"end":{"line":85,"column":77}},"type":"binary-expr","locations":[{"start":{"line":85,"column":43},"end":{"line":85,"column":52}},{"start":{"line":85,"column":56},"end":{"line":85,"column":77}}],"line":85},"8":{"loc":{"start":{"line":101,"column":15},"end":{"line":111,"column":15}},"type":"cond-expr","locations":[{"start":{"line":102,"column":16},"end":{"line":105,"column":18}},{"start":{"line":107,"column":16},"end":{"line":110,"column":19}}],"line":101},"9":{"loc":{"start":{"line":114,"column":13},"end":{"line":138,"column":20}},"type":"cond-expr","locations":[{"start":{"line":115,"column":14},"end":{"line":137,"column":16}},{"start":{"line":138,"column":16},"end":{"line":138,"column":20}}],"line":114},"10":{"loc":{"start":{"line":125,"column":22},"end":{"line":127,"column":60}},"type":"cond-expr","locations":[{"start":{"line":126,"column":26},"end":{"line":126,"column":58}},{"start":{"line":127,"column":26},"end":{"line":127,"column":60}}],"line":125},"11":{"loc":{"start":{"line":179,"column":20},"end":{"line":179,"column":68}},"type":"binary-expr","locations":[{"start":{"line":179,"column":20},"end":{"line":179,"column":45}},{"start":{"line":179,"column":49},"end":{"line":179,"column":68}}],"line":179},"12":{"loc":{"start":{"line":186,"column":22},"end":{"line":186,"column":74}},"type":"binary-expr","locations":[{"start":{"line":186,"column":22},"end":{"line":186,"column":47}},{"start":{"line":186,"column":51},"end":{"line":186,"column":74}}],"line":186},"13":{"loc":{"start":{"line":205,"column":20},"end":{"line":205,"column":67}},"type":"binary-expr","locations":[{"start":{"line":205,"column":20},"end":{"line":205,"column":44}},{"start":{"line":205,"column":48},"end":{"line":205,"column":67}}],"line":205},"14":{"loc":{"start":{"line":207,"column":53},"end":{"line":207,"column":90}},"type":"cond-expr","locations":[{"start":{"line":207,"column":80},"end":{"line":207,"column":84}},{"start":{"line":207,"column":87},"end":{"line":207,"column":90}}],"line":207},"15":{"loc":{"start":{"line":212,"column":22},"end":{"line":212,"column":73}},"type":"binary-expr","locations":[{"start":{"line":212,"column":22},"end":{"line":212,"column":46}},{"start":{"line":212,"column":50},"end":{"line":212,"column":73}}],"line":212},"16":{"loc":{"start":{"line":226,"column":22},"end":{"line":226,"column":43}},"type":"binary-expr","locations":[{"start":{"line":226,"column":22},"end":{"line":226,"column":30}},{"start":{"line":226,"column":34},"end":{"line":226,"column":43}}],"line":226}},"s":{"0":4,"1":4,"2":4,"3":4,"4":4,"5":4,"6":6,"7":6,"8":6,"9":6,"10":6,"11":6,"12":6,"13":6,"14":6,"15":6,"16":6,"17":6,"18":0,"19":0,"20":0,"21":0,"22":0,"23":0,"24":0,"25":0,"26":0,"27":6,"28":6,"29":0,"30":0,"31":0,"32":0,"33":0,"34":18,"35":0,"36":24,"37":0,"38":4},"f":{"0":6,"1":0,"2":0,"3":0,"4":0,"5":0,"6":0,"7":18,"8":0,"9":24,"10":0},"b":{"0":[0,0],"1":[0,0],"2":[0,0],"3":[0,0],"4":[0,0],"5":[4,2],"6":[6,2],"7":[6,3],"8":[0,6],"9":[0,6],"10":[0,0],"11":[18,6],"12":[18,6],"13":[24,0],"14":[0,0],"15":[24,0],"16":[6,0]},"_coverageSchema":"1a1c01bbd47fc00a2c39e90264f33305004495a9","hash":"6e818013ebe7e9e11a763992136474dd87151bea"}
,"/Users/tm/work/AltMe/app/mbti-select.tsx": {"path":"/Users/tm/work/AltMe/app/mbti-select.tsx","statementMap":{"0":{"start":{"line":10,"column":17},"end":{"line":10,"column":28}},"1":{"start":{"line":11,"column":16},"end":{"line":11,"column":32}},"2":{"start":{"line":12,"column":16},"end":{"line":12,"column":37}},"3":{"start":{"line":15,"column":2},"end":{"line":24,"column":22}},"4":{"start":{"line":16,"column":4},"end":{"line":16,"column":23}},"5":{"start":{"line":16,"column":16},"end":{"line":16,"column":23}},"6":{"start":{"line":17,"column":26},"end":{"line":21,"column":5}},"7":{"start":{"line":18,"column":6},"end":{"line":20,"column":7}},"8":{"start":{"line":19,"column":8},"end":{"line":19,"column":22}},"9":{"start":{"line":22,"column":4},"end":{"line":22,"column":56}},"10":{"start":{"line":23,"column":4},"end":{"line":23,"column":72}},"11":{"start":{"line":23,"column":17},"end":{"line":23,"column":71}},"12":{"start":{"line":26,"column":18},"end":{"line":26,"column":45}},"13":{"start":{"line":28,"column":2},"end":{"line":42,"column":4}},"14":{"start":{"line":32,"column":36},"end":{"line":32,"column":49}},"15":{"start":{"line":45,"column":15},"end":{"line":83,"column":2}}},"fnMap":{"0":{"name":"MbtiSelectModal","decl":{"start":{"line":9,"column":24},"end":{"line":9,"column":39}},"loc":{"start":{"line":9,"column":42},"end":{"line":43,"column":1}},"line":9},"1":{"name":"(anonymous_1)","decl":{"start":{"line":15,"column":12},"end":{"line":15,"column":13}},"loc":{"start":{"line":15,"column":18},"end":{"line":24,"column":3}},"line":15},"2":{"name":"(anonymous_2)","decl":{"start":{"line":17,"column":26},"end":{"line":17,"column":27}},"loc":{"start":{"line":17,"column":48},"end":{"line":21,"column":5}},"line":17},"3":{"name":"(anonymous_3)","decl":{"start":{"line":23,"column":11},"end":{"line":23,"column":12}},"loc":{"start":{"line":23,"column":17},"end":{"line":23,"column":71}},"line":23},"4":{"name":"(anonymous_4)","decl":{"start":{"line":32,"column":30},"end":{"line":32,"column":31}},"loc":{"start":{"line":32,"column":36},"end":{"line":32,"column":49}},"line":32}},"branchMap":{"0":{"loc":{"start":{"line":16,"column":4},"end":{"line":16,"column":23}},"type":"if","locations":[{"start":{"line":16,"column":4},"end":{"line":16,"column":23}},{"start":{},"end":{}}],"line":16},"1":{"loc":{"start":{"line":18,"column":6},"end":{"line":20,"column":7}},"type":"if","locations":[{"start":{"line":18,"column":6},"end":{"line":20,"column":7}},{"start":{},"end":{}}],"line":18},"2":{"loc":{"start":{"line":26,"column":18},"end":{"line":26,"column":45}},"type":"cond-expr","locations":[{"start":{"line":26,"column":26},"end":{"line":26,"column":30}},{"start":{"line":26,"column":33},"end":{"line":26,"column":45}}],"line":26},"3":{"loc":{"start":{"line":29,"column":43},"end":{"line":29,"column":71}},"type":"binary-expr","locations":[{"start":{"line":29,"column":43},"end":{"line":29,"column":49}},{"start":{"line":29,"column":53},"end":{"line":29,"column":71}}],"line":29},"4":{"loc":{"start":{"line":30,"column":34},"end":{"line":30,"column":58}},"type":"binary-expr","locations":[{"start":{"line":30,"column":34},"end":{"line":30,"column":39}},{"start":{"line":30,"column":43},"end":{"line":30,"column":58}}],"line":30}},"s":{"0":14,"1":14,"2":14,"3":14,"4":14,"5":2,"6":12,"7":2,"8":1,"9":12,"10":12,"11":12,"12":14,"13":14,"14":0,"15":5},"f":{"0":14,"1":14,"2":2,"3":12,"4":0},"b":{"0":[2,12],"1":[1,1],"2":[12,2],"3":[14,2],"4":[14,12]},"_coverageSchema":"1a1c01bbd47fc00a2c39e90264f33305004495a9","hash":"6aee9dd64fc557f4a4b35f72e368e6f8a4f9e076"}
,"/Users/tm/work/AltMe/app/notification-settings.tsx": {"path":"/Users/tm/work/AltMe/app/notification-settings.tsx","statementMap":{"0":{"start":{"line":39,"column":59},"end":{"line":45,"column":1}},"1":{"start":{"line":48,"column":17},"end":{"line":48,"column":28}},"2":{"start":{"line":49,"column":16},"end":{"line":49,"column":32}},"3":{"start":{"line":50,"column":15},"end":{"line":50,"column":37}},"4":{"start":{"line":50,"column":30},"end":{"line":50,"column":36}},"5":{"start":{"line":52,"column":34},"end":{"line":52,"column":77}},"6":{"start":{"line":53,"column":36},"end":{"line":53,"column":50}},"7":{"start":{"line":54,"column":48},"end":{"line":54,"column":62}},"8":{"start":{"line":55,"column":36},"end":{"line":55,"column":51}},"9":{"start":{"line":57,"column":23},"end":{"line":95,"column":16}},"10":{"start":{"line":58,"column":4},"end":{"line":58,"column":26}},"11":{"start":{"line":58,"column":19},"end":{"line":58,"column":26}},"12":{"start":{"line":60,"column":4},"end":{"line":60,"column":23}},"13":{"start":{"line":61,"column":4},"end":{"line":61,"column":24}},"14":{"start":{"line":63,"column":4},"end":{"line":94,"column":5}},"15":{"start":{"line":64,"column":50},"end":{"line":71,"column":8}},"16":{"start":{"line":73,"column":6},"end":{"line":73,"column":43}},"17":{"start":{"line":75,"column":6},"end":{"line":89,"column":7}},"18":{"start":{"line":77,"column":55},"end":{"line":81,"column":19}},"19":{"start":{"line":83,"column":8},"end":{"line":83,"column":43}},"20":{"start":{"line":83,"column":25},"end":{"line":83,"column":43}},"21":{"start":{"line":84,"column":8},"end":{"line":84,"column":54}},"22":{"start":{"line":85,"column":13},"end":{"line":89,"column":7}},"23":{"start":{"line":86,"column":8},"end":{"line":86,"column":20}},"24":{"start":{"line":88,"column":8},"end":{"line":88,"column":50}},"25":{"start":{"line":91,"column":6},"end":{"line":91,"column":25}},"26":{"start":{"line":93,"column":6},"end":{"line":93,"column":26}},"27":{"start":{"line":97,"column":2},"end":{"line":99,"column":21}},"28":{"start":{"line":98,"column":4},"end":{"line":98,"column":19}},"29":{"start":{"line":101,"column":23},"end":{"line":123,"column":3}},"30":{"start":{"line":103,"column":6},"end":{"line":103,"column":41}},"31":{"start":{"line":103,"column":34},"end":{"line":103,"column":41}},"32":{"start":{"line":106,"column":23},"end":{"line":106,"column":36}},"33":{"start":{"line":107,"column":6},"end":{"line":107,"column":71}},"34":{"start":{"line":107,"column":29},"end":{"line":107,"column":68}},"35":{"start":{"line":109,"column":6},"end":{"line":120,"column":7}},"36":{"start":{"line":110,"column":26},"end":{"line":113,"column":33}},"37":{"start":{"line":115,"column":8},"end":{"line":115,"column":31}},"38":{"start":{"line":115,"column":19},"end":{"line":115,"column":31}},"39":{"start":{"line":118,"column":8},"end":{"line":118,"column":76}},"40":{"start":{"line":118,"column":31},"end":{"line":118,"column":73}},"41":{"start":{"line":119,"column":8},"end":{"line":119,"column":80}},"42":{"start":{"line":125,"column":29},"end":{"line":129,"column":8}},"43":{"start":{"line":126,"column":4},"end":{"line":128,"column":5}},"44":{"start":{"line":127,"column":6},"end":{"line":127,"column":29}},"45":{"start":{"line":131,"column":2},"end":{"line":218,"column":4}},"46":{"start":{"line":137,"column":36},"end":{"line":137,"column":49}},"47":{"start":{"line":189,"column":40},"end":{"line":189,"column":73}},"48":{"start":{"line":196,"column":40},"end":{"line":196,"column":85}},"49":{"start":{"line":203,"column":40},"end":{"line":203,"column":78}},"50":{"start":{"line":210,"column":40},"end":{"line":210,"column":78}},"51":{"start":{"line":238,"column":2},"end":{"line":255,"column":4}},"52":{"start":{"line":258,"column":15},"end":{"line":387,"column":2}}},"fnMap":{"0":{"name":"NotificationSettingsModal","decl":{"start":{"line":47,"column":24},"end":{"line":47,"column":49}},"loc":{"start":{"line":47,"column":52},"end":{"line":219,"column":1}},"line":47},"1":{"name":"(anonymous_1)","decl":{"start":{"line":50,"column":23},"end":{"line":50,"column":24}},"loc":{"start":{"line":50,"column":30},"end":{"line":50,"column":36}},"line":50},"2":{"name":"(anonymous_2)","decl":{"start":{"line":57,"column":35},"end":{"line":57,"column":36}},"loc":{"start":{"line":57,"column":47},"end":{"line":95,"column":3}},"line":57},"3":{"name":"(anonymous_3)","decl":{"start":{"line":97,"column":12},"end":{"line":97,"column":13}},"loc":{"start":{"line":97,"column":18},"end":{"line":99,"column":3}},"line":97},"4":{"name":"(anonymous_4)","decl":{"start":{"line":102,"column":4},"end":{"line":102,"column":5}},"loc":{"start":{"line":102,"column":46},"end":{"line":121,"column":5}},"line":102},"5":{"name":"(anonymous_5)","decl":{"start":{"line":107,"column":18},"end":{"line":107,"column":19}},"loc":{"start":{"line":107,"column":29},"end":{"line":107,"column":68}},"line":107},"6":{"name":"(anonymous_6)","decl":{"start":{"line":118,"column":20},"end":{"line":118,"column":21}},"loc":{"start":{"line":118,"column":31},"end":{"line":118,"column":73}},"line":118},"7":{"name":"(anonymous_7)","decl":{"start":{"line":125,"column":41},"end":{"line":125,"column":42}},"loc":{"start":{"line":125,"column":47},"end":{"line":129,"column":3}},"line":125},"8":{"name":"(anonymous_8)","decl":{"start":{"line":137,"column":30},"end":{"line":137,"column":31}},"loc":{"start":{"line":137,"column":36},"end":{"line":137,"column":49}},"line":137},"9":{"name":"(anonymous_9)","decl":{"start":{"line":189,"column":31},"end":{"line":189,"column":32}},"loc":{"start":{"line":189,"column":40},"end":{"line":189,"column":73}},"line":189},"10":{"name":"(anonymous_10)","decl":{"start":{"line":196,"column":31},"end":{"line":196,"column":32}},"loc":{"start":{"line":196,"column":40},"end":{"line":196,"column":85}},"line":196},"11":{"name":"(anonymous_11)","decl":{"start":{"line":203,"column":31},"end":{"line":203,"column":32}},"loc":{"start":{"line":203,"column":40},"end":{"line":203,"column":78}},"line":203},"12":{"name":"(anonymous_12)","decl":{"start":{"line":210,"column":31},"end":{"line":210,"column":32}},"loc":{"start":{"line":210,"column":40},"end":{"line":210,"column":78}},"line":210},"13":{"name":"NotificationRow","decl":{"start":{"line":230,"column":9},"end":{"line":230,"column":24}},"loc":{"start":{"line":237,"column":25},"end":{"line":256,"column":1}},"line":237}},"branchMap":{"0":{"loc":{"start":{"line":58,"column":4},"end":{"line":58,"column":26}},"type":"if","locations":[{"start":{"line":58,"column":4},"end":{"line":58,"column":26}},{"start":{},"end":{}}],"line":58},"1":{"loc":{"start":{"line":75,"column":6},"end":{"line":89,"column":7}},"type":"if","locations":[{"start":{"line":75,"column":6},"end":{"line":89,"column":7}},{"start":{"line":85,"column":13},"end":{"line":89,"column":7}}],"line":75},"2":{"loc":{"start":{"line":75,"column":10},"end":{"line":75,"column":44}},"type":"binary-expr","locations":[{"start":{"line":75,"column":10},"end":{"line":75,"column":15}},{"start":{"line":75,"column":19},"end":{"line":75,"column":44}}],"line":75},"3":{"loc":{"start":{"line":83,"column":8},"end":{"line":83,"column":43}},"type":"if","locations":[{"start":{"line":83,"column":8},"end":{"line":83,"column":43}},{"start":{},"end":{}}],"line":83},"4":{"loc":{"start":{"line":85,"column":13},"end":{"line":89,"column":7}},"type":"if","locations":[{"start":{"line":85,"column":13},"end":{"line":89,"column":7}},{"start":{"line":87,"column":13},"end":{"line":89,"column":7}}],"line":85},"5":{"loc":{"start":{"line":103,"column":6},"end":{"line":103,"column":41}},"type":"if","locations":[{"start":{"line":103,"column":6},"end":{"line":103,"column":41}},{"start":{},"end":{}}],"line":103},"6":{"loc":{"start":{"line":103,"column":10},"end":{"line":103,"column":32}},"type":"binary-expr","locations":[{"start":{"line":103,"column":10},"end":{"line":103,"column":19}},{"start":{"line":103,"column":23},"end":{"line":103,"column":32}}],"line":103},"7":{"loc":{"start":{"line":107,"column":29},"end":{"line":107,"column":68}},"type":"cond-expr","locations":[{"start":{"line":107,"column":36},"end":{"line":107,"column":61}},{"start":{"line":107,"column":64},"end":{"line":107,"column":68}}],"line":107},"8":{"loc":{"start":{"line":115,"column":8},"end":{"line":115,"column":31}},"type":"if","locations":[{"start":{"line":115,"column":8},"end":{"line":115,"column":31}},{"start":{},"end":{}}],"line":115},"9":{"loc":{"start":{"line":118,"column":31},"end":{"line":118,"column":73}},"type":"cond-expr","locations":[{"start":{"line":118,"column":38},"end":{"line":118,"column":66}},{"start":{"line":118,"column":69},"end":{"line":118,"column":73}}],"line":118},"10":{"loc":{"start":{"line":126,"column":4},"end":{"line":128,"column":5}},"type":"if","locations":[{"start":{"line":126,"column":4},"end":{"line":128,"column":5}},{"start":{},"end":{}}],"line":126},"11":{"loc":{"start":{"line":148,"column":11},"end":{"line":155,"column":18}},"type":"cond-expr","locations":[{"start":{"line":149,"column":12},"end":{"line":154,"column":19}},{"start":{"line":155,"column":14},"end":{"line":155,"column":18}}],"line":148},"12":{"loc":{"start":{"line":158,"column":11},"end":{"line":168,"column":18}},"type":"cond-expr","locations":[{"start":{"line":159,"column":12},"end":{"line":167,"column":24}},{"start":{"line":168,"column":14},"end":{"line":168,"column":18}}],"line":158},"13":{"loc":{"start":{"line":158,"column":11},"end":{"line":158,"column":52}},"type":"binary-expr","locations":[{"start":{"line":158,"column":11},"end":{"line":158,"column":27}},{"start":{"line":158,"column":31},"end":{"line":158,"column":52}}],"line":158},"14":{"loc":{"start":{"line":171,"column":11},"end":{"line":214,"column":18}},"type":"cond-expr","locations":[{"start":{"line":172,"column":12},"end":{"line":174,"column":19}},{"start":{"line":175,"column":14},"end":{"line":214,"column":18}}],"line":171},"15":{"loc":{"start":{"line":175,"column":14},"end":{"line":214,"column":18}},"type":"cond-expr","locations":[{"start":{"line":176,"column":12},"end":{"line":181,"column":19}},{"start":{"line":182,"column":14},"end":{"line":214,"column":18}}],"line":175},"16":{"loc":{"start":{"line":182,"column":14},"end":{"line":214,"column":18}},"type":"cond-expr","locations":[{"start":{"line":183,"column":12},"end":{"line":213,"column":19}},{"start":{"line":214,"column":14},"end":{"line":214,"column":18}}],"line":182},"17":{"loc":{"start":{"line":236,"column":2},"end":{"line":236,"column":16}},"type":"default-arg","locations":[{"start":{"line":236,"column":11},"end":{"line":236,"column":16}}],"line":236},"18":{"loc":{"start":{"line":239,"column":30},"end":{"line":239,"column":60}},"type":"cond-expr","locations":[{"start":{"line":239,"column":39},"end":{"line":239,"column":53}},{"start":{"line":239,"column":56},"end":{"line":239,"column":60}}],"line":239}},"s":{"0":5,"1":10,"2":10,"3":10,"4":10,"5":10,"6":10,"7":10,"8":10,"9":10,"10":8,"11":5,"12":3,"13":3,"14":3,"15":3,"16":3,"17":3,"18":0,"19":0,"20":0,"21":0,"22":3,"23":0,"24":3,"25":0,"26":3,"27":10,"28":8,"29":10,"30":0,"31":0,"32":0,"33":0,"34":0,"35":0,"36":0,"37":0,"38":0,"39":0,"40":0,"41":0,"42":10,"43":0,"44":0,"45":10,"46":0,"47":0,"48":0,"49":0,"50":0,"51":0,"52":5},"f":{"0":10,"1":10,"2":8,"3":8,"4":0,"5":0,"6":0,"7":0,"8":0,"9":0,"10":0,"11":0,"12":0,"13":0},"b":{"0":[5,3],"1":[0,3],"2":[3,0],"3":[0,0],"4":[0,3],"5":[0,0],"6":[0,0],"7":[0,0],"8":[0,0],"9":[0,0],"10":[0,0],"11":[8,2],"12":[0,10],"13":[10,0],"14":[8,2],"15":[0,2],"16":[0,2],"17":[0],"18":[0,0]},"_coverageSchema":"1a1c01bbd47fc00a2c39e90264f33305004495a9","hash":"e39f56c312addc6db98ee425215fc6a9e61dd3b1"}
,"/Users/tm/work/AltMe/app/subscription-manage.tsx": {"path":"/Users/tm/work/AltMe/app/subscription-manage.tsx","statementMap":{"0":{"start":{"line":33,"column":17},"end":{"line":33,"column":28}},"1":{"start":{"line":34,"column":16},"end":{"line":34,"column":32}},"2":{"start":{"line":35,"column":26},"end":{"line":35,"column":43}},"3":{"start":{"line":36,"column":15},"end":{"line":36,"column":37}},"4":{"start":{"line":36,"column":30},"end":{"line":36,"column":36}},"5":{"start":{"line":37,"column":28},"end":{"line":37,"column":61}},"6":{"start":{"line":38,"column":36},"end":{"line":38,"column":50}},"7":{"start":{"line":39,"column":44},"end":{"line":39,"column":59}},"8":{"start":{"line":41,"column":2},"end":{"line":78,"column":34}},"9":{"start":{"line":42,"column":22},"end":{"line":76,"column":5}},"10":{"start":{"line":43,"column":6},"end":{"line":43,"column":28}},"11":{"start":{"line":43,"column":21},"end":{"line":43,"column":28}},"12":{"start":{"line":44,"column":6},"end":{"line":75,"column":7}},"13":{"start":{"line":45,"column":53},"end":{"line":58,"column":10}},"14":{"start":{"line":61,"column":26},"end":{"line":61,"column":50}},"15":{"start":{"line":62,"column":20},"end":{"line":62,"column":30}},"16":{"start":{"line":63,"column":27},"end":{"line":63,"column":112}},"17":{"start":{"line":65,"column":8},"end":{"line":70,"column":11}},"18":{"start":{"line":72,"column":8},"end":{"line":72,"column":60}},"19":{"start":{"line":74,"column":8},"end":{"line":74,"column":28}},"20":{"start":{"line":77,"column":4},"end":{"line":77,"column":16}},"21":{"start":{"line":80,"column":35},"end":{"line":99,"column":3}},"22":{"start":{"line":81,"column":4},"end":{"line":85,"column":5}},"23":{"start":{"line":83,"column":6},"end":{"line":83,"column":33}},"24":{"start":{"line":84,"column":6},"end":{"line":84,"column":13}},"25":{"start":{"line":86,"column":21},"end":{"line":86,"column":48}},"26":{"start":{"line":87,"column":4},"end":{"line":98,"column":6}},"27":{"start":{"line":101,"column":35},"end":{"line":127,"column":3}},"28":{"start":{"line":102,"column":4},"end":{"line":126,"column":5}},"29":{"start":{"line":103,"column":6},"end":{"line":121,"column":7}},"30":{"start":{"line":104,"column":8},"end":{"line":104,"column":31}},"31":{"start":{"line":105,"column":8},"end":{"line":105,"column":33}},"32":{"start":{"line":107,"column":24},"end":{"line":107,"column":88}},"33":{"start":{"line":108,"column":8},"end":{"line":118,"column":9}},"34":{"start":{"line":109,"column":10},"end":{"line":112,"column":12}},"35":{"start":{"line":114,"column":10},"end":{"line":117,"column":12}},"36":{"start":{"line":120,"column":8},"end":{"line":120,"column":32}},"37":{"start":{"line":122,"column":11},"end":{"line":126,"column":5}},"38":{"start":{"line":123,"column":6},"end":{"line":123,"column":70}},"39":{"start":{"line":125,"column":6},"end":{"line":125,"column":77}},"40":{"start":{"line":129,"column":20},"end":{"line":136,"column":6}},"41":{"start":{"line":130,"column":4},"end":{"line":135,"column":5}},"42":{"start":{"line":131,"column":22},"end":{"line":131,"column":66}},"43":{"start":{"line":132,"column":21},"end":{"line":132,"column":64}},"44":{"start":{"line":133,"column":27},"end":{"line":133,"column":75}},"45":{"start":{"line":134,"column":15},"end":{"line":134,"column":55}},"46":{"start":{"line":138,"column":22},"end":{"line":147,"column":6}},"47":{"start":{"line":139,"column":4},"end":{"line":146,"column":5}},"48":{"start":{"line":140,"column":21},"end":{"line":140,"column":66}},"49":{"start":{"line":141,"column":20},"end":{"line":141,"column":111}},"50":{"start":{"line":142,"column":24},"end":{"line":142,"column":72}},"51":{"start":{"line":143,"column":27},"end":{"line":143,"column":77}},"52":{"start":{"line":144,"column":22},"end":{"line":144,"column":68}},"53":{"start":{"line":145,"column":15},"end":{"line":145,"column":58}},"54":{"start":{"line":149,"column":2},"end":{"line":272,"column":4}},"55":{"start":{"line":153,"column":36},"end":{"line":153,"column":49}},"56":{"start":{"line":265,"column":29},"end":{"line":265,"column":54}},"57":{"start":{"line":280,"column":2},"end":{"line":286,"column":4}},"58":{"start":{"line":289,"column":15},"end":{"line":474,"column":2}}},"fnMap":{"0":{"name":"SubscriptionManageScreen","decl":{"start":{"line":32,"column":24},"end":{"line":32,"column":48}},"loc":{"start":{"line":32,"column":51},"end":{"line":273,"column":1}},"line":32},"1":{"name":"(anonymous_1)","decl":{"start":{"line":36,"column":23},"end":{"line":36,"column":24}},"loc":{"start":{"line":36,"column":30},"end":{"line":36,"column":36}},"line":36},"2":{"name":"(anonymous_2)","decl":{"start":{"line":41,"column":12},"end":{"line":41,"column":13}},"loc":{"start":{"line":41,"column":18},"end":{"line":78,"column":3}},"line":41},"3":{"name":"(anonymous_3)","decl":{"start":{"line":42,"column":22},"end":{"line":42,"column":23}},"loc":{"start":{"line":42,"column":34},"end":{"line":76,"column":5}},"line":42},"4":{"name":"(anonymous_4)","decl":{"start":{"line":80,"column":35},"end":{"line":80,"column":36}},"loc":{"start":{"line":80,"column":41},"end":{"line":99,"column":3}},"line":80},"5":{"name":"(anonymous_5)","decl":{"start":{"line":101,"column":35},"end":{"line":101,"column":36}},"loc":{"start":{"line":101,"column":47},"end":{"line":127,"column":3}},"line":101},"6":{"name":"(anonymous_6)","decl":{"start":{"line":129,"column":21},"end":{"line":129,"column":22}},"loc":{"start":{"line":129,"column":27},"end":{"line":136,"column":3}},"line":129},"7":{"name":"(anonymous_7)","decl":{"start":{"line":138,"column":23},"end":{"line":138,"column":24}},"loc":{"start":{"line":138,"column":29},"end":{"line":147,"column":3}},"line":138},"8":{"name":"(anonymous_8)","decl":{"start":{"line":153,"column":30},"end":{"line":153,"column":31}},"loc":{"start":{"line":153,"column":36},"end":{"line":153,"column":49}},"line":153},"9":{"name":"(anonymous_9)","decl":{"start":{"line":265,"column":23},"end":{"line":265,"column":24}},"loc":{"start":{"line":265,"column":29},"end":{"line":265,"column":54}},"line":265},"10":{"name":"StatCard","decl":{"start":{"line":275,"column":9},"end":{"line":275,"column":17}},"loc":{"start":{"line":279,"column":3},"end":{"line":287,"column":1}},"line":279}},"branchMap":{"0":{"loc":{"start":{"line":43,"column":6},"end":{"line":43,"column":28}},"type":"if","locations":[{"start":{"line":43,"column":6},"end":{"line":43,"column":28}},{"start":{},"end":{}}],"line":43},"1":{"loc":{"start":{"line":66,"column":25},"end":{"line":66,"column":47}},"type":"binary-expr","locations":[{"start":{"line":66,"column":25},"end":{"line":66,"column":42}},{"start":{"line":66,"column":46},"end":{"line":66,"column":47}}],"line":66},"2":{"loc":{"start":{"line":67,"column":25},"end":{"line":67,"column":47}},"type":"binary-expr","locations":[{"start":{"line":67,"column":25},"end":{"line":67,"column":42}},{"start":{"line":67,"column":46},"end":{"line":67,"column":47}}],"line":67},"3":{"loc":{"start":{"line":68,"column":22},"end":{"line":68,"column":41}},"type":"binary-expr","locations":[{"start":{"line":68,"column":22},"end":{"line":68,"column":36}},{"start":{"line":68,"column":40},"end":{"line":68,"column":41}}],"line":68},"4":{"loc":{"start":{"line":81,"column":4},"end":{"line":85,"column":5}},"type":"if","locations":[{"start":{"line":81,"column":4},"end":{"line":85,"column":5}},{"start":{},"end":{}}],"line":81},"5":{"loc":{"start":{"line":86,"column":21},"end":{"line":86,"column":48}},"type":"binary-expr","locations":[{"start":{"line":86,"column":21},"end":{"line":86,"column":35}},{"start":{"line":86,"column":39},"end":{"line":86,"column":48}}],"line":86},"6":{"loc":{"start":{"line":89,"column":70},"end":{"line":89,"column":92}},"type":"binary-expr","locations":[{"start":{"line":89,"column":70},"end":{"line":89,"column":87}},{"start":{"line":89,"column":91},"end":{"line":89,"column":92}}],"line":89},"7":{"loc":{"start":{"line":102,"column":4},"end":{"line":126,"column":5}},"type":"if","locations":[{"start":{"line":102,"column":4},"end":{"line":126,"column":5}},{"start":{"line":122,"column":11},"end":{"line":126,"column":5}}],"line":102},"8":{"loc":{"start":{"line":107,"column":24},"end":{"line":107,"column":88}},"type":"cond-expr","locations":[{"start":{"line":107,"column":49},"end":{"line":107,"column":62}},{"start":{"line":107,"column":65},"end":{"line":107,"column":88}}],"line":107},"9":{"loc":{"start":{"line":108,"column":8},"end":{"line":118,"column":9}},"type":"if","locations":[{"start":{"line":108,"column":8},"end":{"line":118,"column":9}},{"start":{"line":113,"column":15},"end":{"line":118,"column":9}}],"line":108},"10":{"loc":{"start":{"line":122,"column":11},"end":{"line":126,"column":5}},"type":"if","locations":[{"start":{"line":122,"column":11},"end":{"line":126,"column":5}},{"start":{"line":124,"column":11},"end":{"line":126,"column":5}}],"line":122},"11":{"loc":{"start":{"line":130,"column":4},"end":{"line":135,"column":5}},"type":"switch","locations":[{"start":{"line":131,"column":6},"end":{"line":131,"column":66}},{"start":{"line":132,"column":6},"end":{"line":132,"column":64}},{"start":{"line":133,"column":6},"end":{"line":133,"column":75}},{"start":{"line":134,"column":6},"end":{"line":134,"column":55}}],"line":130},"12":{"loc":{"start":{"line":139,"column":4},"end":{"line":146,"column":5}},"type":"switch","locations":[{"start":{"line":140,"column":6},"end":{"line":140,"column":66}},{"start":{"line":141,"column":6},"end":{"line":141,"column":111}},{"start":{"line":142,"column":6},"end":{"line":142,"column":72}},{"start":{"line":143,"column":6},"end":{"line":143,"column":77}},{"start":{"line":144,"column":6},"end":{"line":144,"column":68}},{"start":{"line":145,"column":6},"end":{"line":145,"column":58}}],"line":139},"13":{"loc":{"start":{"line":141,"column":72},"end":{"line":141,"column":107}},"type":"binary-expr","locations":[{"start":{"line":141,"column":72},"end":{"line":141,"column":102}},{"start":{"line":141,"column":106},"end":{"line":141,"column":107}}],"line":141},"14":{"loc":{"start":{"line":174,"column":17},"end":{"line":178,"column":24}},"type":"cond-expr","locations":[{"start":{"line":175,"column":18},"end":{"line":177,"column":25}},{"start":{"line":178,"column":20},"end":{"line":178,"column":24}}],"line":174},"15":{"loc":{"start":{"line":180,"column":15},"end":{"line":184,"column":22}},"type":"cond-expr","locations":[{"start":{"line":181,"column":16},"end":{"line":183,"column":23}},{"start":{"line":184,"column":18},"end":{"line":184,"column":22}}],"line":180},"16":{"loc":{"start":{"line":189,"column":11},"end":{"line":206,"column":18}},"type":"cond-expr","locations":[{"start":{"line":190,"column":12},"end":{"line":190,"column":91}},{"start":{"line":191,"column":14},"end":{"line":206,"column":18}}],"line":189},"17":{"loc":{"start":{"line":191,"column":14},"end":{"line":206,"column":18}},"type":"cond-expr","locations":[{"start":{"line":192,"column":12},"end":{"line":205,"column":19}},{"start":{"line":206,"column":14},"end":{"line":206,"column":18}}],"line":191},"18":{"loc":{"start":{"line":200,"column":15},"end":{"line":204,"column":22}},"type":"cond-expr","locations":[{"start":{"line":201,"column":16},"end":{"line":203,"column":23}},{"start":{"line":204,"column":18},"end":{"line":204,"column":22}}],"line":200},"19":{"loc":{"start":{"line":202,"column":69},"end":{"line":202,"column":96}},"type":"binary-expr","locations":[{"start":{"line":202,"column":69},"end":{"line":202,"column":83}},{"start":{"line":202,"column":87},"end":{"line":202,"column":96}}],"line":202},"20":{"loc":{"start":{"line":216,"column":15},"end":{"line":220,"column":15}},"type":"cond-expr","locations":[{"start":{"line":217,"column":16},"end":{"line":217,"column":66}},{"start":{"line":219,"column":16},"end":{"line":219,"column":67}}],"line":216},"21":{"loc":{"start":{"line":222,"column":17},"end":{"line":224,"column":55}},"type":"cond-expr","locations":[{"start":{"line":223,"column":20},"end":{"line":223,"column":59}},{"start":{"line":224,"column":20},"end":{"line":224,"column":55}}],"line":222},"22":{"loc":{"start":{"line":239,"column":13},"end":{"line":248,"column":20}},"type":"cond-expr","locations":[{"start":{"line":240,"column":14},"end":{"line":247,"column":17}},{"start":{"line":248,"column":16},"end":{"line":248,"column":20}}],"line":239},"23":{"loc":{"start":{"line":239,"column":13},"end":{"line":239,"column":68}},"type":"binary-expr","locations":[{"start":{"line":239,"column":13},"end":{"line":239,"column":30}},{"start":{"line":239,"column":34},"end":{"line":239,"column":68}}],"line":239},"24":{"loc":{"start":{"line":251,"column":11},"end":{"line":260,"column":18}},"type":"cond-expr","locations":[{"start":{"line":252,"column":12},"end":{"line":259,"column":19}},{"start":{"line":260,"column":14},"end":{"line":260,"column":18}}],"line":251},"25":{"loc":{"start":{"line":262,"column":11},"end":{"line":268,"column":18}},"type":"cond-expr","locations":[{"start":{"line":263,"column":12},"end":{"line":267,"column":24}},{"start":{"line":268,"column":14},"end":{"line":268,"column":18}}],"line":262}},"s":{"0":22,"1":22,"2":22,"3":22,"4":22,"5":22,"6":22,"7":22,"8":22,"9":14,"10":14,"11":6,"12":8,"13":8,"14":8,"15":8,"16":8,"17":8,"18":0,"19":8,"20":14,"21":22,"22":0,"23":0,"24":0,"25":0,"26":0,"27":22,"28":6,"29":6,"30":6,"31":6,"32":3,"33":3,"34":2,"35":1,"36":6,"37":0,"38":0,"39":0,"40":22,"41":22,"42":16,"43":0,"44":0,"45":6,"46":22,"47":22,"48":16,"49":0,"50":0,"51":0,"52":0,"53":6,"54":22,"55":0,"56":0,"57":32,"58":6},"f":{"0":22,"1":22,"2":14,"3":14,"4":0,"5":6,"6":22,"7":22,"8":0,"9":0,"10":32},"b":{"0":[6,8],"1":[8,0],"2":[8,0],"3":[8,0],"4":[0,0],"5":[0,0],"6":[0,0],"7":[6,0],"8":[3,0],"9":[2,1],"10":[0,0],"11":[16,0,0,6],"12":[16,0,0,0,0,6],"13":[0,0],"14":[16,6],"15":[16,6],"16":[14,8],"17":[8,0],"18":[8,0],"19":[8,0],"20":[0,22],"21":[20,2],"22":[16,6],"23":[22,16],"24":[0,22],"25":[6,16]},"_coverageSchema":"1a1c01bbd47fc00a2c39e90264f33305004495a9","hash":"c984847ae1486cd1616ee538941e70518435f694"}
,"/Users/tm/work/AltMe/app/token-purchase.tsx": {"path":"/Users/tm/work/AltMe/app/token-purchase.tsx","statementMap":{"0":{"start":{"line":23,"column":86},"end":{"line":27,"column":1}},"1":{"start":{"line":30,"column":17},"end":{"line":30,"column":28}},"2":{"start":{"line":31,"column":16},"end":{"line":31,"column":32}},"3":{"start":{"line":32,"column":46},"end":{"line":32,"column":76}},"4":{"start":{"line":34,"column":25},"end":{"line":57,"column":3}},"5":{"start":{"line":35,"column":4},"end":{"line":56,"column":5}},"6":{"start":{"line":36,"column":6},"end":{"line":49,"column":7}},"7":{"start":{"line":37,"column":8},"end":{"line":37,"column":35}},"8":{"start":{"line":40,"column":24},"end":{"line":40,"column":57}},"9":{"start":{"line":41,"column":8},"end":{"line":41,"column":42}},"10":{"start":{"line":43,"column":8},"end":{"line":46,"column":10}},"11":{"start":{"line":48,"column":8},"end":{"line":48,"column":32}},"12":{"start":{"line":52,"column":6},"end":{"line":55,"column":8}},"13":{"start":{"line":59,"column":2},"end":{"line":108,"column":4}},"14":{"start":{"line":62,"column":34},"end":{"line":62,"column":47}},"15":{"start":{"line":74,"column":25},"end":{"line":74,"column":42}},"16":{"start":{"line":75,"column":33},"end":{"line":75,"column":55}},"17":{"start":{"line":76,"column":12},"end":{"line":97,"column":14}},"18":{"start":{"line":80,"column":31},"end":{"line":80,"column":50}},"19":{"start":{"line":111,"column":15},"end":{"line":172,"column":2}}},"fnMap":{"0":{"name":"TokenPurchaseModal","decl":{"start":{"line":29,"column":24},"end":{"line":29,"column":42}},"loc":{"start":{"line":29,"column":45},"end":{"line":109,"column":1}},"line":29},"1":{"name":"(anonymous_1)","decl":{"start":{"line":34,"column":25},"end":{"line":34,"column":26}},"loc":{"start":{"line":34,"column":53},"end":{"line":57,"column":3}},"line":34},"2":{"name":"(anonymous_2)","decl":{"start":{"line":62,"column":28},"end":{"line":62,"column":29}},"loc":{"start":{"line":62,"column":34},"end":{"line":62,"column":47}},"line":62},"3":{"name":"(anonymous_3)","decl":{"start":{"line":73,"column":21},"end":{"line":73,"column":22}},"loc":{"start":{"line":73,"column":40},"end":{"line":98,"column":11}},"line":73},"4":{"name":"(anonymous_4)","decl":{"start":{"line":80,"column":25},"end":{"line":80,"column":26}},"loc":{"start":{"line":80,"column":31},"end":{"line":80,"column":50}},"line":80}},"branchMap":{"0":{"loc":{"start":{"line":35,"column":4},"end":{"line":56,"column":5}},"type":"if","locations":[{"start":{"line":35,"column":4},"end":{"line":56,"column":5}},{"start":{"line":50,"column":11},"end":{"line":56,"column":5}}],"line":35},"1":{"loc":{"start":{"line":79,"column":41},"end":{"line":79,"column":80}},"type":"binary-expr","locations":[{"start":{"line":79,"column":41},"end":{"line":79,"column":53}},{"start":{"line":79,"column":57},"end":{"line":79,"column":80}}],"line":79},"2":{"loc":{"start":{"line":89,"column":19},"end":{"line":91,"column":55}},"type":"cond-expr","locations":[{"start":{"line":90,"column":22},"end":{"line":90,"column":55}},{"start":{"line":91,"column":22},"end":{"line":91,"column":55}}],"line":89},"3":{"loc":{"start":{"line":93,"column":17},"end":{"line":95,"column":24}},"type":"cond-expr","locations":[{"start":{"line":94,"column":18},"end":{"line":94,"column":94}},{"start":{"line":95,"column":20},"end":{"line":95,"column":24}}],"line":93},"4":{"loc":{"start":{"line":101,"column":9},"end":{"line":105,"column":16}},"type":"cond-expr","locations":[{"start":{"line":102,"column":10},"end":{"line":104,"column":17}},{"start":{"line":105,"column":12},"end":{"line":105,"column":16}}],"line":101}},"s":{"0":6,"1":26,"2":26,"3":26,"4":26,"5":7,"6":7,"7":7,"8":7,"9":7,"10":2,"11":7,"12":0,"13":26,"14":1,"15":78,"16":78,"17":78,"18":7,"19":6},"f":{"0":26,"1":7,"2":1,"3":78,"4":7},"b":{"0":[7,0],"1":[78,1],"2":[72,6],"3":[1,77],"4":[24,2]},"_coverageSchema":"1a1c01bbd47fc00a2c39e90264f33305004495a9","hash":"0f431020fa569f93105eef889c49d6d55cc64b07"}
,"/Users/tm/work/AltMe/app/twin-conversation-detail.tsx": {"path":"/Users/tm/work/AltMe/app/twin-conversation-detail.tsx","statementMap":{"0":{"start":{"line":12,"column":17},"end":{"line":12,"column":28}},"1":{"start":{"line":13,"column":16},"end":{"line":13,"column":32}},"2":{"start":{"line":16,"column":23},"end":{"line":21,"column":3}},"3":{"start":{"line":23,"column":2},"end":{"line":74,"column":4}},"4":{"start":{"line":28,"column":36},"end":{"line":28,"column":49}},"5":{"start":{"line":51,"column":12},"end":{"line":69,"column":19}},"6":{"start":{"line":77,"column":15},"end":{"line":187,"column":2}}},"fnMap":{"0":{"name":"TwinConversationDetailModal","decl":{"start":{"line":11,"column":24},"end":{"line":11,"column":51}},"loc":{"start":{"line":11,"column":54},"end":{"line":75,"column":1}},"line":11},"1":{"name":"(anonymous_1)","decl":{"start":{"line":28,"column":30},"end":{"line":28,"column":31}},"loc":{"start":{"line":28,"column":36},"end":{"line":28,"column":49}},"line":28},"2":{"name":"(anonymous_2)","decl":{"start":{"line":50,"column":28},"end":{"line":50,"column":29}},"loc":{"start":{"line":51,"column":12},"end":{"line":69,"column":19}},"line":51}},"branchMap":{"0":{"loc":{"start":{"line":53,"column":41},"end":{"line":53,"column":100}},"type":"cond-expr","locations":[{"start":{"line":53,"column":54},"end":{"line":53,"column":75}},{"start":{"line":53,"column":78},"end":{"line":53,"column":100}}],"line":53},"1":{"loc":{"start":{"line":55,"column":15},"end":{"line":59,"column":15}},"type":"binary-expr","locations":[{"start":{"line":55,"column":15},"end":{"line":55,"column":25}},{"start":{"line":56,"column":16},"end":{"line":58,"column":23}}],"line":55},"2":{"loc":{"start":{"line":60,"column":43},"end":{"line":60,"column":93}},"type":"cond-expr","locations":[{"start":{"line":60,"column":56},"end":{"line":60,"column":73}},{"start":{"line":60,"column":76},"end":{"line":60,"column":93}}],"line":60},"3":{"loc":{"start":{"line":61,"column":29},"end":{"line":61,"column":83}},"type":"cond-expr","locations":[{"start":{"line":61,"column":42},"end":{"line":61,"column":61}},{"start":{"line":61,"column":64},"end":{"line":61,"column":83}}],"line":61},"4":{"loc":{"start":{"line":64,"column":15},"end":{"line":68,"column":15}},"type":"binary-expr","locations":[{"start":{"line":64,"column":15},"end":{"line":64,"column":26}},{"start":{"line":65,"column":16},"end":{"line":67,"column":23}}],"line":64}},"s":{"0":8,"1":8,"2":8,"3":8,"4":0,"5":32,"6":4},"f":{"0":8,"1":0,"2":32},"b":{"0":[16,16],"1":[32,16],"2":[16,16],"3":[16,16],"4":[32,16]},"_coverageSchema":"1a1c01bbd47fc00a2c39e90264f33305004495a9","hash":"5b397541dac2d171154bc11ac36b0c5158e027ec"}
,"/Users/tm/work/AltMe/app/(auth)/_layout.tsx": {"path":"/Users/tm/work/AltMe/app/(auth)/_layout.tsx","statementMap":{"0":{"start":{"line":4,"column":2},"end":{"line":6,"column":4}}},"fnMap":{"0":{"name":"AuthLayout","decl":{"start":{"line":3,"column":24},"end":{"line":3,"column":34}},"loc":{"start":{"line":3,"column":37},"end":{"line":7,"column":1}},"line":3}},"branchMap":{},"s":{"0":3},"f":{"0":3},"b":{},"_coverageSchema":"1a1c01bbd47fc00a2c39e90264f33305004495a9","hash":"eb006eb92f697f9acd0c6f699184133c092761ec"}
,"/Users/tm/work/AltMe/app/(auth)/login.tsx": {"path":"/Users/tm/work/AltMe/app/(auth)/login.tsx","statementMap":{"0":{"start":{"line":17,"column":74},"end":{"line":17,"column":88}},"1":{"start":{"line":18,"column":16},"end":{"line":18,"column":32}},"2":{"start":{"line":19,"column":17},"end":{"line":19,"column":28}},"3":{"start":{"line":20,"column":40},"end":{"line":20,"column":69}},"4":{"start":{"line":21,"column":40},"end":{"line":21,"column":81}},"5":{"start":{"line":23,"column":28},"end":{"line":32,"column":3}},"6":{"start":{"line":24,"column":4},"end":{"line":31,"column":5}},"7":{"start":{"line":25,"column":6},"end":{"line":25,"column":30}},"8":{"start":{"line":26,"column":6},"end":{"line":26,"column":30}},"9":{"start":{"line":28,"column":6},"end":{"line":28,"column":62}},"10":{"start":{"line":30,"column":6},"end":{"line":30,"column":27}},"11":{"start":{"line":34,"column":29},"end":{"line":43,"column":3}},"12":{"start":{"line":35,"column":4},"end":{"line":42,"column":5}},"13":{"start":{"line":36,"column":6},"end":{"line":36,"column":31}},"14":{"start":{"line":37,"column":6},"end":{"line":37,"column":31}},"15":{"start":{"line":39,"column":6},"end":{"line":39,"column":62}},"16":{"start":{"line":41,"column":6},"end":{"line":41,"column":27}},"17":{"start":{"line":45,"column":26},"end":{"line":47,"column":3}},"18":{"start":{"line":46,"column":4},"end":{"line":46,"column":28}},"19":{"start":{"line":49,"column":28},"end":{"line":51,"column":3}},"20":{"start":{"line":50,"column":4},"end":{"line":50,"column":30}},"21":{"start":{"line":53,"column":26},"end":{"line":56,"column":3}},"22":{"start":{"line":54,"column":4},"end":{"line":54,"column":21}},"23":{"start":{"line":55,"column":4},"end":{"line":55,"column":30}},"24":{"start":{"line":58,"column":2},"end":{"line":210,"column":4}},"25":{"start":{"line":135,"column":42},"end":{"line":138,"column":19}},"26":{"start":{"line":156,"column":40},"end":{"line":159,"column":17}},"27":{"start":{"line":194,"column":33},"end":{"line":194,"column":48}},"28":{"start":{"line":200,"column":33},"end":{"line":200,"column":47}},"29":{"start":{"line":213,"column":15},"end":{"line":395,"column":2}}},"fnMap":{"0":{"name":"LoginScreen","decl":{"start":{"line":16,"column":24},"end":{"line":16,"column":35}},"loc":{"start":{"line":16,"column":38},"end":{"line":211,"column":1}},"line":16},"1":{"name":"(anonymous_1)","decl":{"start":{"line":23,"column":28},"end":{"line":23,"column":29}},"loc":{"start":{"line":23,"column":40},"end":{"line":32,"column":3}},"line":23},"2":{"name":"(anonymous_2)","decl":{"start":{"line":34,"column":29},"end":{"line":34,"column":30}},"loc":{"start":{"line":34,"column":41},"end":{"line":43,"column":3}},"line":34},"3":{"name":"(anonymous_3)","decl":{"start":{"line":45,"column":26},"end":{"line":45,"column":27}},"loc":{"start":{"line":45,"column":32},"end":{"line":47,"column":3}},"line":45},"4":{"name":"(anonymous_4)","decl":{"start":{"line":49,"column":28},"end":{"line":49,"column":29}},"loc":{"start":{"line":49,"column":34},"end":{"line":51,"column":3}},"line":49},"5":{"name":"(anonymous_5)","decl":{"start":{"line":53,"column":26},"end":{"line":53,"column":27}},"loc":{"start":{"line":53,"column":32},"end":{"line":56,"column":3}},"line":53},"6":{"name":"(anonymous_6)","decl":{"start":{"line":135,"column":25},"end":{"line":135,"column":26}},"loc":{"start":{"line":135,"column":42},"end":{"line":138,"column":19}},"line":135},"7":{"name":"(anonymous_7)","decl":{"start":{"line":156,"column":23},"end":{"line":156,"column":24}},"loc":{"start":{"line":156,"column":40},"end":{"line":159,"column":17}},"line":156},"8":{"name":"(anonymous_8)","decl":{"start":{"line":194,"column":27},"end":{"line":194,"column":28}},"loc":{"start":{"line":194,"column":33},"end":{"line":194,"column":48}},"line":194},"9":{"name":"(anonymous_9)","decl":{"start":{"line":200,"column":27},"end":{"line":200,"column":28}},"loc":{"start":{"line":200,"column":33},"end":{"line":200,"column":47}},"line":200}},"branchMap":{"0":{"loc":{"start":{"line":61,"column":9},"end":{"line":207,"column":9}},"type":"cond-expr","locations":[{"start":{"line":62,"column":10},"end":{"line":114,"column":23}},{"start":{"line":116,"column":10},"end":{"line":206,"column":17}}],"line":61},"1":{"loc":{"start":{"line":133,"column":15},"end":{"line":153,"column":22}},"type":"cond-expr","locations":[{"start":{"line":134,"column":16},"end":{"line":152,"column":28}},{"start":{"line":153,"column":18},"end":{"line":153,"column":22}}],"line":133},"2":{"loc":{"start":{"line":137,"column":20},"end":{"line":137,"column":51}},"type":"binary-expr","locations":[{"start":{"line":137,"column":20},"end":{"line":137,"column":27}},{"start":{"line":137,"column":31},"end":{"line":137,"column":51}}],"line":137},"3":{"loc":{"start":{"line":142,"column":19},"end":{"line":151,"column":19}},"type":"cond-expr","locations":[{"start":{"line":143,"column":20},"end":{"line":143,"column":57}},{"start":{"line":145,"column":20},"end":{"line":150,"column":27}}],"line":142},"4":{"loc":{"start":{"line":158,"column":18},"end":{"line":158,"column":49}},"type":"binary-expr","locations":[{"start":{"line":158,"column":18},"end":{"line":158,"column":25}},{"start":{"line":158,"column":29},"end":{"line":158,"column":49}}],"line":158},"5":{"loc":{"start":{"line":163,"column":17},"end":{"line":177,"column":17}},"type":"cond-expr","locations":[{"start":{"line":164,"column":18},"end":{"line":164,"column":55}},{"start":{"line":166,"column":18},"end":{"line":176,"column":25}}],"line":163},"6":{"loc":{"start":{"line":190,"column":13},"end":{"line":205,"column":20}},"type":"cond-expr","locations":[{"start":{"line":191,"column":14},"end":{"line":204,"column":21}},{"start":{"line":205,"column":16},"end":{"line":205,"column":20}}],"line":190}},"s":{"0":21,"1":21,"2":21,"3":21,"4":21,"5":21,"6":0,"7":0,"8":0,"9":0,"10":0,"11":21,"12":2,"13":2,"14":2,"15":1,"16":2,"17":21,"18":6,"19":21,"20":0,"21":21,"22":1,"23":1,"24":21,"25":10,"26":10,"27":0,"28":0,"29":4},"f":{"0":21,"1":0,"2":2,"3":6,"4":0,"5":1,"6":10,"7":10,"8":0,"9":0},"b":{"0":[11,10],"1":[10,0],"2":[10,0],"3":[0,10],"4":[10,0],"5":[2,8],"6":[10,0]},"_coverageSchema":"1a1c01bbd47fc00a2c39e90264f33305004495a9","hash":"fa455bbb2589579e9fb7efd93e2135f4715decac"}
,"/Users/tm/work/AltMe/app/(onboarding)/_layout.tsx": {"path":"/Users/tm/work/AltMe/app/(onboarding)/_layout.tsx","statementMap":{"0":{"start":{"line":4,"column":2},"end":{"line":13,"column":4}}},"fnMap":{"0":{"name":"OnboardingLayout","decl":{"start":{"line":3,"column":24},"end":{"line":3,"column":40}},"loc":{"start":{"line":3,"column":43},"end":{"line":14,"column":1}},"line":3}},"branchMap":{},"s":{"0":6},"f":{"0":6},"b":{},"_coverageSchema":"1a1c01bbd47fc00a2c39e90264f33305004495a9","hash":"8c3e1bd81ae9c7a9f668f5e6a786607542f54b2d"}
,"/Users/tm/work/AltMe/app/(onboarding)/choose-avatar.tsx": {"path":"/Users/tm/work/AltMe/app/(onboarding)/choose-avatar.tsx","statementMap":{"0":{"start":{"line":16,"column":23},"end":{"line":16,"column":88}},"1":{"start":{"line":23,"column":33},"end":{"line":23,"column":89}},"2":{"start":{"line":23,"column":72},"end":{"line":23,"column":87}},"3":{"start":{"line":26,"column":16},"end":{"line":26,"column":32}},"4":{"start":{"line":27,"column":23},"end":{"line":27,"column":38}},"5":{"start":{"line":28,"column":21},"end":{"line":28,"column":60}},"6":{"start":{"line":28,"column":47},"end":{"line":28,"column":59}},"7":{"start":{"line":29,"column":24},"end":{"line":29,"column":66}},"8":{"start":{"line":29,"column":50},"end":{"line":29,"column":65}},"9":{"start":{"line":31,"column":21},"end":{"line":34,"column":3}},"10":{"start":{"line":32,"column":4},"end":{"line":32,"column":28}},"11":{"start":{"line":32,"column":21},"end":{"line":32,"column":28}},"12":{"start":{"line":33,"column":4},"end":{"line":33,"column":45}},"13":{"start":{"line":36,"column":21},"end":{"line":53,"column":3}},"14":{"start":{"line":38,"column":25},"end":{"line":38,"column":48}},"15":{"start":{"line":39,"column":6},"end":{"line":50,"column":8}},"16":{"start":{"line":42,"column":25},"end":{"line":42,"column":62}},"17":{"start":{"line":55,"column":23},"end":{"line":55,"column":70}},"18":{"start":{"line":55,"column":57},"end":{"line":55,"column":65}},"19":{"start":{"line":57,"column":25},"end":{"line":57,"column":71}},"20":{"start":{"line":59,"column":18},"end":{"line":59,"column":61}},"21":{"start":{"line":60,"column":21},"end":{"line":60,"column":37}},"22":{"start":{"line":62,"column":2},"end":{"line":115,"column":4}},"23":{"start":{"line":67,"column":64},"end":{"line":67,"column":77}},"24":{"start":{"line":118,"column":15},"end":{"line":215,"column":2}}},"fnMap":{"0":{"name":"(anonymous_0)","decl":{"start":{"line":23,"column":52},"end":{"line":23,"column":53}},"loc":{"start":{"line":23,"column":72},"end":{"line":23,"column":87}},"line":23},"1":{"name":"ChooseAvatarScreen","decl":{"start":{"line":25,"column":24},"end":{"line":25,"column":42}},"loc":{"start":{"line":25,"column":45},"end":{"line":116,"column":1}},"line":25},"2":{"name":"(anonymous_2)","decl":{"start":{"line":28,"column":40},"end":{"line":28,"column":41}},"loc":{"start":{"line":28,"column":47},"end":{"line":28,"column":59}},"line":28},"3":{"name":"(anonymous_3)","decl":{"start":{"line":29,"column":43},"end":{"line":29,"column":44}},"loc":{"start":{"line":29,"column":50},"end":{"line":29,"column":65}},"line":29},"4":{"name":"(anonymous_4)","decl":{"start":{"line":31,"column":21},"end":{"line":31,"column":22}},"loc":{"start":{"line":31,"column":27},"end":{"line":34,"column":3}},"line":31},"5":{"name":"(anonymous_5)","decl":{"start":{"line":37,"column":4},"end":{"line":37,"column":5}},"loc":{"start":{"line":37,"column":40},"end":{"line":51,"column":5}},"line":37},"6":{"name":"(anonymous_6)","decl":{"start":{"line":42,"column":19},"end":{"line":42,"column":20}},"loc":{"start":{"line":42,"column":25},"end":{"line":42,"column":62}},"line":42},"7":{"name":"(anonymous_7)","decl":{"start":{"line":55,"column":35},"end":{"line":55,"column":36}},"loc":{"start":{"line":55,"column":57},"end":{"line":55,"column":65}},"line":55},"8":{"name":"(anonymous_8)","decl":{"start":{"line":67,"column":58},"end":{"line":67,"column":59}},"loc":{"start":{"line":67,"column":64},"end":{"line":67,"column":77}},"line":67}},"branchMap":{"0":{"loc":{"start":{"line":32,"column":4},"end":{"line":32,"column":28}},"type":"if","locations":[{"start":{"line":32,"column":4},"end":{"line":32,"column":28}},{"start":{},"end":{}}],"line":32},"1":{"loc":{"start":{"line":41,"column":35},"end":{"line":41,"column":78}},"type":"cond-expr","locations":[{"start":{"line":41,"column":48},"end":{"line":41,"column":71}},{"start":{"line":41,"column":74},"end":{"line":41,"column":78}}],"line":41},"2":{"loc":{"start":{"line":57,"column":25},"end":{"line":57,"column":71}},"type":"cond-expr","locations":[{"start":{"line":57,"column":38},"end":{"line":57,"column":64}},{"start":{"line":57,"column":67},"end":{"line":57,"column":71}}],"line":57},"3":{"loc":{"start":{"line":59,"column":18},"end":{"line":59,"column":61}},"type":"cond-expr","locations":[{"start":{"line":59,"column":42},"end":{"line":59,"column":46}},{"start":{"line":59,"column":49},"end":{"line":59,"column":61}}],"line":59},"4":{"loc":{"start":{"line":60,"column":21},"end":{"line":60,"column":37}},"type":"cond-expr","locations":[{"start":{"line":60,"column":32},"end":{"line":60,"column":33}},{"start":{"line":60,"column":36},"end":{"line":60,"column":37}}],"line":60},"5":{"loc":{"start":{"line":65,"column":38},"end":{"line":65,"column":72}},"type":"binary-expr","locations":[{"start":{"line":65,"column":38},"end":{"line":65,"column":47}},{"start":{"line":65,"column":51},"end":{"line":65,"column":72}}],"line":65},"6":{"loc":{"start":{"line":75,"column":48},"end":{"line":75,"column":94}},"type":"cond-expr","locations":[{"start":{"line":75,"column":61},"end":{"line":75,"column":87}},{"start":{"line":75,"column":90},"end":{"line":75,"column":94}}],"line":75},"7":{"loc":{"start":{"line":76,"column":15},"end":{"line":88,"column":15}},"type":"cond-expr","locations":[{"start":{"line":77,"column":16},"end":{"line":81,"column":18}},{"start":{"line":83,"column":16},"end":{"line":87,"column":18}}],"line":76}},"s":{"0":4,"1":4,"2":96,"3":6,"4":6,"5":6,"6":6,"7":6,"8":6,"9":6,"10":0,"11":0,"12":0,"13":6,"14":108,"15":108,"16":0,"17":6,"18":118,"19":6,"20":6,"21":6,"22":6,"23":0,"24":4},"f":{"0":96,"1":6,"2":6,"3":6,"4":0,"5":108,"6":0,"7":118,"8":0},"b":{"0":[0,0],"1":[0,108],"2":[6,0],"3":[4,2],"4":[3,3],"5":[6,3],"6":[6,0],"7":[0,6]},"_coverageSchema":"1a1c01bbd47fc00a2c39e90264f33305004495a9","hash":"9b0c28c9f3792ebf622b7e9e987adb22e486e92b"}
,"/Users/tm/work/AltMe/app/(onboarding)/choose-tone.tsx": {"path":"/Users/tm/work/AltMe/app/(onboarding)/choose-tone.tsx","statementMap":{"0":{"start":{"line":15,"column":34},"end":{"line":21,"column":1}},"1":{"start":{"line":24,"column":16},"end":{"line":24,"column":32}},"2":{"start":{"line":25,"column":23},"end":{"line":25,"column":38}},"3":{"start":{"line":26,"column":20},"end":{"line":26,"column":58}},"4":{"start":{"line":26,"column":46},"end":{"line":26,"column":57}},"5":{"start":{"line":27,"column":23},"end":{"line":27,"column":64}},"6":{"start":{"line":27,"column":49},"end":{"line":27,"column":63}},"7":{"start":{"line":29,"column":21},"end":{"line":32,"column":3}},"8":{"start":{"line":30,"column":4},"end":{"line":30,"column":27}},"9":{"start":{"line":30,"column":20},"end":{"line":30,"column":27}},"10":{"start":{"line":31,"column":4},"end":{"line":31,"column":43}},"11":{"start":{"line":34,"column":18},"end":{"line":34,"column":61}},"12":{"start":{"line":36,"column":2},"end":{"line":88,"column":4}},"13":{"start":{"line":41,"column":64},"end":{"line":41,"column":77}},"14":{"start":{"line":55,"column":33},"end":{"line":55,"column":51}},"15":{"start":{"line":56,"column":14},"end":{"line":73,"column":16}},"16":{"start":{"line":60,"column":33},"end":{"line":60,"column":51}},"17":{"start":{"line":91,"column":15},"end":{"line":173,"column":2}}},"fnMap":{"0":{"name":"ChooseToneScreen","decl":{"start":{"line":23,"column":24},"end":{"line":23,"column":40}},"loc":{"start":{"line":23,"column":43},"end":{"line":89,"column":1}},"line":23},"1":{"name":"(anonymous_1)","decl":{"start":{"line":26,"column":39},"end":{"line":26,"column":40}},"loc":{"start":{"line":26,"column":46},"end":{"line":26,"column":57}},"line":26},"2":{"name":"(anonymous_2)","decl":{"start":{"line":27,"column":42},"end":{"line":27,"column":43}},"loc":{"start":{"line":27,"column":49},"end":{"line":27,"column":63}},"line":27},"3":{"name":"(anonymous_3)","decl":{"start":{"line":29,"column":21},"end":{"line":29,"column":22}},"loc":{"start":{"line":29,"column":27},"end":{"line":32,"column":3}},"line":29},"4":{"name":"(anonymous_4)","decl":{"start":{"line":41,"column":58},"end":{"line":41,"column":59}},"loc":{"start":{"line":41,"column":64},"end":{"line":41,"column":77}},"line":41},"5":{"name":"(anonymous_5)","decl":{"start":{"line":54,"column":30},"end":{"line":54,"column":31}},"loc":{"start":{"line":54,"column":40},"end":{"line":74,"column":13}},"line":54},"6":{"name":"(anonymous_6)","decl":{"start":{"line":60,"column":27},"end":{"line":60,"column":28}},"loc":{"start":{"line":60,"column":33},"end":{"line":60,"column":51}},"line":60}},"branchMap":{"0":{"loc":{"start":{"line":30,"column":4},"end":{"line":30,"column":27}},"type":"if","locations":[{"start":{"line":30,"column":4},"end":{"line":30,"column":27}},{"start":{},"end":{}}],"line":30},"1":{"loc":{"start":{"line":34,"column":18},"end":{"line":34,"column":61}},"type":"cond-expr","locations":[{"start":{"line":34,"column":42},"end":{"line":34,"column":46}},{"start":{"line":34,"column":49},"end":{"line":34,"column":61}}],"line":34},"2":{"loc":{"start":{"line":39,"column":38},"end":{"line":39,"column":72}},"type":"binary-expr","locations":[{"start":{"line":39,"column":38},"end":{"line":39,"column":47}},{"start":{"line":39,"column":51},"end":{"line":39,"column":72}}],"line":39},"3":{"loc":{"start":{"line":59,"column":43},"end":{"line":59,"column":86}},"type":"cond-expr","locations":[{"start":{"line":59,"column":56},"end":{"line":59,"column":79}},{"start":{"line":59,"column":82},"end":{"line":59,"column":86}}],"line":59},"4":{"loc":{"start":{"line":63,"column":46},"end":{"line":63,"column":90}},"type":"cond-expr","locations":[{"start":{"line":63,"column":59},"end":{"line":63,"column":83}},{"start":{"line":63,"column":86},"end":{"line":63,"column":90}}],"line":63},"5":{"loc":{"start":{"line":68,"column":47},"end":{"line":68,"column":92}},"type":"cond-expr","locations":[{"start":{"line":68,"column":60},"end":{
[...]
4}},"16":{"start":{"line":39,"column":26},"end":{"line":44,"column":4}},"17":{"start":{"line":41,"column":14},"end":{"line":41,"column":69}},"18":{"start":{"line":42,"column":14},"end":{"line":42,"column":70}},"19":{"start":{"line":43,"column":4},"end":{"line":43,"column":35}},"20":{"start":{"line":47,"column":2},"end":{"line":54,"column":9}},"21":{"start":{"line":48,"column":25},"end":{"line":50,"column":5}},"22":{"start":{"line":49,"column":6},"end":{"line":49,"column":72}},"23":{"start":{"line":52,"column":4},"end":{"line":52,"column":52}},"24":{"start":{"line":53,"column":4},"end":{"line":53,"column":68}},"25":{"start":{"line":53,"column":17},"end":{"line":53,"column":67}},"26":{"start":{"line":56,"column":2},"end":{"line":56,"column":14}}},"fnMap":{"0":{"name":"(anonymous_0)","decl":{"start":{"line":11,"column":29},"end":{"line":11,"column":30}},"loc":{"start":{"line":11,"column":60},"end":{"line":16,"column":1}},"line":11},"1":{"name":"(anonymous_1)","decl":{"start":{"line":18,"column":26},"end":{"line":18,"column":27}},"loc":{"start":{"line":18,"column":77},"end":{"line":29,"column":1}},"line":18},"2":{"name":"(anonymous_2)","decl":{"start":{"line":31,"column":29},"end":{"line":31,"column":30}},"loc":{"start":{"line":31,"column":51},"end":{"line":57,"column":1}},"line":31},"3":{"name":"(anonymous_3)","decl":{"start":{"line":39,"column":51},"end":{"line":39,"column":52}},"loc":{"start":{"line":39,"column":57},"end":{"line":44,"column":3}},"line":39},"4":{"name":"(anonymous_4)","decl":{"start":{"line":47,"column":12},"end":{"line":47,"column":13}},"loc":{"start":{"line":47,"column":18},"end":{"line":54,"column":3}},"line":47},"5":{"name":"(anonymous_5)","decl":{"start":{"line":48,"column":25},"end":{"line":48,"column":26}},"loc":{"start":{"line":48,"column":31},"end":{"line":50,"column":5}},"line":48},"6":{"name":"(anonymous_6)","decl":{"start":{"line":53,"column":11},"end":{"line":53,"column":12}},"loc":{"start":{"line":53,"column":17},"end":{"line":53,"column":67}},"line":53}},"branchMap":{"0":{"loc":{"start":{"line":12,"column":2},"end":{"line":12,"column":47}},"type":"if","locations":[{"start":{"line":12,"column":2},"end":{"line":12,"column":47}},{"start":{},"end":{}}],"line":12},"1":{"loc":{"start":{"line":13,"column":2},"end":{"line":13,"column":53}},"type":"if","locations":[{"start":{"line":13,"column":2},"end":{"line":13,"column":53}},{"start":{},"end":{}}],"line":13},"2":{"loc":{"start":{"line":14,"column":2},"end":{"line":14,"column":51}},"type":"if","locations":[{"start":{"line":14,"column":2},"end":{"line":14,"column":51}},{"start":{},"end":{}}],"line":14},"3":{"loc":{"start":{"line":33,"column":2},"end":{"line":36,"column":3}},"type":"if","locations":[{"start":{"line":33,"column":2},"end":{"line":36,"column":3}},{"start":{},"end":{}}],"line":33},"4":{"loc":{"start":{"line":41,"column":14},"end":{"line":41,"column":69}},"type":"cond-expr","locations":[{"start":{"line":41,"column":46},"end":{"line":41,"column":63}},{"start":{"line":41,"column":66},"end":{"line":41,"column":69}}],"line":41},"5":{"loc":{"start":{"line":42,"column":14},"end":{"line":42,"column":70}},"type":"cond-expr","locations":[{"start":{"line":42,"column":46},"end":{"line":42,"column":64}},{"start":{"line":42,"column":67},"end":{"line":42,"column":70}}],"line":42}},"s":{"0":5,"1":5,"2":59,"3":6,"4":53,"5":19,"6":34,"7":6,"8":28,"9":5,"10":41,"11":41,"12":5,"13":42,"14":22,"15":22,"16":20,"17":18,"18":18,"19":18,"20":20,"21":18,"22":1,"23":18,"24":18,"25":18,"26":20},"f":{"0":59,"1":41,"2":42,"3":18,"4":18,"5":1,"6":18},"b":{"0":[6,53],"1":[19,34],"2":[6,28],"3":[22,20],"4":[18,0],"5":[18,0]},"_coverageSchema":"1a1c01bbd47fc00a2c39e90264f33305004495a9","hash":"d7335f5eaa6a955a9acd424ec0538cfa15b939c9"}
,"/Users/tm/work/AltMe/src/shared/hooks/use-subscription.native.ts": {"path":"/Users/tm/work/AltMe/src/shared/hooks/use-subscription.native.ts","statementMap":{},"fnMap":{},"branchMap":{},"s":{},"f":{},"b":{},"_coverageSchema":"1a1c01bbd47fc00a2c39e90264f33305004495a9","hash":"335f973aef1364e349a959ac1b9ba3a3d9d39383"}
,"/Users/tm/work/AltMe/src/shared/hooks/use-subscription.web.ts": {"path":"/Users/tm/work/AltMe/src/shared/hooks/use-subscription.web.ts","statementMap":{"0":{"start":{"line":30,"column":44},"end":{"line":37,"column":1}},"1":{"start":{"line":39,"column":26},"end":{"line":65,"column":1}},"2":{"start":{"line":45,"column":17},"end":{"line":45,"column":49}},"3":{"start":{"line":46,"column":19},"end":{"line":46,"column":39}},"4":{"start":{"line":47,"column":16},"end":{"line":47,"column":86}},"5":{"start":{"line":48,"column":21},"end":{"line":48,"column":39}},"6":{"start":{"line":50,"column":42},"end":{"line":50,"column":46}},"7":{"start":{"line":51,"column":2},"end":{"line":55,"column":3}},"8":{"start":{"line":52,"column":16},"end":{"line":52,"column":26}},"9":{"start":{"line":53,"column":21},"end":{"line":53,"column":44}},"10":{"start":{"line":54,"column":4},"end":{"line":54,"column":110}},"11":{"start":{"line":57,"column":2},"end":{"line":64,"column":4}},"12":{"start":{"line":67,"column":26},"end":{"line":103,"column":2}},"13":{"start":{"line":67,"column":56},"end":{"line":103,"column":1}},"14":{"start":{"line":105,"column":20},"end":{"line":105,"column":21}},"15":{"start":{"line":106,"column":23},"end":{"line":106,"column":27}},"16":{"start":{"line":108,"column":23},"end":{"line":121,"column":1}},"17":{"start":{"line":112,"column":2},"end":{"line":119,"column":3}},"18":{"start":{"line":112,"column":21},"end":{"line":112,"column":22}},"19":{"start":{"line":113,"column":4},"end":{"line":118,"column":5}},"20":{"start":{"line":114,"column":6},"end":{"line":114,"column":24}},"21":{"start":{"line":116,"column":6},"end":{"line":116,"column":47}},"22":{"start":{"line":116,"column":35},"end":{"line":116,"column":47}},"23":{"start":{"line":117,"column":6},"end":{"line":117,"column":90}},"24":{"start":{"line":117,"column":37},"end":{"line":117,"column":88}},"25":{"start":{"line":120,"column":2},"end":{"line":120,"column":33}},"26":{"start":{"line":123,"column":31},"end":{"line":225,"column":3}},"27":{"start":{"line":123,"column":67},"end":{"line":225,"column":1}},"28":{"start":{"line":129,"column":4},"end":{"line":131,"column":7}},"29":{"start":{"line":129,"column":20},"end":{"line":131,"column":5}},"30":{"start":{"line":132,"column":29},"end":{"line":132,"column":47}},"31":{"start":{"line":133,"column":15},"end":{"line":133,"column":89}},"32":{"start":{"line":136,"column":4},"end":{"line":154,"column":5}},"33":{"start":{"line":137,"column":26},"end":{"line":149,"column":8}},"34":{"start":{"line":138,"column":35},"end":{"line":138,"column":64}},"35":{"start":{"line":139,"column":8},"end":{"line":139,"column":45}},"36":{"start":{"line":139,"column":19},"end":{"line":139,"column":45}},"37":{"start":{"line":141,"column":32},"end":{"line":145,"column":19}},"38":{"start":{"line":147,"column":8},"end":{"line":147,"column":54}},"39":{"start":{"line":147,"column":28},"end":{"line":147,"column":54}},"40":{"start":{"line":148,"column":8},"end":{"line":148,"column":39}},"41":{"start":{"line":150,"column":6},"end":{"line":150,"column":45}},"42":{"start":{"line":152,"column":6},"end":{"line":152,"column":69}},"43":{"start":{"line":153,"column":6},"end":{"line":153,"column":32}},"44":{"start":{"line":158,"column":22},"end":{"line":158,"column":41}},"45":{"start":{"line":159,"column":4},"end":{"line":159,"column":23}},"46":{"start":{"line":160,"column":4},"end":{"line":160,"column":21}},"47":{"start":{"line":164,"column":4},"end":{"line":200,"column":5}},"48":{"start":{"line":165,"column":36},"end":{"line":165,"column":68}},"49":{"start":{"line":166,"column":6},"end":{"line":166,"column":57}},"50":{"start":{"line":166,"column":20},"end":{"line":166,"column":57}},"51":{"start":{"line":168,"column":23},"end":{"line":188,"column":8}},"52":{"start":{"line":169,"column":20},"end":{"line":180,"column":10}},"53":{"start":{"line":182,"column":8},"end":{"line":185,"column":9}},"54":{"start":{"line":183,"column":28},"end":{"line":183,"column":62}},"55":{"start":{"line":183,"column":58},"end":{"line":183,"column":60}},"56":{"start":{"line":184,"column":10},"end":{"line":184,"column":82}},"57":{"start":{"line":187,"column":8},"end":{"line":187,"column":26}},"58":{"start":{"line":191,"column":6},"end":{"line":193,"column":7}},"59":{"start":{"line":192,"column":8},"end":{"line":192,"column":44}},"60":{"start":{"line":194,"column":6},"end":{"line":194,"column":19}},"61":{"start":{"line":196,"column":6},"end":{"line":198,"column":7}},"62":{"start":{"line":197,"column":8},"end":{"line":197,"column":21}},"63":{"start":{"line":199,"column":6},"end":{"line":199,"column":18}},"64":{"start":{"line":205,"column":4},"end":{"line":223,"column":5}},"65":{"start":{"line":206,"column":33},"end":{"line":206,"column":62}},"66":{"start":{"line":207,"column":6},"end":{"line":207,"column":30}},"67":{"start":{"line":207,"column":17},"end":{"line":207,"column":30}},"68":{"start":{"line":209,"column":30},"end":{"line":213,"column":17}},"69":{"start":{"line":215,"column":6},"end":{"line":215,"column":39}},"70":{"start":{"line":215,"column":26},"end":{"line":215,"column":39}},"71":{"start":{"line":217,"column":26},"end":{"line":217,"column":49}},"72":{"start":{"line":218,"column":6},"end":{"line":218,"column":27}},"73":{"start":{"line":219,"column":6},"end":{"line":219,"column":31}},"74":{"start":{"line":221,"column":6},"end":{"line":221,"column":59}},"75":{"start":{"line":222,"column":6},"end":{"line":222,"column":19}},"76":{"start":{"line":227,"column":24},"end":{"line":229,"column":1}},"77":{"start":{"line":228,"column":2},"end":{"line":228,"column":53}},"78":{"start":{"line":228,"column":32},"end":{"line":228,"column":51}}},"fnMap":{"0":{"name":"(anonymous_0)","decl":{"start":{"line":39,"column":26},"end":{"line":39,"column":27}},"loc":{"start":{"line":44,"column":23},"end":{"line":65,"column":1}},"line":44},"1":{"name":"(anonymous_1)","decl":{"start":{"line":67,"column":26},"end":{"line":67,"column":27}},"loc":{"start":{"line":67,"column":56},"end":{"line":103,"column":1}},"line":67},"2":{"name":"(anonymous_2)","decl":{"start":{"line":108,"column":23},"end":{"line":108,"column":24}},"loc":{"start":{"line":111,"column":17},"end":{"line":121,"column":1}},"line":111},"3":{"name":"(anonymous_3)","decl":{"start":{"line":117,"column":24},"end":{"line":117,"column":25}},"loc":{"start":{"line":117,"column":37},"end":{"line":117,"column":88}},"line":117},"4":{"name":"(anonymous_4)","decl":{"start":{"line":123,"column":57},"end":{"line":123,"column":58}},"loc":{"start":{"line":123,"column":67},"end":{"line":225,"column":1}},"line":123},"5":{"name":"(anonymous_5)","decl":{"start":{"line":128,"column":18},"end":{"line":128,"column":19}},"loc":{"start":{"line":129,"column":4},"end":{"line":131,"column":7}},"line":129},"6":{"name":"(anonymous_6)","decl":{"start":{"line":129,"column":8},"end":{"line":129,"column":9}},"loc":{"start":{"line":129,"column":20},"end":{"line":131,"column":5}},"line":129},"7":{"name":"(anonymous_7)","decl":{"start":{"line":132,"column":14},"end":{"line":132,"column":15}},"loc":{"start":{"line":132,"column":29},"end":{"line":132,"column":47}},"line":132},"8":{"name":"(anonymous_8)","decl":{"start":{"line":133,"column":9},"end":{"line":133,"column":10}},"loc":{"start":{"line":133,"column":15},"end":{"line":133,"column":89}},"line":133},"9":{"name":"(anonymous_9)","decl":{"start":{"line":135,"column":17},"end":{"line":135,"column":18}},"loc":{"start":{"line":135,"column":29},"end":{"line":155,"column":3}},"line":135},"10":{"name":"(anonymous_10)","decl":{"start":{"line":137,"column":47},"end":{"line":137,"column":48}},"loc":{"start":{"line":137,"column":59},"end":{"line":149,"column":7}},"line":137},"11":{"name":"(anonymous_11)","decl":{"start":{"line":157,"column":17},"end":{"line":157,"column":18}},"loc":{"start":{"line":157,"column":29},"end":{"line":161,"column":3}},"line":157},"12":{"name":"(anonymous_12)","decl":{"start":{"line":163,"column":12},"end":{"line":163,"column":13}},"loc":{"start":{"line":163,"column":48},"end":{"line":201,"column":3}},"line":163},"13":{"name":"(anonymous_13)","decl":{"start":{"line":168,"column":44},"end":{"line":168,"column":45}},"loc":{"start":{"line":168,"column":56},"end":{"line":188,"column":7}},"line":168},"14":{"name":"(anonymous_14)","decl":{"start":{"line":183,"column":51},"end":{"line":183,"column":52}},"loc":{"start":{"line":183,"column":58},"end":{"line":183,"column":60}},"line":183},"15":{"name":"(anonymous_15)","decl":{"start":{"line":203,"column":11},"end":{"line":203,"column":12}},"loc":{"start":{"line":203,"column":23},"end":{"line":224,"column":3}},"line":203},"16":{"name":"(anonymous_16)","decl":{"start":{"line":227,"column":24},"end":{"line":227,"column":25}},"loc":{"start":{"line":227,"column":39},"end":{"line":229,"column":1}},"line":227},"17":{"name":"(anonymous_17)","decl":{"start":{"line":228,"column":25},"end":{"line":228,"column":26}},"loc":{"start":{"line":228,"column":32},"end":{"line":228,"column":51}},"line":228}},"branchMap":{"0":{"loc":{"start":{"line":47,"column":16},"end":{"line":47,"column":86}},"type":"binary-expr","locations":[{"start":{"line":47,"column":16},"end":{"line":47,"column":35}},{"start":{"line":47,"column":39},"end":{"line":47,"column":57}},{"start":{"line":47,"column":61},"end":{"line":47,"column":86}}],"line":47},"1":{"loc":{"start":{"line":51,"column":2},"end":{"line":55,"column":3}},"type":"if","locations":[{"start":{"line":51,"column":2},"end":{"line":55,"column":3}},{"start":{},"end":{}}],"line":51},"2":{"loc":{"start":{"line":51,"column":6},"end":{"line":51,"column":33}},"type":"binary-expr","locations":[{"start":{"line":51,"column":6},"end":{"line":51,"column":16}},{"start":{"line":51,"column":20},"end":{"line":51,"column":33}}],"line":51},"3":{"loc":{"start":{"line":110,"column":2},"end":{"line":110,"column":23}},"type":"default-arg","locations":[{"start":{"line":110,"column":12},"end":{"line":110,"column":23}}],"line":110},"4":{"loc":{"start":{"line":116,"column":6},"end":{"line":116,"column":47}},"type":"if","locations":[{"start":{"line":116,"column":6},"end":{"line":116,"column":47}},{"start":{},"end":{}}],"line":116},"5":{"loc":{"start":{"line":139,"column":8},"end":{"line":139,"column":45}},"type":"if","locations":[{"start":{"line":139,"column":8},"end":{"line":139,"column":45}},{"start":{},"end":{}}],"line":139},"6":{"loc":{"start":{"line":147,"column":8},"end":{"line":147,"column":54}},"type":"if","locations":[{"start":{"line":147,"column":8},"end":{"line":147,"column":54}},{"start":{},"end":{}}],"line":147},"7":{"loc":{"start":{"line":147,"column":12},"end":{"line":147,"column":26}},"type":"binary-expr","locations":[{"start":{"line":147,"column":12},"end":{"line":147,"column":17}},{"start":{"line":147,"column":21},"end":{"line":147,"column":26}}],"line":147},"8":{"loc":{"start":{"line":166,"column":6},"end":{"line":166,"column":57}},"type":"if","locations":[{"start":{"line":166,"column":6},"end":{"line":166,"column":57}},{"start":{},"end":{}}],"line":166},"9":{"loc":{"start":{"line":182,"column":8},"end":{"line":185,"column":9}},"type":"if","locations":[{"start":{"line":182,"column":8},"end":{"line":185,"column":9}},{"start":{},"end":{}}],"line":182},"10":{"loc":{"start":{"line":184,"column":26},"end":{"line":184,"column":80}},"type":"binary-expr","locations":[{"start":{"line":184,"column":26},"end":{"line":184,"column":41}},{"start":{"line":184,"column":45},"end":{"line":184,"column":80}}],"line":184},"11":{"loc":{"start":{"line":191,"column":6},"end":{"line":193,"column":7}},"type":"if","locations":[{"start":{"line":191,"column":6},"end":{"line":193,"column":7}},{"start":{},"end":{}}],"line":191},"12":{"loc":{"start":{"line":196,"column":6},"end":{"line":198,"column":7}},"type":"if","locations":[{"start":{"line":196,"column":6},"end":{"line":198,"column":7}},{"start":{},"end":{}}],"line":196},"13":{"loc":{"start":{"line":196,"column":10},"end":{"line":196,"column":80}},"type":"binary-expr","locations":[{"start":{"line":196,"column":10},"end":{"line":196,"column":32}},{"start":{"line":196,"column":36},"end":{"line":196,"column":80}}],"line":196},"14":{"loc":{"start":{"line":207,"column":6},"end":{"line":207,"column":30}},"type":"if","locations":[{"start":{"line":207,"column":6},"end":{"line":207,"column":30}},{"start":{},"end":{}}],"line":207},"15":{"loc":{"start":{"line":215,"column":6},"end":{"line":215,"column":39}},"type":"if","locations":[{"start":{"line":215,"column":6},"end":{"line":215,"column":39}},{"start":{},"end":{}}],"line":215},"16":{"loc":{"start":{"line":215,"column":10},"end":{"line":215,"column":24}},"type":"binary-expr","locations":[{"start":{"line":215,"column":10},"end":{"line":215,"column":15}},{"start":{"line":215,"column":19},"end":{"line":215,"column":24}}],"line":215}},"s":{"0":1,"1":1,"2":4,"3":4,"4":4,"5":4,"6":4,"7":4,"8":1,"9":1,"10":1,"11":4,"12":1,"13":2,"14":1,"15":1,"16":1,"17":6,"18":6,"19":6,"20":6,"21":0,"22":0,"23":0,"24":0,"25":0,"26":1,"27":1,"28":2,"29":2,"30":1,"31":16,"32":5,"33":5,"34":5,"35":5,"36":1,"37":4,"38":4,"39":1,"40":3,"41":5,"42":0,"43":0,"44":2,"45":2,"46":2,"47":2,"48":2,"49":2,"50":1,"51":1,"52":1,"53":1,"54":0,"55":0,"56":0,"57":1,"58":1,"59":1,"60":1,"61":1,"62":0,"63":1,"64":3,"65":3,"66":3,"67":1,"68":2,"69":2,"70":1,"71":1,"72":1,"73":1,"74":0,"75":0,"76":1,"77":0,"78":0},"f":{"0":4,"1":2,"2":6,"3":0,"4":1,"5":2,"6":2,"7":1,"8":16,"9":5,"10":5,"11":2,"12":2,"13":1,"14":0,"15":3,"16":0,"17":0},"b":{"0":[4,2,1],"1":[1,3],"2":[4,1],"3":[6],"4":[0,0],"5":[1,4],"6":[1,3],"7":[4,3],"8":[1,1],"9":[0,1],"10":[0,0],"11":[1,0],"12":[0,1],"13":[1,1],"14":[1,2],"15":[1,1],"16":[2,1]},"_coverageSchema":"1a1c01bbd47fc00a2c39e90264f33305004495a9","hash":"2abc5d0d5f0929521e2b2b53f311b807c93835d5"}
,"/Users/tm/work/AltMe/src/shared/hooks/use-user.ts": {"path":"/Users/tm/work/AltMe/src/shared/hooks/use-user.ts","statementMap":{"0":{"start":{"line":15,"column":23},"end":{"line":26,"column":3}},"1":{"start":{"line":15,"column":51},"end":{"line":26,"column":1}},"2":{"start":{"line":19,"column":21},"end":{"line":19,"column":52}},"3":{"start":{"line":20,"column":29},"end":{"line":20,"column":47}},"4":{"start":{"line":22,"column":4},"end":{"line":24,"column":7}},"5":{"start":{"line":22,"column":20},"end":{"line":24,"column":5}},"6":{"start":{"line":25,"column":15},"end":{"line":25,"column":51}}},"fnMap":{"0":{"name":"(anonymous_0)","decl":{"start":{"line":15,"column":41},"end":{"line":15,"column":42}},"loc":{"start":{"line":15,"column":51},"end":{"line":26,"column":1}},"line":15},"1":{"name":"(anonymous_1)","decl":{"start":{"line":19,"column":11},"end":{"line":19,"column":12}},"loc":{"start":{"line":19,"column":21},"end":{"line":19,"column":52}},"line":19},"2":{"name":"(anonymous_2)","decl":{"start":{"line":20,"column":14},"end":{"line":20,"column":15}},"loc":{"start":{"line":20,"column":29},"end":{"line":20,"column":47}},"line":20},"3":{"name":"(anonymous_3)","decl":{"start":{"line":21,"column":14},"end":{"line":21,"column":15}},"loc":{"start":{"line":22,"column":4},"end":{"line":24,"column":7}},"line":22},"4":{"name":"(anonymous_4)","decl":{"start":{"line":22,"column":8},"end":{"line":22,"column":9}},"loc":{"start":{"line":22,"column":20},"end":{"line":24,"column":5}},"line":22},"5":{"name":"(anonymous_5)","decl":{"start":{"line":25,"column":9},"end":{"line":25,"column":10}},"loc":{"start":{"line":25,"column":15},"end":{"line":25,"column":51}},"line":25}},"branchMap":{"0":{"loc":{"start":{"line":23,"column":12},"end":{"line":23,"column":61}},"type":"cond-expr","locations":[{"start":{"line":23,"column":25},"end":{"line":23,"column":54}},{"start":{"line":23,"column":57},"end":{"line":23,"column":61}}],"line":23}},"s":{"0":4,"1":4,"2":5,"3":0,"4":2,"5":2,"6":7},"f":{"0":4,"1":5,"2":0,"3":2,"4":2,"5":7},"b":{"0":[1,1]},"_coverageSchema":"1a1c01bbd47fc00a2c39e90264f33305004495a9","hash":"2966501ab32c60e271fc5209aaa6f3e33d9508c3"}
}
