TN:
SF:app/+not-found.tsx
FN:5,NotFoundScreen
FNF:1
FNH:1
FNDA:6,NotFoundScreen
DA:6,6
DA:19,4
LF:2
LH:2
BRF:0
BRH:0
end_of_record
TN:
SF:app/_layout.tsx
FN:41,RootLayout
FN:51,(anonymous_1)
FN:55,(anonymous_2)
FN:59,(anonymous_3)
FN:61,(anonymous_4)
FN:74,RootLayoutNav
FN:79,(anonymous_6)
FN:82,(anonymous_7)
FN:88,(anonymous_8)
FN:92,(anonymous_9)
FN:96,(anonymous_10)
FN:104,(anonymous_11)
FN:111,(anonymous_12)
FNF:13
FNH:10
FNDA:16,RootLayout
FNDA:16,(anonymous_1)
FNDA:16,(anonymous_2)
FNDA:16,(anonymous_3)
FNDA:0,(anonymous_4)
FNDA:16,RootLayoutNav
FNDA:16,(anonymous_6)
FNDA:16,(anonymous_7)
FNDA:16,(anonymous_8)
FNDA:0,(anonymous_9)
FNDA:0,(anonymous_10)
FNDA:16,(anonymous_11)
FNDA:16,(anonymous_12)
DA:30,4
DA:35,4
DA:36,4
DA:42,16
DA:51,16
DA:52,16
DA:55,16
DA:56,16
DA:59,16
DA:60,16
DA:61,16
DA:67,16
DA:68,0
DA:71,16
DA:75,16
DA:76,16
DA:78,16
DA:79,16
DA:82,16
DA:83,16
DA:84,16
DA:88,16
DA:89,16
DA:91,1
DA:92,1
DA:93,0
DA:96,1
DA:97,0
DA:100,1
DA:104,16
DA:105,16
DA:106,12
DA:111,16
DA:112,16
DA:114,15
DA:115,15
DA:116,15
DA:118,15
DA:120,11
DA:121,11
DA:123,4
DA:125,2
DA:126,1
DA:128,2
DA:130,1
DA:131,1
DA:135,1
DA:136,1
DA:141,16
LF:49
LH:46
BRDA:56,0,0,0
BRDA:56,0,1,16
BRDA:60,1,0,16
BRDA:60,1,1,0
BRDA:67,2,0,0
BRDA:67,2,1,16
BRDA:89,3,0,15
BRDA:89,3,1,1
BRDA:89,4,0,16
BRDA:89,4,1,2
BRDA:89,4,2,2
BRDA:105,5,0,12
BRDA:105,5,1,4
BRDA:105,6,0,16
BRDA:105,6,1,14
BRDA:112,7,0,1
BRDA:112,7,1,15
BRDA:118,8,0,11
BRDA:118,8,1,4
BRDA:118,9,0,15
BRDA:118,9,1,13
BRDA:120,10,0,11
BRDA:120,10,1,0
BRDA:123,11,0,2
BRDA:123,11,1,2
BRDA:123,12,0,4
BRDA:123,12,1,2
BRDA:125,13,0,1
BRDA:125,13,1,1
BRDA:128,14,0,1
BRDA:128,14,1,1
BRDA:128,15,0,2
BRDA:128,15,1,2
BRDA:130,16,0,1
BRDA:130,16,1,0
BRDA:135,17,0,1
BRDA:135,17,1,0
BRDA:135,18,0,1
BRDA:135,18,1,0
BRDA:143,19,0,16
BRDA:143,19,1,2
BRF:41
BRH:34
end_of_record
TN:
SF:app/account-delete-confirm.tsx
FN:20,AccountDeleteConfirmScreen
FN:23,(anonymous_1)
FN:33,(anonymous_2)
FN:59,(anonymous_3)
FN:83,(anonymous_4)
FN:132,(anonymous_5)
FNF:6
FNH:3
FNDA:10,AccountDeleteConfirmScreen
FNDA:10,(anonymous_1)
FNDA:0,(anonymous_2)
FNDA:0,(anonymous_3)
FNDA:40,(anonymous_4)
FNDA:0,(anonymous_5)
DA:21,10
DA:22,10
DA:23,10
DA:25,10
DA:27,10
DA:28,10
DA:29,10
DA:31,10
DA:33,10
DA:34,0
DA:36,0
DA:37,0
DA:39,0
DA:40,0
DA:41,0
DA:43,0
DA:44,0
DA:48,10
DA:55,10
DA:59,0
DA:84,40
DA:132,0
DA:143,5
LF:23
LH:13
BRDA:34,0,0,0
BRDA:34,0,1,0
BRDA:34,1,0,0
BRDA:34,1,1,0
BRDA:60,2,0,0
BRDA:60,2,1,10
BRDA:108,3,0,0
BRDA:108,3,1,10
BRDA:116,4,0,10
BRDA:116,4,1,10
BRDA:118,5,0,10
BRDA:118,5,1,0
BRDA:120,6,0,0
BRDA:120,6,1,10
BRF:14
BRH:6
end_of_record
TN:
SF:app/community-create.tsx
FN:38,CommunityCreateScreen
FN:53,(anonymous_1)
FN:87,(anonymous_2)
FN:99,(anonymous_3)
FN:117,(anonymous_4)
FN:121,(anonymous_5)
FN:129,(anonymous_6)
FN:174,(anonymous_7)
FN:181,(anonymous_8)
FN:200,(anonymous_9)
FN:207,(anonymous_10)
FNF:11
FNH:3
FNDA:6,CommunityCreateScreen
FNDA:0,(anonymous_1)
FNDA:0,(anonymous_2)
FNDA:0,(anonymous_3)
FNDA:0,(anonymous_4)
FNDA:0,(anonymous_5)
FNDA:0,(anonymous_6)
FNDA:18,(anonymous_7)
FNDA:0,(anonymous_8)
FNDA:24,(anonymous_9)
FNDA:0,(anonymous_10)
DA:27,4
DA:28,4
DA:29,4
DA:30,4
DA:35,4
DA:36,4
DA:39,6
DA:40,6
DA:41,6
DA:43,6
DA:44,6
DA:45,6
DA:46,6
DA:47,6
DA:48,6
DA:49,6
DA:51,6
DA:53,6
DA:54,0
DA:56,0
DA:57,0
DA:58,0
DA:66,0
DA:67,0
DA:69,0
DA:76,0
DA:80,6
DA:82,6
DA:87,0
DA:99,0
DA:117,0
DA:122,0
DA:129,0
DA:175,18
DA:181,0
DA:201,24
DA:207,0
DA:235,4
LF:38
LH:23
BRDA:54,0,0,0
BRDA:54,0,1,0
BRDA:54,1,0,0
BRDA:54,1,1,0
BRDA:62,2,0,0
BRDA:62,2,1,0
BRDA:63,3,0,0
BRDA:63,3,1,0
BRDA:66,4,0,0
BRDA:66,4,1,0
BRDA:80,5,0,4
BRDA:80,5,1,2
BRDA:84,6,0,6
BRDA:84,6,1,2
BRDA:85,7,0,6
BRDA:85,7,1,3
BRDA:101,8,0,0
BRDA:101,8,1,6
BRDA:114,9,0,0
BRDA:114,9,1,6
BRDA:125,10,0,0
BRDA:125,10,1,0
BRDA:179,11,0,18
BRDA:179,11,1,6
BRDA:186,12,0,18
BRDA:186,12,1,6
BRDA:205,13,0,24
BRDA:205,13,1,0
BRDA:207,14,0,0
BRDA:207,14,1,0
BRDA:212,15,0,24
BRDA:212,15,1,0
BRDA:226,16,0,6
BRDA:226,16,1,0
BRF:34
BRH:15
end_of_record
TN:
SF:app/mbti-select.tsx
FN:9,MbtiSelectModal
FN:15,(anonymous_1)
FN:17,(anonymous_2)
FN:23,(anonymous_3)
FN:32,(anonymous_4)
FNF:5
FNH:4
FNDA:14,MbtiSelectModal
FNDA:14,(anonymous_1)
FNDA:2,(anonymous_2)
FNDA:12,(anonymous_3)
FNDA:0,(anonymous_4)
DA:10,14
DA:11,14
DA:12,14
DA:15,14
DA:16,14
DA:17,12
DA:18,2
DA:19,1
DA:22,12
DA:23,12
DA:26,14
DA:28,14
DA:32,0
DA:45,5
LF:14
LH:13
BRDA:16,0,0,2
BRDA:16,0,1,12
BRDA:18,1,0,1
BRDA:18,1,1,1
BRDA:26,2,0,12
BRDA:26,2,1,2
BRDA:29,3,0,14
BRDA:29,3,1,2
BRDA:30,4,0,14
BRDA:30,4,1,12
BRF:10
BRH:10
end_of_record
TN:
SF:app/notification-settings.tsx
FN:47,NotificationSettingsModal
FN:50,(anonymous_1)
FN:57,(anonymous_2)
FN:97,(anonymous_3)
FN:102,(anonymous_4)
FN:107,(anonymous_5)
FN:118,(anonymous_6)
FN:125,(anonymous_7)
FN:137,(anonymous_8)
FN:189,(anonymous_9)
FN:196,(anonymous_10)
FN:203,(anonymous_11)
FN:210,(anonymous_12)
FN:230,NotificationRow
FNF:14
FNH:4
FNDA:10,NotificationSettingsModal
FNDA:10,(anonymous_1)
FNDA:8,(anonymous_2)
FNDA:8,(anonymous_3)
FNDA:0,(anonymous_4)
FNDA:0,(anonymous_5)
FNDA:0,(anonymous_6)
FNDA:0,(anonymous_7)
FNDA:0,(anonymous_8)
FNDA:0,(anonymous_9)
FNDA:0,(anonymous_10)
FNDA:0,(anonymous_11)
FNDA:0,(anonymous_12)
FNDA:0,NotificationRow
DA:39,5
DA:48,10
DA:49,10
DA:50,10
DA:52,10
DA:53,10
DA:54,10
DA:55,10
DA:57,10
DA:58,8
DA:60,3
DA:61,3
DA:63,3
DA:64,3
DA:73,3
DA:75,3
DA:77,0
DA:83,0
DA:84,0
DA:85,3
DA:86,0
DA:88,3
DA:91,0
DA:93,3
DA:97,10
DA:98,8
DA:101,10
DA:103,0
DA:106,0
DA:107,0
DA:109,0
DA:110,0
DA:115,0
DA:118,0
DA:119,0
DA:125,10
DA:126,0
DA:127,0
DA:131,10
DA:137,0
DA:189,0
DA:196,0
DA:203,0
DA:210,0
DA:238,0
DA:258,5
LF:46
LH:25
BRDA:58,0,0,5
BRDA:58,0,1,3
BRDA:75,1,0,0
BRDA:75,1,1,3
BRDA:75,2,0,3
BRDA:75,2,1,0
BRDA:83,3,0,0
BRDA:83,3,1,0
BRDA:85,4,0,0
BRDA:85,4,1,3
BRDA:103,5,0,0
BRDA:103,5,1,0
BRDA:103,6,0,0
BRDA:103,6,1,0
BRDA:107,7,0,0
BRDA:107,7,1,0
BRDA:115,8,0,0
BRDA:115,8,1,0
BRDA:118,9,0,0
BRDA:118,9,1,0
BRDA:126,10,0,0
BRDA:126,10,1,0
BRDA:148,11,0,8
BRDA:148,11,1,2
BRDA:158,12,0,0
BRDA:158,12,1,10
BRDA:158,13,0,10
BRDA:158,13,1,0
BRDA:171,14,0,8
BRDA:171,14,1,2
BRDA:175,15,0,0
BRDA:175,15,1,2
BRDA:182,16,0,0
BRDA:182,16,1,2
BRDA:236,17,0,0
BRDA:239,18,0,0
BRDA:239,18,1,0
BRF:37
BRH:13
end_of_record
TN:
SF:app/subscription-manage.tsx
FN:32,SubscriptionManageScreen
FN:36,(anonymous_1)
FN:41,(anonymous_2)
FN:42,(anonymous_3)
FN:80,(anonymous_4)
FN:101,(anonymous_5)
FN:129,(anonymous_6)
FN:138,(anonymous_7)
FN:153,(anonymous_8)
FN:265,(anonymous_9)
FN:275,StatCard
FNF:11
FNH:8
FNDA:22,SubscriptionManageScreen
FNDA:22,(anonymous_1)
FNDA:14,(anonymous_2)
FNDA:14,(anonymous_3)
FNDA:0,(anonymous_4)
FNDA:6,(anonymous_5)
FNDA:22,(anonymous_6)
FNDA:22,(anonymous_7)
FNDA:0,(anonymous_8)
FNDA:0,(anonymous_9)
FNDA:32,StatCard
DA:33,22
DA:34,22
DA:35,22
DA:36,22
DA:37,22
DA:38,22
DA:39,22
DA:41,22
DA:42,14
DA:43,14
DA:44,8
DA:45,8
DA:61,8
DA:62,8
DA:63,8
DA:65,8
DA:72,0
DA:74,8
DA:77,14
DA:80,22
DA:81,0
DA:83,0
DA:84,0
DA:86,0
DA:87,0
DA:101,22
DA:102,6
DA:103,6
DA:104,6
DA:105,6
DA:107,3
DA:108,3
DA:109,2
DA:114,1
DA:120,6
DA:122,0
DA:123,0
DA:125,0
DA:129,22
DA:130,22
DA:131,16
DA:132,0
DA:133,0
DA:134,6
DA:138,22
DA:139,22
DA:140,16
DA:141,0
DA:142,0
DA:143,0
DA:144,0
DA:145,6
DA:149,22
DA:153,0
DA:265,0
DA:280,32
DA:289,6
LF:57
LH:40
BRDA:43,0,0,6
BRDA:43,0,1,8
BRDA:66,1,0,8
BRDA:66,1,1,0
BRDA:67,2,0,8
BRDA:67,2,1,0
BRDA:68,3,0,8
BRDA:68,3,1,0
BRDA:81,4,0,0
BRDA:81,4,1,0
BRDA:86,5,0,0
BRDA:86,5,1,0
BRDA:89,6,0,0
BRDA:89,6,1,0
BRDA:102,7,0,6
BRDA:102,7,1,0
BRDA:107,8,0,3
BRDA:107,8,1,0
BRDA:108,9,0,2
BRDA:108,9,1,1
BRDA:122,10,0,0
BRDA:122,10,1,0
BRDA:130,11,0,16
BRDA:130,11,1,0
BRDA:130,11,2,0
BRDA:130,11,3,6
BRDA:139,12,0,16
BRDA:139,12,1,0
BRDA:139,12,2,0
BRDA:139,12,3,0
BRDA:139,12,4,0
BRDA:139,12,5,6
BRDA:141,13,0,0
BRDA:141,13,1,0
BRDA:174,14,0,16
BRDA:174,14,1,6
BRDA:180,15,0,16
BRDA:180,15,1,6
BRDA:189,16,0,14
BRDA:189,16,1,8
BRDA:191,17,0,8
BRDA:191,17,1,0
BRDA:200,18,0,8
BRDA:200,18,1,0
BRDA:202,19,0,8
BRDA:202,19,1,0
BRDA:216,20,0,0
BRDA:216,20,1,22
BRDA:222,21,0,20
BRDA:222,21,1,2
BRDA:239,22,0,16
BRDA:239,22,1,6
BRDA:239,23,0,22
BRDA:239,23,1,16
BRDA:251,24,0,0
BRDA:251,24,1,22
BRDA:262,25,0,6
BRDA:262,25,1,16
BRF:58
BRH:32
end_of_record
TN:
SF:app/token-purchase.tsx
FN:29,TokenPurchaseModal
FN:34,(anonymous_1)
FN:62,(anonymous_2)
FN:73,(anonymous_3)
FN:80,(anonymous_4)
FNF:5
FNH:5
FNDA:26,TokenPurchaseModal
FNDA:7,(anonymous_1)
FNDA:1,(anonymous_2)
FNDA:78,(anonymous_3)
FNDA:7,(anonymous_4)
DA:23,6
DA:30,26
DA:31,26
DA:32,26
DA:34,26
DA:35,7
DA:36,7
DA:37,7
DA:40,7
DA:41,7
DA:43,2
DA:48,7
DA:52,0
DA:59,26
DA:62,1
DA:74,78
DA:75,78
DA:76,78
DA:80,7
DA:111,6
LF:20
LH:19
BRDA:35,0,0,7
BRDA:35,0,1,0
BRDA:79,1,0,78
BRDA:79,1,1,1
BRDA:89,2,0,72
BRDA:89,2,1,6
BRDA:93,3,0,1
BRDA:93,3,1,77
BRDA:101,4,0,24
BRDA:101,4,1,2
BRF:10
BRH:9
end_of_record
TN:
SF:app/twin-conversation-detail.tsx
FN:11,TwinConversationDetailModal
FN:28,(anonymous_1)
FN:50,(anonymous_2)
FNF:3
FNH:2
FNDA:8,TwinConversationDetailModal
FNDA:0,(anonymous_1)
FNDA:32,(anonymous_2)
DA:12,8
DA:13,8
DA:16,8
DA:23,8
DA:28,0
DA:51,32
DA:77,4
LF:7
LH:6
BRDA:53,0,0,16
BRDA:53,0,1,16
BRDA:55,1,0,32
BRDA:55,1,1,16
BRDA:60,2,0,16
BRDA:60,2,1,16
BRDA:61,3,0,16
BRDA:61,3,1,16
BRDA:64,4,0,32
BRDA:64,4,1,16
BRF:10
BRH:10
end_of_record
TN:
SF:app/(auth)/_layout.tsx
FN:3,AuthLayout
FNF:1
FNH:1
FNDA:3,AuthLayout
DA:4,3
LF:1
LH:1
BRF:0
BRH:0
end_of_record
TN:
SF:app/(auth)/login.tsx
FN:16,LoginScreen
FN:23,(anonymous_1)
FN:34,(anonymous_2)
FN:45,(anonymous_3)
FN:49,(anonymous_4)
FN:53,(anonymous_5)
FN:135,(anonymous_6)
FN:156,(anonymous_7)
FN:194,(anonymous_8)
FN:200,(anonymous_9)
FNF:10
FNH:6
FNDA:21,LoginScreen
FNDA:0,(anonymous_1)
FNDA:2,(anonymous_2)
FNDA:6,(anonymous_3)
FNDA:0,(anonymous_4)
FNDA:1,(anonymous_5)
FNDA:10,(anonymous_6)
FNDA:10,(anonymous_7)
FNDA:0,(anonymous_8)
FNDA:0,(anonymous_9)
DA:17,21
DA:18,21
DA:19,21
DA:20,21
DA:21,21
DA:23,21
DA:24,0
DA:25,0
DA:26,0
DA:28,0
DA:30,0
DA:34,21
DA:35,2
DA:36,2
DA:37,2
DA:39,1
DA:41,2
DA:45,21
DA:46,6
DA:49,21
DA:50,0
DA:53,21
DA:54,1
DA:55,1
DA:58,21
DA:135,10
DA:156,10
DA:194,0
DA:200,0
DA:213,4
LF:30
LH:22
BRDA:61,0,0,11
BRDA:61,0,1,10
BRDA:133,1,0,10
BRDA:133,1,1,0
BRDA:137,2,0,10
BRDA:137,2,1,0
BRDA:142,3,0,0
BRDA:142,3,1,10
BRDA:158,4,0,10
BRDA:158,4,1,0
BRDA:163,5,0,2
BRDA:163,5,1,8
BRDA:190,6,0,10
BRDA:190,6,1,0
BRF:14
BRH:9
end_of_record
TN:
SF:app/(onboarding)/_layout.tsx
FN:3,OnboardingLayout
FNF:1
FNH:1
FNDA:6,OnboardingLayout
DA:4,6
LF:1
LH:1
BRF:0
BRH:0
end_of_record
TN:
SF:app/(onboarding)/choose-avatar.tsx
FN:23,(anonymous_0)
FN:25,ChooseAvatarScreen
FN:28,(anonymous_2)
FN:29,(anonymous_3)
FN:31,(anonymous_4)
FN:37,(anonymous_5)
FN:42,(anonymous_6)
FN:55,(anonymous_7)
FN:67,(anonymous_8)
FNF:9
FNH:6
FNDA:96,(anonymous_0)
FNDA:6,ChooseAvatarScreen
FNDA:6,(anonymous_2)
FNDA:6,(anonymous_3)
FNDA:0,(anonymous_4)
FNDA:108,(anonymous_5)
FNDA:0,(anonymous_6)
FNDA:118,(anonymous_7)
FNDA:0,(anonymous_8)
DA:16,4
DA:23,96
DA:26,6
DA:27,6
DA:28,6
DA:29,6
DA:31,6
DA:32,0
DA:33,0
DA:36,6
DA:38,108
DA:39,108
DA:42,0
DA:55,118
DA:57,6
DA:59,6
DA:60,6
DA:62,6
DA:67,0
DA:118,4
LF:20
LH:16
BRDA:32,0,0,0
BRDA:32,0,1,0
BRDA:41,1,0,0
BRDA:41,1,1,108
BRDA:57,2,0,6
BRDA:57,2,1,0
BRDA:59,3,0,4
BRDA:59,3,1,2
BRDA:60,4,0,3
BRDA:60,4,1,3
BRDA:65,5,0,6
BRDA:65,5,1,3
BRDA:75,6,0,6
BRDA:75,6,1,0
BRDA:76,7,0,0
BRDA:76,7,1,6
BRF:16
BRH:10
end_of_record
TN:
SF:app/(onboarding)/choose-tone.tsx
FN:23,ChooseToneScreen
FN:26,(anonymous_1)
FN:27,(anonymous_2)
FN:29,(anonymous_3)
FN:41,(anonymous_4)
FN:54,(anonymous_5)
FN:60,(anonymous_6)
FNF:7
FNH:4
FNDA:6,ChooseToneScreen
FNDA:6,(anonymous_1)
FNDA:6,(anonymous_2)
FNDA:0,(anonymous_3)
FNDA:0,(anonymous_4)
FNDA:30,(anonymous_5)
FNDA:0,(anonymous_6)
DA:15,4
DA:24,6
DA:25,6
DA:26,6
DA:27,6
DA:29,6
DA:30,0
DA:31,0
DA:34,6
DA:36,6
DA:41,0
DA:55,30
DA:56,30
DA:60,0
DA:91,4
LF:15
LH:11
BRDA:30,0,0,0
BRDA:30,0,1,0
BRDA:34,1,0,4
BRDA:34,1,1,2
BRDA:39,2,0,6
BRDA:39,2,1,3
BRDA:59,3,0,0
BRDA:59,3,1,30
BRDA:63,4,0,0
BRDA:63,4,1,30
BRDA:68,5,0,0
BRDA:68,5,1,30
BRF:12
BRH:7
end_of_record
TN:
SF:app/(onboarding)/meet-twin.tsx
FN:35,MeetTwinScreen
FN:37,(anonymous_1)
FN:38,(anonymous_2)
FN:39,(anonymous_3)
FN:40,(anonymous_4)
FN:54,(anonymous_5)
FN:56,(anonymous_6)
FN:75,(anonymous_7)
FN:86,(anonymous_8)
FN:109,(anonymous_9)
FN:121,(anonymous_10)
FN:142,(anonymous_11)
FN:160,(anonymous_12)
FN:172,(anonymous_13)
FN:182,(anonymous_14)
FN:192,(anonymous_15)
FN:196,(anonymous_16)
FN:206,(anonymous_17)
FN:232,(anonymous_18)
FN:335,(anonymous_19)
FNF:20
FNH:10
FNDA:14,MeetTwinScreen
FNDA:14,(anonymous_1)
FNDA:14,(anonymous_2)
FNDA:14,(anonymous_3)
FNDA:14,(anonymous_4)
FNDA:7,(anonymous_5)
FNDA:0,(anonymous_6)
FNDA:7,(anonymous_7)
FNDA:7,(anonymous_8)
FNDA:0,(anonymous_9)
FNDA:0,(anonymous_10)
FNDA:0,(anonymous_11)
FNDA:0,(anonymous_12)
FNDA:0,(anonymous_13)
FNDA:0,(anonymous_14)
FNDA:0,(anonymous_15)
FNDA:0,(anonymous_16)
FNDA:7,(anonymous_17)
FNDA:9,(anonymous_18)
FNDA:0,(anonymous_19)
DA:27,4
DA:36,14
DA:37,14
DA:38,14
DA:39,14
DA:40,14
DA:41,14
DA:43,14
DA:45,14
DA:46,14
DA:47,14
DA:48,14
DA:49,14
DA:51,14
DA:54,14
DA:55,7
DA:56,0
DA:57,0
DA:58,0
DA:61,0
DA:67,0
DA:69,0
DA:71,0
DA:75,14
DA:76,7
DA:77,7
DA:86,14
DA:87,7
DA:88,7
DA:89,7
DA:92,0
DA:93,0
DA:106,0
DA:109,14
DA:110,0
DA:111,0
DA:112,0
DA:113,0
DA:114,0
DA:115,0
DA:118,0
DA:121,14
DA:122,0
DA:123,0
DA:125,0
DA:131,0
DA:132,0
DA:133,0
DA:134,0
DA:136,0
DA:137,0
DA:139,0
DA:140,0
DA:142,0
DA:151,0
DA:160,0
DA:162,0
DA:163,0
DA:166,0
DA:167,0
DA:172,0
DA:174,0
DA:175,0
DA:178,0
DA:182,14
DA:183,0
DA:184,0
DA:186,0
DA:187,0
DA:189,0
DA:192,14
DA:193,0
DA:196,14
DA:197,0
DA:198,0
DA:200,0
DA:202,0
DA:205,14
DA:207,7
DA:208,7
DA:232,14
DA:234,14
DA:236,14
DA:318,14
DA:336,0
DA:353,14
DA:354,10
DA:365,4
DA:380,4
LF:89
LH:39
BRDA:55,0,0,0
BRDA:55,0,1,7
BRDA:55,1,0,7
BRDA:55,1,1,0
BRDA:63,2,0,0
BRDA:63,2,1,0
BRDA:64,3,0,0
BRDA:64,3,1,0
BRDA:64,4,0,0
BRDA:64,4,1,0
BRDA:88,5,0,7
BRDA:88,5,1,0
BRDA:106,6,0,0
BRDA:106,6,1,0
BRDA:113,7,0,0
BRDA:113,7,1,0
BRDA:123,8,0,0
BRDA:123,8,1,0
BRDA:123,9,0,0
BRDA:123,9,1,0
BRDA:123,9,2,0
BRDA:143,10,0,0
BRDA:143,10,1,0
BRDA:155,11,0,0
BRDA:155,11,1,0
BRDA:155,12,0,0
BRDA:155,12,1,0
BRDA:162,13,0,0
BRDA:162,13,1,0
BRDA:174,14,0,0
BRDA:174,14,1,0
BRDA:183,15,0,0
BRDA:183,15,1,0
BRDA:186,16,0,0
BRDA:186,16,1,0
BRDA:212,17,0,7
BRDA:212,17,1,0
BRDA:215,18,0,7
BRDA:215,18,1,0
BRDA:221,19,0,7
BRDA:221,19,1,0
BRDA:236,20,0,0
BRDA:236,20,1,14
BRDA:250,21,0,10
BRDA:250,21,1,4
BRDA:251,22,0,4
BRDA:251,22,1,10
BRDA:270,23,0,4
BRDA:270,23,1,0
BRDA:270,23,2,4
BRDA:273,24,0,4
BRDA:273,24,1,0
BRDA:301,25,0,10
BRDA:301,25,1,0
BRDA:301,25,2,10
BRDA:304,26,0,10
BRDA:304,26,1,0
BRDA:340,27,0,0
BRDA:340,27,1,14
BRDA:353,28,0,10
BRDA:353,28,1,4
BRDA:357,29,0,10
BRDA:357,29,1,8
BRDA:370,30,0,2
BRDA:370,30,1,2
BRF:65
BRH:24
end_of_record
TN:
SF:app/(onboarding)/personality-quiz.tsx
FN:16,PersonalityQuizScreen
FN:35,(anonymous_1)
FN:40,(anonymous_2)
FN:52,(anonymous_3)
FN:117,(anonymous_4)
FN:121,(anonymous_5)
FN:130,(anonymous_6)
FN:132,(anonymous_7)
FN:171,(anonymous_8)
FN:173,(anonymous_9)
FN:185,(anonymous_10)
FNF:11
FNH:2
FNDA:7,PersonalityQuizScreen
FNDA:0,(anonymous_1)
FNDA:0,(anonymous_2)
FNDA:0,(anonymous_3)
FNDA:0,(anonymous_4)
FNDA:0,(anonymous_5)
FNDA:0,(anonymous_6)
FNDA:0,(anonymous_7)
FNDA:14,(anonymous_8)
FNDA:0,(anonymous_9)
FNDA:0,(anonymous_10)
DA:25,7
DA:27,7
DA:28,7
DA:30,7
DA:31,7
DA:32,7
DA:34,7
DA:36,0
DA:41,0
DA:42,0
DA:52,7
DA:53,0
DA:54,0
DA:55,0
DA:56,0
DA:60,0
DA:61,0
DA:62,0
DA:78,0
DA:95,0
DA:96,0
DA:97,0
DA:113,0
DA:117,7
DA:118,0
DA:120,0
DA:121,0
DA:122,0
DA:125,0
DA:126,0
DA:130,7
DA:131,0
DA:132,0
DA:133,0
DA:138,7
DA:140,7
DA:172,14
DA:173,0
DA:176,14
DA:178,14
DA:185,0
DA:214,4
LF:42
LH:16
BRDA:60,0,0,0
BRDA:60,0,1,0
BRDA:79,1,0,0
BRDA:79,1,1,0
BRDA:80,2,0,0
BRDA:80,2,1,0
BRDA:83,3,0,0
BRDA:83,3,1,0
BRDA:84,4,0,0
BRDA:84,4,1,0
BRDA:91,5,0,0
BRDA:91,5,1,0
BRDA:120,6,0,0
BRDA:120,6,1,0
BRDA:131,7,0,0
BRDA:131,7,1,0
BRDA:138,8,0,5
BRDA:138,8,1,2
BRDA:143,9,0,7
BRDA:143,9,1,4
BRDA:153,10,0,7
BRDA:153,10,1,0
BRDA:183,11,0,14
BRDA:183,11,1,0
BRDA:190,12,0,0
BRDA:190,12,1,14
BRDA:198,13,0,14
BRDA:198,13,1,0
BRF:28
BRH:8
end_of_record
TN:
SF:app/(onboarding)/result.tsx
FN:22,TraitBar
FN:36,ResultScreen
FN:41,(anonymous_2)
FN:72,(anonymous_3)
FN:100,(anonymous_4)
FNF:5
FNH:1
FNDA:0,TraitBar
FNDA:6,ResultScreen
FNDA:0,(anonymous_2)
FNDA:0,(anonymous_3)
FNDA:0,(anonymous_4)
DA:14,4
DA:23,0
DA:37,6
DA:38,6
DA:39,6
DA:41,6
DA:42,0
DA:45,6
DA:47,6
DA:48,6
DA:65,0
DA:67,0
DA:72,0
DA:101,0
DA:151,4
DA:184,4
LF:16
LH:10
BRDA:45,0,0,4
BRDA:45,0,1,2
BRDA:47,1,0,6
BRDA:47,1,1,0
BRDA:47,2,0,6
BRDA:47,2,1,6
BRDA:70,3,0,0
BRDA:70,3,1,0
BRDA:95,4,0,0
BRDA:95,4,1,0
BRDA:110,5,0,0
BRDA:110,5,1,0
BRF:12
BRH:5
end_of_record
TN:
SF:app/(onboarding)/welcome.tsx
FN:12,WelcomeScreen
FN:14,(anonymous_1)
FN:17,(anonymous_2)
FNF:3
FNH:2
FNDA:7,WelcomeScreen
FNDA:7,(anonymous_1)
FNDA:0,(anonymous_2)
DA:13,7
DA:14,7
DA:15,7
DA:17,7
DA:18,0
DA:19,0
DA:22,7
DA:24,7
DA:58,4
LF:9
LH:7
BRDA:22,0,0,5
BRDA:22,0,1,2
BRDA:27,1,0,7
BRDA:27,1,1,4
BRF:4
BRH:4
end_of_record
TN:
SF:app/(paywall)/_layout.tsx
FN:3,PaywallLayout
FNF:1
FNH:1
FNDA:3,PaywallLayout
DA:4,3
LF:1
LH:1
BRF:0
BRH:0
end_of_record
TN:
SF:app/(paywall)/index.tsx
FN:20,(anonymous_0)
FN:36,(anonymous_1)
FN:47,WebPaywallScreen
FN:54,(anonymous_3)
FN:72,(anonymous_4)
FN:96,(anonymous_5)
FN:109,(anonymous_6)
FN:120,(anonymous_7)
FN:168,NativePaywallScreen
FN:172,(anonymous_9)
FN:181,(anonymous_10)
FN:185,(anonymous_11)
FN:186,(anonymous_12)
FN:220,(anonymous_13)
FN:223,(anonymous_14)
FN:232,(anonymous_15)
FN:239,(anonymous_16)
FN:242,(anonymous_17)
FN:248,(anonymous_18)
FN:250,(anonymous_19)
FN:252,(anonymous_20)
FN:258,(anonymous_21)
FN:278,(anonymous_22)
FN:284,(anonymous_23)
FN:296,(anonymous_24)
FN:331,(anonymous_25)
FN:342,(anonymous_26)
FN:351,(anonymous_27)
FN:361,(anonymous_28)
FN:403,PaywallScreen
FNF:30
FNH:14
FNDA:4,(anonymous_0)
FNDA:0,(anonymous_1)
FNDA:16,WebPaywallScreen
FNDA:4,(anonymous_3)
FNDA:1,(anonymous_4)
FNDA:96,(anonymous_5)
FNDA:1,(anonymous_6)
FNDA:0,(anonymous_7)
FNDA:2,NativePaywallScreen
FNDA:2,(anonymous_9)
FNDA:2,(anonymous_10)
FNDA:2,(anonymous_11)
FNDA:2,(anonymous_12)
FNDA:2,(anonymous_13)
FNDA:0,(anonymous_14)
FNDA:0,(anonymous_15)
FNDA:0,(anonymous_16)
FNDA:0,(anonymous_17)
FNDA:0,(anonymous_18)
FNDA:0,(anonymous_19)
FNDA:0,(anonymous_20)
FNDA:0,(anonymous_21)
FNDA:0,(anonymous_22)
FNDA:0,(anonymous_23)
FNDA:0,(anonymous_24)
FNDA:12,(anonymous_25)
FNDA:0,(anonymous_26)
FNDA:0,(anonymous_27)
FNDA:0,(anonymous_28)
FNDA:3,PaywallScreen
DA:17,4
DA:20,4
DA:21,4
DA:27,4
DA:36,4
DA:37,0
DA:38,0
DA:39,0
DA:40,0
DA:41,0
DA:42,0
DA:48,16
DA:49,16
DA:50,16
DA:51,16
DA:52,16
DA:54,16
DA:55,4
DA:56,4
DA:57,1
DA:58,1
DA:61,3
DA:62,3
DA:63,3
DA:64,3
DA:66,1
DA:67,1
DA:68,1
DA:72,16
DA:73,1
DA:76,16
DA:97,96
DA:109,1
DA:120,0
DA:169,2
DA:170,2
DA:171,2
DA:172,2
DA:174,2
DA:175,2
DA:176,2
DA:177,2
DA:178,2
DA:179,2
DA:181,2
DA:182,2
DA:185,2
DA:186,2
DA:187,2
DA:188,2
DA:189,2
DA:190,2
DA:193,0
DA:194,0
DA:195,0
DA:196,0
DA:198,0
DA:199,0
DA:200,0
DA:203,0
DA:204,0
DA:205,0
DA:206,0
DA:209,0
DA:210,0
DA:211,0
DA:213,0
DA:217,2
DA:220,2
DA:221,2
DA:223,0
DA:224,0
DA:226,0
DA:227,0
DA:229,0
DA:230,0
DA:231,0
DA:232,0
DA:233,0
DA:235,0
DA:239,0
DA:242,2
DA:243,0
DA:245,0
DA:246,0
DA:248,0
DA:250,0
DA:252,0
DA:254,0
DA:258,2
DA:259,0
DA:260,0
DA:261,0
DA:262,0
DA:265,0
DA:266,0
DA:267,0
DA:268,0
DA:269,0
DA:272,0
DA:274,0
DA:278,2
DA:279,0
DA:280,0
DA:281,0
DA:282,0
DA:283,0
DA:284,0
DA:287,0
DA:290,0
DA:292,0
DA:296,2
DA:297,0
DA:300,2
DA:304,2
DA:332,12
DA:342,0
DA:351,0
DA:361,0
DA:404,3
DA:405,1
DA:407,2
DA:412,4
DA:555,4
LF:124
LH:60
BRDA:21,0,0,1
BRDA:21,0,1,3
BRDA:22,1,0,1
BRDA:22,1,1,0
BRDA:23,2,0,3
BRDA:23,2,1,1
BRDA:37,3,0,0
BRDA:37,3,1,0
BRDA:56,4,0,1
BRDA:56,4,1,3
BRDA:66,5,0,1
BRDA:66,5,1,0
BRDA:108,6,0,16
BRDA:108,6,1,2
BRDA:119,7,0,16
BRDA:119,7,1,14
BRDA:133,8,0,16
BRDA:133,8,1,2
BRDA:139,9,0,2
BRDA:139,9,1,14
BRDA:188,10,0,2
BRDA:188,10,1,0
BRDA:198,11,0,0
BRDA:198,11,1,0
BRDA:204,12,0,0
BRDA:204,12,1,0
BRDA:221,13,0,2
BRDA:221,13,1,0
BRDA:224,14,0,0
BRDA:224,14,1,0
BRDA:229,15,0,0
BRDA:229,15,1,0
BRDA:232,16,0,0
BRDA:232,16,1,0
BRDA:243,17,0,0
BRDA:243,17,1,0
BRDA:246,18,0,0
BRDA:246,18,1,0
BRDA:246,18,2,0
BRDA:246,18,3,0
BRDA:248,19,0,0
BRDA:248,19,1,0
BRDA:250,20,0,0
BRDA:250,20,1,0
BRDA:252,21,0,0
BRDA:252,21,1,0
BRDA:260,22,0,0
BRDA:260,22,1,0
BRDA:268,23,0,0
BRDA:268,23,1,0
BRDA:282,24,0,0
BRDA:282,24,1,0
BRDA:322,25,0,2
BRDA:322,25,1,0
BRDA:341,26,0,2
BRDA:341,26,1,0
BRDA:350,27,0,2
BRDA:350,27,1,2
BRDA:358,28,0,2
BRDA:358,28,1,0
BRDA:360,29,0,0
BRDA:360,29,1,0
BRDA:371,30,0,0
BRDA:371,30,1,2
BRDA:380,31,0,0
BRDA:380,31,1,2
BRDA:404,32,0,1
BRDA:404,32,1,2
BRF:68
BRH:27
end_of_record
TN:
SF:app/(tabs)/_layout.tsx
FN:8,TabBarIcon
FN:15,TabLayout
FN:37,(anonymous_2)
FN:45,(anonymous_3)
FN:53,(anonymous_4)
FN:61,(anonymous_5)
FNF:6
FNH:1
FNDA:0,TabBarIcon
FNDA:2,TabLayout
FNDA:0,(anonymous_2)
FNDA:0,(anonymous_3)
FNDA:0,(anonymous_4)
FNDA:0,(anonymous_5)
DA:12,0
DA:16,2
DA:18,2
DA:37,0
DA:45,0
DA:53,0
DA:61,0
LF:7
LH:2
BRF:0
BRH:0
end_of_record
TN:
SF:app/(tabs)/_layout.web.tsx
FN:10,TabLayoutWeb
FNF:1
FNH:1
FNDA:13,TabLayoutWeb
DA:11,13
DA:16,13
DA:17,4
DA:27,9
DA:37,3
LF:5
LH:5
BRDA:16,0,0,4
BRDA:16,0,1,9
BRF:2
BRH:2
end_of_record
TN:
SF:app/(tabs)/community.tsx
FN:30,CommunityScreen
FN:35,(anonymous_1)
FN:42,(anonymous_2)
FN:47,(anonymous_3)
FN:56,(anonymous_4)
FN:64,(anonymous_5)
FN:73,(anonymous_6)
FN:79,(anonymous_7)
FN:90,(anonymous_8)
FNF:9
FNH:2
FNDA:12,CommunityScreen
FNDA:12,(anonymous_1)
FNDA:0,(anonymous_2)
FNDA:0,(anonymous_3)
FNDA:0,(anonymous_4)
FNDA:0,(anonymous_5)
FNDA:0,(anonymous_6)
FNDA:0,(anonymous_7)
FNDA:0,(anonymous_8)
DA:31,12
DA:32,12
DA:33,12
DA:34,12
DA:35,12
DA:36,12
DA:37,12
DA:39,12
DA:40,12
DA:42,12
DA:43,0
DA:46,12
DA:48,0
DA:53,12
DA:55,12
DA:57,0
DA:64,12
DA:67,12
DA:73,0
DA:79,0
DA:90,0
DA:102,12
DA:129,12
DA:131,12
DA:160,5
LF:25
LH:19
BRDA:39,0,0,12
BRDA:39,0,1,0
BRDA:53,1,0,1
BRDA:53,1,1,11
BRDA:53,2,0,7
BRDA:53,2,1,4
BRDA:57,3,0,0
BRDA:57,3,1,0
BRDA:74,4,0,12
BRDA:74,4,1,0
BRDA:80,5,0,0
BRDA:80,5,1,12
BRDA:95,6,0,0
BRDA:95,6,1,12
BRDA:104,7,0,12
BRDA:104,7,1,0
BRDA:118,8,0,12
BRDA:118,8,1,0
BRDA:129,9,0,10
BRDA:129,9,1,2
BRDA:133,10,0,12
BRDA:133,10,1,2
BRDA:134,11,0,12
BRDA:134,11,1,8
BRDA:145,12,0,12
BRDA:145,12,1,8
BRF:26
BRH:18
end_of_record
TN:
SF:app/(tabs)/index.tsx
FN:38,ChatScreen
FN:42,(anonymous_1)
FN:43,(anonymous_2)
FN:63,(anonymous_3)
FN:152,(anonymous_4)
FNF:5
FNH:3
FNDA:4,ChatScreen
FNDA:4,(anonymous_1)
FNDA:4,(anonymous_2)
FNDA:0,(anonymous_3)
FNDA:0,(anonymous_4)
DA:36,4
DA:39,4
DA:40,4
DA:41,4
DA:42,4
DA:43,4
DA:44,4
DA:59,4
DA:61,4
DA:63,4
DA:64,0
DA:65,0
DA:67,0
DA:68,0
DA:79,4
DA:80,4
DA:89,0
DA:90,0
DA:101,0
DA:102,0
DA:105,0
DA:152,0
DA:212,0
DA:227,4
LF:24
LH:13
BRDA:64,0,0,0
BRDA:64,0,1,0
BRDA:64,1,0,0
BRDA:64,1,1,0
BRDA:73,2,0,0
BRDA:73,2,1,0
BRDA:79,3,0,4
BRDA:79,3,1,0
BRDA:89,4,0,0
BRDA:89,4,1,0
BRDA:101,5,0,0
BRDA:101,5,1,0
BRDA:102,6,0,0
BRDA:102,6,1,0
BRDA:108,7,0,0
BRDA:108,7,1,0
BRDA:125,8,0,0
BRDA:125,8,1,0
BRDA:132,9,0,0
BRDA:132,9,1,0
BRDA:132,9,2,0
BRDA:132,9,3,0
BRDA:140,10,0,0
BRDA:140,10,1,0
BRDA:158,11,0,0
BRDA:158,11,1,0
BRDA:158,11,2,0
BRDA:166,12,0,0
BRDA:166,12,1,0
BRDA:173,13,0,0
BRDA:173,13,1,0
BRDA:177,14,0,0
BRDA:177,14,1,0
BRDA:188,15,0,0
BRDA:188,15,1,0
BRDA:194,16,0,0
BRDA:194,16,1,0
BRDA:194,17,0,0
BRDA:194,17,1,0
BRDA:194,17,2,0
BRDA:215,18,0,0
BRDA:215,18,1,0
BRF:42
BRH:1
end_of_record
TN:
SF:app/(tabs)/settings.tsx
FN:36,GuestSettingsScreen
FN:38,(anonymous_1)
FN:39,(anonymous_2)
FN:44,(anonymous_3)
FN:55,(anonymous_4)
FN:115,(anonymous_5)
FN:125,(anonymous_6)
FN:126,(anonymous_7)
FN:127,(anonymous_8)
FN:137,SettingsScreen
FN:142,(anonymous_10)
FN:143,(anonymous_11)
FN:144,(anonymous_12)
FN:145,(anonymous_13)
FN:154,(anonymous_14)
FN:159,(anonymous_15)
FN:171,(anonymous_16)
FN:175,(anonymous_17)
FN:180,(anonymous_18)
FN:204,(anonymous_19)
FN:225,(anonymous_20)
FN:229,(anonymous_21)
FN:245,(anonymous_22)
FN:260,(anonymous_23)
FN:268,(anonymous_24)
FN:274,(anonymous_25)
FN:280,(anonymous_26)
FN:317,(anonymous_27)
FN:337,(anonymous_28)
FN:344,(anonymous_29)
FN:350,(anonymous_30)
FN:372,(anonymous_31)
FN:378,(anonymous_32)
FN:384,(anonymous_33)
FN:392,(anonymous_34)
FN:411,SettingRow
FN:443,(anonymous_36)
FNF:37
FNH:16
FNDA:7,GuestSettingsScreen
FNDA:7,(anonymous_1)
FNDA:7,(anonymous_2)
FNDA:0,(anonymous_3)
FNDA:0,(anonymous_4)
FNDA:28,(anonymous_5)
FNDA:0,(anonymous_6)
FNDA:0,(anonymous_7)
FNDA:0,(anonymous_8)
FNDA:25,SettingsScreen
FNDA:25,(anonymous_10)
FNDA:25,(anonymous_11)
FNDA:25,(anonymous_12)
FNDA:25,(anonymous_13)
FNDA:25,(anonymous_14)
FNDA:5,(anonymous_15)
FNDA:0,(anonymous_16)
FNDA:5,(anonymous_17)
FNDA:25,(anonymous_18)
FNDA:25,(anonymous_19)
FNDA:0,(anonymous_20)
FNDA:0,(anonymous_21)
FNDA:0,(anonymous_22)
FNDA:0,(anonymous_23)
FNDA:0,(anonymous_24)
FNDA:0,(anonymous_25)
FNDA:0,(anonymous_26)
FNDA:0,(anonymous_27)
FNDA:0,(anonymous_28)
FNDA:0,(anonymous_29)
FNDA:0,(anonymous_30)
FNDA:0,(anonymous_31)
FNDA:0,(anonymous_32)
FNDA:0,(anonymous_33)
FNDA:0,(anonymous_34)
FNDA:165,SettingRow
FNDA:18,(anonymous_36)
DA:25,6
DA:26,6
DA:27,6
DA:29,6
DA:37,7
DA:38,7
DA:39,7
DA:40,7
DA:41,7
DA:42,7
DA:44,7
DA:45,0
DA:46,0
DA:47,0
DA:49,0
DA:51,0
DA:55,7
DA:56,0
DA:57,0
DA:58,0
DA:60,0
DA:62,0
DA:66,7
DA:116,28
DA:125,0
DA:126,0
DA:127,0
DA:138,25
DA:139,25
DA:140,25
DA:141,25
DA:142,25
DA:143,25
DA:144,25
DA:145,25
DA:147,25
DA:148,25
DA:151,25
DA:154,25
DA:155,25
DA:157,5
DA:159,5
DA:160,5
DA:161,5
DA:162,5
DA:164,0
DA:168,5
DA:171,5
DA:172,0
DA:175,5
DA:176,5
DA:180,25
DA:181,25
DA:183,25
DA:184,18
DA:186,7
DA:189,25
DA:190,0
DA:191,0
DA:192,0
DA:193,0
DA:194,0
DA:195,0
DA:197,0
DA:201,25
DA:204,25
DA:205,25
DA:207,25
DA:209,25
DA:210,0
DA:211,0
DA:212,0
DA:213,0
DA:215,0
DA:218,25
DA:221,25
DA:222,7
DA:225,18
DA:226,0
DA:230,0
DA:231,0
DA:232,0
DA:233,0
DA:235,0
DA:236,0
DA:237,0
DA:241,0
DA:244,0
DA:245,0
DA:246,0
DA:250,0
DA:252,0
DA:260,18
DA:261,0
DA:268,0
DA:274,18
DA:275,0
DA:281,0
DA:282,0
DA:288,18
DA:317,0
DA:337,0
DA:344,0
DA:350,0
DA:372,0
DA:378,0
DA:384,0
DA:392,0
DA:430,165
DA:432,165
DA:444,18
DA:459,6
LF:112
LH:58
BRDA:40,0,0,7
BRDA:40,0,1,0
BRDA:41,1,0,7
BRDA:41,1,1,7
BRDA:41,1,2,7
BRDA:81,2,0,7
BRDA:81,2,1,1
BRDA:86,3,0,0
BRDA:86,3,1,1
BRDA:101,4,0,0
BRDA:101,4,1,7
BRDA:147,5,0,25
BRDA:147,5,1,0
BRDA:148,6,0,25
BRDA:148,6,1,25
BRDA:148,6,2,25
BRDA:155,7,0,20
BRDA:155,7,1,5
BRDA:155,8,0,25
BRDA:155,8,1,5
BRDA:183,9,0,18
BRDA:183,9,1,7
BRDA:189,10,0,0
BRDA:189,10,1,25
BRDA:189,11,0,25
BRDA:189,11,1,5
BRDA:190,12,0,0
BRDA:190,12,1,0
BRDA:192,13,0,0
BRDA:192,13,1,0
BRDA:194,14,0,0
BRDA:194,14,1,0
BRDA:209,15,0,0
BRDA:209,15,1,25
BRDA:209,16,0,25
BRDA:209,16,1,5
BRDA:210,17,0,0
BRDA:210,17,1,0
BRDA:212,18,0,0
BRDA:212,18,1,0
BRDA:221,19,0,7
BRDA:221,19,1,18
BRDA:231,20,0,0
BRDA:231,20,1,0
BRDA:235,21,0,0
BRDA:235,21,1,0
BRDA:244,22,0,0
BRDA:244,22,1,0
BRDA:256,23,0,0
BRDA:256,23,1,0
BRDA:304,24,0,18
BRDA:304,24,1,0
BRDA:305,25,0,5
BRDA:305,25,1,13
BRDA:311,26,0,18
BRDA:311,26,1,0
BRDA:313,27,0,13
BRDA:313,27,1,5
BRDA:430,28,0,18
BRDA:430,28,1,147
BRDA:435,29,0,36
BRDA:435,29,1,129
BRDA:441,30,0,18
BRDA:441,30,1,147
BRDA:446,31,0,18
BRDA:446,31,1,0
BRDA:448,32,0,0
BRDA:448,32,1,18
BRF:68
BRH:40
end_of_record
TN:
SF:app/(tabs)/twin.tsx
FN:38,getIndicatorColor
FN:52,TwinScreen
FN:55,(anonymous_2)
FN:56,(anonymous_3)
FN:65,(anonymous_4)
FN:69,(anonymous_5)
FN:75,(anonymous_6)
FN:97,(anonymous_7)
FN:104,(anonymous_8)
FN:172,(anonymous_9)
FN:203,(anonymous_10)
FN:209,(anonymous_11)
FNF:12
FNH:10
FNDA:29,getIndicatorColor
FNDA:35,TwinScreen
FNDA:35,(anonymous_2)
FNDA:35,(anonymous_3)
FNDA:33,(anonymous_4)
FNDA:19,(anonymous_5)
FNDA:19,(anonymous_6)
FNDA:120,(anonymous_7)
FNDA:1,(anonymous_8)
FNDA:120,(anonymous_9)
FNDA:0,(anonymous_10)
FNDA:0,(anonymous_11)
DA:36,6
DA:39,29
DA:40,0
DA:42,0
DA:44,0
DA:46,0
DA:48,0
DA:53,35
DA:54,35
DA:55,35
DA:56,35
DA:57,35
DA:58,35
DA:59,35
DA:60,35
DA:61,35
DA:62,35
DA:63,35
DA:65,35
DA:66,33
DA:67,19
DA:69,19
DA:70,19
DA:71,0
DA:75,19
DA:76,19
DA:80,35
DA:81,35
DA:83,35
DA:84,6
DA:93,29
DA:94,29
DA:96,29
DA:97,120
DA:104,29
DA:105,1
DA:106,1
DA:107,1
DA:108,1
DA:109,1
DA:110,1
DA:113,29
DA:115,29
DA:173,120
DA:203,0
DA:209,0
DA:230,6
LF:47
LH:39
BRDA:39,0,0,29
BRDA:39,0,1,0
BRDA:39,1,0,29
BRDA:39,1,1,21
BRDA:40,2,0,0
BRDA:40,2,1,0
BRDA:40,2,2,0
BRDA:40,2,3,0
BRDA:66,3,0,14
BRDA:66,3,1,19
BRDA:66,4,0,33
BRDA:66,4,1,20
BRDA:70,5,0,0
BRDA:70,5,1,19
BRDA:70,6,0,19
BRDA:70,6,1,19
BRDA:81,7,0,12
BRDA:81,7,1,23
BRDA:83,8,0,6
BRDA:83,8,1,29
BRDA:86,9,0,6
BRDA:86,9,1,3
BRDA:93,10,0,29
BRDA:93,10,1,0
BRDA:96,11,0,24
BRDA:96,11,1,5
BRDA:117,12,0,29
BRDA:117,12,1,20
BRDA:119,13,0,29
BRDA:119,13,1,15
BRDA:129,14,0,29
BRDA:129,14,1,20
BRDA:138,15,0,28
BRDA:138,15,1,1
BRDA:148,16,0,0
BRDA:148,16,1,29
BRDA:148,17,0,29
BRDA:148,17,1,21
BRDA:150,18,0,0
BRDA:150,18,1,29
BRDA:150,19,0,29
BRDA:150,19,1,21
BRDA:160,20,0,3
BRDA:160,20,1,26
BRDA:164,21,0,2
BRDA:164,21,1,24
BRDA:171,22,0,24
BRDA:171,22,1,12
BRDA:191,23,0,21
BRDA:191,23,1,8
BRDA:206,24,0,29
BRDA:206,24,1,15
BRDA:214,25,0,1
BRDA:214,25,1,28
BRDA:216,26,0,1
BRDA:216,26,1,27
BRF:56
BRH:47
end_of_record
TN:
SF:app/auth/callback.tsx
FN:26,AuthCallbackScreen
FN:37,(anonymous_1)
FN:40,(anonymous_2)
FN:109,(anonymous_3)
FN:114,(anonymous_4)
FNF:5
FNH:5
FNDA:21,AuthCallbackScreen
FNDA:15,(anonymous_1)
FNDA:15,(anonymous_2)
FNDA:15,(anonymous_3)
FNDA:1,(anonymous_4)
DA:27,21
DA:28,21
DA:34,21
DA:35,21
DA:37,21
DA:38,15
DA:40,15
DA:42,15
DA:43,6
DA:46,6
DA:47,6
DA:48,6
DA:50,6
DA:53,9
DA:56,9
DA:58,6
DA:59,2
DA:60,2
DA:61,2
DA:63,2
DA:66,4
DA:69,4
DA:70,4
DA:71,2
DA:72,2
DA:73,2
DA:75,2
DA:78,2
DA:81,2
DA:83,2
DA:84,2
DA:85,2
DA:88,2
DA:90,2
DA:93,2
DA:94,1
DA:96,1
DA:99,2
DA:100,2
DA:101,2
DA:102,2
DA:107,15
DA:109,15
DA:110,15
DA:114,21
DA:115,1
DA:118,21
DA:119,12
DA:130,9
DA:138,1
LF:50
LH:50
BRDA:42,0,0,6
BRDA:42,0,1,9
BRDA:43,1,0,2
BRDA:43,1,1,4
BRDA:46,2,0,6
BRDA:46,2,1,0
BRDA:58,3,0,2
BRDA:58,3,1,4
BRDA:58,4,0,6
BRDA:58,4,1,4
BRDA:59,5,0,2
BRDA:59,5,1,0
BRDA:70,6,0,2
BRDA:70,6,1,2
BRDA:71,7,0,2
BRDA:71,7,1,0
BRDA:78,8,0,0
BRDA:78,8,1,2
BRDA:90,9,0,0
BRDA:90,9,1,2
BRDA:93,10,0,1
BRDA:93,10,1,1
BRDA:100,11,0,2
BRDA:100,11,1,0
BRDA:118,12,0,12
BRDA:118,12,1,9
BRF:26
BRH:20
end_of_record
TN:
SF:app/community/[id].tsx
FN:32,MemberAvatarList
FN:39,(anonymous_1)
FN:55,CommunityDetailScreen
FN:75,(anonymous_3)
FN:79,(anonymous_4)
FN:81,(anonymous_5)
FN:91,(anonymous_6)
FN:134,(anonymous_7)
FN:149,(anonymous_8)
FNF:9
FNH:3
FNDA:0,MemberAvatarList
FNDA:0,(anonymous_1)
FNDA:8,CommunityDetailScreen
FNDA:0,(anonymous_3)
FNDA:0,(anonymous_4)
FNDA:1,(anonymous_5)
FNDA:1,(anonymous_6)
FNDA:0,(anonymous_7)
FNDA:0,(anonymous_8)
DA:30,5
DA:33,0
DA:34,0
DA:35,0
DA:37,0
DA:40,0
DA:56,8
DA:57,8
DA:58,8
DA:59,8
DA:70,8
DA:72,8
DA:74,8
DA:75,0
DA:79,8
DA:81,8
DA:82,1
DA:83,0
DA:90,8
DA:92,1
DA:99,8
DA:101,8
DA:102,1
DA:113,7
DA:114,1
DA:128,6
DA:129,5
DA:134,0
DA:143,1
DA:149,0
DA:223,5
LF:31
LH:22
BRDA:40,0,0,0
BRDA:40,0,1,0
BRDA:41,1,0,0
BRDA:41,1,1,0
BRDA:44,2,0,0
BRDA:44,2,1,0
BRDA:70,3,0,8
BRDA:70,3,1,7
BRDA:72,4,0,8
BRDA:72,4,1,7
BRDA:82,5,0,1
BRDA:82,5,1,0
BRDA:99,6,0,6
BRDA:99,6,1,2
BRDA:101,7,0,1
BRDA:101,7,1,7
BRDA:113,8,0,1
BRDA:113,8,1,6
BRDA:128,9,0,5
BRDA:128,9,1,1
BRDA:145,10,0,1
BRDA:145,10,1,0
BRDA:146,11,0,1
BRDA:146,11,1,1
BRDA:166,12,0,0
BRDA:166,12,1,1
BRDA:174,13,0,1
BRDA:174,13,1,0
BRDA:194,14,0,0
BRDA:194,14,1,1
BRF:30
BRH:19
end_of_record
TN:
SF:app/payment/cancel.tsx
FN:12,PaymentCancelScreen
FN:15,(anonymous_1)
FN:19,(anonymous_2)
FN:35,(anonymous_3)
FNF:4
FNH:4
FNDA:3,PaymentCancelScreen
FNDA:1,(anonymous_1)
FNDA:1,(anonymous_2)
FNDA:3,(anonymous_3)
DA:13,3
DA:15,3
DA:16,1
DA:19,3
DA:20,1
DA:23,3
DA:35,3
DA:53,1
LF:8
LH:8
BRDA:35,0,0,3
BRDA:35,0,1,0
BRF:2
BRH:1
end_of_record
TN:
SF:app/payment/success.tsx
FN:17,PaymentSuccessScreen
FN:22,(anonymous_1)
FN:25,(anonymous_2)
FN:38,(anonymous_3)
FN:46,(anonymous_4)
FN:51,(anonymous_5)
FNF:6
FNH:6
FNDA:10,PaymentSuccessScreen
FNDA:10,(anonymous_1)
FNDA:10,(anonymous_2)
FNDA:2,(anonymous_3)
FNDA:10,(anonymous_4)
FNDA:1,(anonymous_5)
DA:8,1
DA:18,10
DA:19,10
DA:20,10
DA:22,10
DA:25,10
DA:26,10
DA:28,10
DA:29,10
DA:30,8
DA:31,8
DA:34,2
DA:36,10
DA:38,10
DA:39,2
DA:44,10
DA:46,10
DA:47,10
DA:51,10
DA:52,1
DA:55,10
DA:87,1
LF:22
LH:22
BRDA:28,0,0,10
BRDA:28,0,1,0
BRDA:47,1,0,9
BRDA:47,1,1,1
BRDA:67,2,0,5
BRDA:67,2,1,5
BRF:6
BRH:5
end_of_record
TN:
SF:assets/avatars/av01-robot.png
FNF:0
FNH:0
DA:1,4
LF:1
LH:1
BRF:0
BRH:0
end_of_record
TN:
SF:assets/avatars/av02-cat.png
FNF:0
FNH:0
DA:1,4
LF:1
LH:1
BRF:0
BRH:0
end_of_record
TN:
SF:assets/avatars/av03-bunny.png
FNF:0
FNH:0
DA:1,4
LF:1
LH:1
BRF:0
BRH:0
end_of_record
TN:
SF:assets/avatars/av04-star.png
FNF:0
FNH:0
DA:1,4
LF:1
LH:1
BRF:0
BRH:0
end_of_record
TN:
SF:assets/avatars/av05-owl.png
FNF:0
FNH:0
DA:1,4
LF:1
LH:1
BRF:0
BRH:0
end_of_record
TN:
SF:assets/avatars/av06-fox.png
FNF:0
FNH:0
DA:1,4
LF:1
LH:1
BRF:0
BRH:0
end_of_record
TN:
SF:assets/avatars/av07-penguin.png
FNF:0
FNH:0
DA:1,4
LF:1
LH:1
BRF:0
BRH:0
end_of_record
TN:
SF:assets/avatars/av08-bear.png
FNF:0
FNH:0
DA:1,4
LF:1
LH:1
BRF:0
BRH:0
end_of_record
TN:
SF:assets/avatars/av09-dragon.png
FNF:0
FNH:0
DA:1,4
LF:1
LH:1
BRF:0
BRH:0
end_of_record
TN:
SF:assets/avatars/av10-unicorn.png
FNF:0
FNH:0
DA:1,4
LF:1
LH:1
BRF:0
BRH:0
end_of_record
TN:
SF:assets/avatars/av11-panda.png
FNF:0
FNH:0
DA:1,4
LF:1
LH:1
BRF:0
BRH:0
end_of_record
TN:
SF:assets/avatars/av12-dolphin.png
FNF:0
FNH:0
DA:1,4
LF:1
LH:1
BRF:0
BRH:0
end_of_record
TN:
SF:assets/avatars/av13-phoenix.png
FNF:0
FNH:0
DA:1,4
LF:1
LH:1
BRF:0
BRH:0
end_of_record
TN:
SF:assets/avatars/av14-deer.png
FNF:0
FNH:0
DA:1,4
LF:1
LH:1
BRF:0
BRH:0
end_of_record
TN:
SF:assets/avatars/av15-koala.png
FNF:0
FNH:0
DA:1,4
LF:1
LH:1
BRF:0
BRH:0
end_of_record
TN:
SF:assets/avatars/av16-wolf.png
FNF:0
FNH:0
DA:1,4
LF:1
LH:1
BRF:0
BRH:0
end_of_record
TN:
SF:assets/avatars/av17-hamster.png
FNF:0
FNH:0
DA:1,4
LF:1
LH:1
BRF:0
BRH:0
end_of_record
TN:
SF:assets/avatars/av18-butterfly.png
FNF:0
FNH:0
DA:1,4
LF:1
LH:1
BRF:0
BRH:0
end_of_record
TN:
SF:assets/avatars/av19-jellyfish.png
FNF:0
FNH:0
DA:1,4
LF:1
LH:1
BRF:0
BRH:0
end_of_record
TN:
SF:assets/avatars/av20-mushroom.png
FNF:0
FNH:0
DA:1,4
LF:1
LH:1
BRF:0
BRH:0
end_of_record
TN:
SF:assets/avatars/av21-crystal.png
FNF:0
FNH:0
DA:1,4
LF:1
LH:1
BRF:0
BRH:0
end_of_record
TN:
SF:assets/avatars/av22-cloud.png
FNF:0
FNH:0
DA:1,4
LF:1
LH:1
BRF:0
BRH:0
end_of_record
TN:
SF:assets/avatars/av23-moon.png
FNF:0
FNH:0
DA:1,4
LF:1
LH:1
BRF:0
BRH:0
end_of_record
TN:
SF:assets/avatars/av24-octopus.png
FNF:0
FNH:0
DA:1,4
LF:1
LH:1
BRF:0
BRH:0
end_of_record
TN:
SF:assets/avatars/av25-flower.png
FNF:0
FNH:0
DA:1,4
LF:1
LH:1
BRF:0
BRH:0
end_of_record
TN:
SF:assets/avatars/av26-ghost.png
FNF:0
FNH:0
DA:1,4
LF:1
LH:1
BRF:0
BRH:0
end_of_record
TN:
SF:assets/avatars/av27-slime.png
FNF:0
FNH:0
DA:1,4
LF:1
LH:1
BRF:0
BRH:0
end_of_record
TN:
SF:assets/avatars/av28-sakura.png
FNF:0
FNH:0
DA:1,4
LF:1
LH:1
BRF:0
BRH:0
end_of_record
TN:
SF:assets/avatars/av29-flame.png
FNF:0
FNH:0
DA:1,4
LF:1
LH:1
BRF:0
BRH:0
end_of_record
TN:
SF:assets/avatars/av30-alien.png
FNF:0
FNH:0
DA:1,4
LF:1
LH:1
BRF:0
BRH:0
end_of_record
TN:
SF:assets/images/cosmic-bg.png
FNF:0
FNH:0
DA:1,1
LF:1
LH:1
BRF:0
BRH:0
end_of_record
TN:
SF:assets/images/google-g-icon.png
FNF:0
FNH:0
DA:1,1
LF:1
LH:1
BRF:0
BRH:0
end_of_record
TN:
SF:assets/thumbnails/ct01-music.png
FNF:0
FNH:0
DA:1,4
LF:1
LH:1
BRF:0
BRH:0
end_of_record
TN:
SF:assets/thumbnails/ct02-movies.png
FNF:0
FNH:0
DA:1,4
LF:1
LH:1
BRF:0
BRH:0
end_of_record
TN:
SF:assets/thumbnails/ct03-gaming.png
FNF:0
FNH:0
DA:1,4
LF:1
LH:1
BRF:0
BRH:0
end_of_record
TN:
SF:assets/thumbnails/ct04-books.png
FNF:0
FNH:0
DA:1,4
LF:1
LH:1
BRF:0
BRH:0
end_of_record
TN:
SF:assets/thumbnails/ct05-cooking.png
FNF:0
FNH:0
DA:1,4
LF:1
LH:1
BRF:0
BRH:0
end_of_record
TN:
SF:assets/thumbnails/ct06-travel.png
FNF:0
FNH:0
DA:1,4
LF:1
LH:1
BRF:0
BRH:0
end_of_record
TN:
SF:assets/thumbnails/ct07-fitness.png
FNF:0
FNH:0
DA:1,4
LF:1
LH:1
BRF:0
BRH:0
end_of_record
TN:
SF:assets/thumbnails/ct08-photo.png
FNF:0
FNH:0
DA:1,4
LF:1
LH:1
BRF:0
BRH:0
end_of_record
TN:
SF:assets/thumbnails/ct09-art.png
FNF:0
FNH:0
DA:1,4
LF:1
LH:1
BRF:0
BRH:0
end_of_record
TN:
SF:assets/thumbnails/ct10-tech.png
FNF:0
FNH:0
DA:1,4
LF:1
LH:1
BRF:0
BRH:0
end_of_record
TN:
SF:assets/thumbnails/ct11-fashion.png
FNF:0
FNH:0
DA:1,4
LF:1
LH:1
BRF:0
BRH:0
end_of_record
TN:
SF:assets/thumbnails/ct12-pets.png
FNF:0
FNH:0
DA:1,4
LF:1
LH:1
BRF:0
BRH:0
end_of_record
TN:
SF:assets/thumbnails/ct13-nature.png
FNF:0
FNH:0
DA:1,4
LF:1
LH:1
BRF:0
BRH:0
end_of_record
TN:
SF:assets/thumbnails/ct14-cafe.png
FNF:0
FNH:0
DA:1,4
LF:1
LH:1
BRF:0
BRH:0
end_of_record
TN:
SF:assets/thumbnails/ct15-meditation.png
FNF:0
FNH:0
DA:1,4
LF:1
LH:1
BRF:0
BRH:0
end_of_record
TN:
SF:assets/thumbnails/ct16-anime.png
FNF:0
FNH:0
DA:1,4
LF:1
LH:1
BRF:0
BRH:0
end_of_record
TN:
SF:assets/thumbnails/ct17-diy.png
FNF:0
FNH:0
DA:1,4
LF:1
LH:1
BRF:0
BRH:0
end_of_record
TN:
SF:assets/thumbnails/ct18-business.png
FNF:0
FNH:0
DA:1,4
LF:1
LH:1
BRF:0
BRH:0
end_of_record
TN:
SF:assets/thumbnails/ct19-science.png
FNF:0
FNH:0
DA:1,4
LF:1
LH:1
BRF:0
BRH:0
end_of_record
TN:
SF:assets/thumbnails/ct20-sports.png
FNF:0
FNH:0
DA:1,4
LF:1
LH:1
BRF:0
BRH:0
end_of_record
TN:
SF:assets/thumbnails/ct21-dance.png
FNF:0
FNH:0
DA:1,4
LF:1
LH:1
BRF:0
BRH:0
end_of_record
TN:
SF:assets/thumbnails/ct22-language.png
FNF:0
FNH:0
DA:1,4
LF:1
LH:1
BRF:0
BRH:0
end_of_record
TN:
SF:assets/thumbnails/ct23-film.png
FNF:0
FNH:0
DA:1,4
LF:1
LH:1
BRF:0
BRH:0
end_of_record
TN:
SF:assets/thumbnails/ct24-startup.png
FNF:0
FNH:0
DA:1,4
LF:1
LH:1
BRF:0
BRH:0
end_of_record
TN:
SF:assets/thumbnails/ct25-wellness.png
FNF:0
FNH:0
DA:1,4
LF:1
LH:1
BRF:0
BRH:0
end_of_record
TN:
SF:assets/thumbnails/ct26-garden.png
FNF:0
FNH:0
DA:1,4
LF:1
LH:1
BRF:0
BRH:0
end_of_record
TN:
SF:assets/thumbnails/ct27-astronomy.png
FNF:0
FNH:0
DA:1,4
LF:1
LH:1
BRF:0
BRH:0
end_of_record
TN:
SF:assets/thumbnails/ct28-writing.png
FNF:0
FNH:0
DA:1,4
LF:1
LH:1
BRF:0
BRH:0
end_of_record
TN:
SF:assets/thumbnails/ct29-study.png
FNF:0
FNH:0
DA:1,4
LF:1
LH:1
BRF:0
BRH:0
end_of_record
TN:
SF:assets/thumbnails/ct30-random.png
FNF:0
FNH:0
DA:1,4
LF:1
LH:1
BRF:0
BRH:0
end_of_record
TN:
SF:src/__smoke-tests__/smoke-setup.ts
FN:9,(anonymous_0)
FN:10,(anonymous_1)
FN:14,(anonymous_2)
FN:16,(anonymous_3)
FN:17,(anonymous_4)
FN:18,(anonymous_5)
FN:24,(anonymous_6)
FN:26,(anonymous_7)
FN:27,(anonymous_8)
FN:30,(anonymous_9)
FN:31,(anonymous_10)
FN:34,(anonymous_11)
FN:37,(anonymous_12)
FN:42,(anonymous_13)
FN:43,(anonymous_14)
FN:44,(anonymous_15)
FN:47,(anonymous_16)
FN:58,(anonymous_17)
FN:59,(anonymous_18)
FN:62,(anonymous_19)
FN:63,(anonymous_20)
FN:66,(anonymous_21)
FN:67,(anonymous_22)
FN:68,(anonymous_23)
FN:69,(anonymous_24)
FN:72,(anonymous_25)
FN:74,(anonymous_26)
FN:77,(anonymous_27)
FN:80,(anonymous_28)
FN:82,(anonymous_29)
FN:83,(anonymous_30)
FN:84,(anonymous_31)
FN:85,(anonymous_32)
FN:93,(anonymous_33)
FN:94,(anonymous_34)
FN:104,(anonymous_35)
FN:105,(anonymous_36)
FN:109,(anonymous_37)
FN:111,(anonymous_38)
FN:117,(anonymous_39)
FN:118,(anonymous_40)
FN:122,(anonymous_41)
FN:123,(anonymous_42)
FN:128,(anonymous_43)
FN:129,(anonymous_44)
FN:130,(anonymous_45)
FN:134,(anonymous_46)
FN:137,(anonymous_47)
FN:141,(anonymous_48)
FN:146,(anonymous_49)
FN:150,(anonymous_50)
FN:155,(anonymous_51)
FN:160,(anonymous_52)
FN:163,(anonymous_53)
FN:169,(anonymous_54)
FN:176,(anonymous_55)
FN:178,(anonymous_56)
FN:195,(anonymous_57)
FN:206,(anonymous_58)
FN:208,(anonymous_59)
FN:235,(anonymous_60)
FN:254,(anonymous_61)
FN:255,(anonymous_62)
FN:265,(anonymous_63)
FN:266,(anonymous_64)
FN:272,(anonymous_65)
FN:273,(anonymous_66)
FN:281,(anonymous_67)
FN:282,(anonymous_68)
FN:292,(anonymous_69)
FN:293,(anonymous_70)
FN:301,(anonymous_71)
FN:302,(anonymous_72)
FN:311,(anonymous_73)
FN:312,(anonymous_74)
FN:315,(anonymous_75)
FN:316,(anonymous_76)
FN:319,(anonymous_77)
FN:320,(anonymous_78)
FN:323,(anonymous_79)
FN:324,(anonymous_80)
FN:327,(anonymous_81)
FN:328,(anonymous_82)
FN:331,(anonymous_83)
FN:332,(anonymous_84)
FN:335,(anonymous_85)
FN:336,(anonymous_86)
FN:339,(anonymous_87)
FN:340,(anonymous_88)
FN:345,(anonymous_89)
FN:346,(anonymous_90)
FN:349,(anonymous_91)
FN:350,(anonymous_92)
FN:353,(anonymous_93)
FN:354,(anonymous_94)
FN:357,(anonymous_95)
FN:358,(anonymous_96)
FN:363,(anonymous_97)
FN:365,(anonymous_98)
FN:374,(anonymous_99)
FN:381,(anonymous_100)
FN:383,(anonymous_101)
FN:399,(anonymous_102)
FN:407,(anonymous_103)
FN:410,(anonymous_104)
FN:411,(anonymous_105)
FNF:106
FNH:80
FNDA:9,(anonymous_0)
FNDA:55,(anonymous_1)
FNDA:0,(anonymous_2)
FNDA:3,(anonymous_3)
FNDA:7,(anonymous_4)
FNDA:1,(anonymous_5)
FNDA:6,(anonymous_6)
FNDA:27,(anonymous_7)
FNDA:206,(anonymous_8)
FNDA:2,(anonymous_9)
FNDA:8,(anonymous_10)
FNDA:7,(anonymous_11)
FNDA:4,(anonymous_12)
FNDA:4,(anonymous_13)
FNDA:16,(anonymous_14)
FNDA:0,(anonymous_15)
FNDA:5,(anonymous_16)
FNDA:5,(anonymous_17)
FNDA:13,(anonymous_18)
FNDA:0,(anonymous_19)
FNDA:0,(anonymous_20)
FNDA:7,(anonymous_21)
FNDA:96,(anonymous_22)
FNDA:0,(anonymous_23)
FNDA:0,(anonymous_24)
FNDA:4,(anonymous_25)
FNDA:16,(anonymous_26)
FNDA:4,(anonymous_27)
FNDA:0,(anonymous_28)
FNDA:0,(anonymous_29)
FNDA:0,(anonymous_30)
FNDA:0,(anonymous_31)
FNDA:0,(anonymous_32)
FNDA:5,(anonymous_33)
FNDA:2,(anonymous_34)
FNDA:7,(anonymous_35)
FNDA:644,(anonymous_36)
FNDA:4,(anonymous_37)
FNDA:0,(anonymous_38)
FNDA:4,(anonymous_39)
FNDA:6,(anonymous_40)
FNDA:0,(anonymous_41)
FNDA:0,(anonymous_42)
FNDA:7,(anonymous_43)
FNDA:153,(anonymous_44)
FNDA:969,(anonymous_45)
FNDA:0,(anonymous_46)
FNDA:4,(anonymous_47)
FNDA:6,(anonymous_48)
FNDA:1,(anonymous_49)
FNDA:4,(anonymous_50)
FNDA:3,(anonymous_51)
FNDA:5,(anonymous_52)
FNDA:5,(anonymous_53)
FNDA:4,(anonymous_54)
FNDA:8,(anonymous_55)
FNDA:61,(anonymous_56)
FNDA:0,(anonymous_57)
FNDA:4,(anonymous_58)
FNDA:86,(anonymous_59)
FNDA:0,(anonymous_60)
FNDA:4,(anonymous_61)
FNDA:4,(anonymous_62)
FNDA:4,(anonymous_63)
FNDA:4,(anonymous_64)
FNDA:5,(anonymous_65)
FNDA:12,(anonymous_66)
FNDA:5,(anonymous_67)
FNDA:4,(anonymous_68)
FNDA:5,(anonymous_69)
FNDA:8,(anonymous_70)
FNDA:4,(anonymous_71)
FNDA:4,(anonymous_72)
FNDA:4,(anonymous_73)
FNDA:0,(anonymous_74)
FNDA:4,(anonymous_75)
FNDA:0,(anonymous_76)
FNDA:4,(anonymous_77)
FNDA:0,(anonymous_78)
FNDA:4,(anonymous_79)
FNDA:0,(anonymous_80)
FNDA:4,(anonymous_81)
FNDA:0,(anonymous_82)
FNDA:5,(anonymous_83)
FNDA:0,(anonymous_84)
FNDA:5,(anonymous_85)
FNDA:0,(anonymous_86)
FNDA:5,(anonymous_87)
FNDA:1,(anonymous_88)
FNDA:7,(anonymous_89)
FNDA:140,(anonymous_90)
FNDA:6,(anonymous_91)
FNDA:10,(anonymous_92)
FNDA:6,(anonymous_93)
FNDA:43,(anonymous_94)
FNDA:4,(anonymous_95)
FNDA:8,(anonymous_96)
FNDA:6,(anonymous_97)
FNDA:33,(anonymous_98)
FNDA:0,(anonymous_99)
FNDA:7,(anonymous_100)
FNDA:8,(anonymous_101)
FNDA:0,(anonymous_102)
FNDA:38,(anonymous_103)
FNDA:4,(anonymous_104)
FNDA:4,(anonymous_105)
DA:9,9
DA:10,55
DA:14,0
DA:16,3
DA:17,7
DA:18,1
DA:24,6
DA:26,27
DA:27,206
DA:30,2
DA:31,8
DA:34,7
DA:37,9
DA:42,9
DA:43,16
DA:44,0
DA:47,9
DA:58,9
DA:59,13
DA:62,9
DA:63,0
DA:66,9
DA:67,96
DA:68,0
DA:69,0
DA:72,9
DA:74,16
DA:77,9
DA:80,0
DA:82,0
DA:83,0
DA:84,0
DA:85,0
DA:93,9
DA:94,5
DA:95,5
DA:104,9
DA:105,644
DA:106,7
DA:109,9
DA:110,4
DA:111,0
DA:114,4
DA:117,9
DA:118,6
DA:119,4
DA:122,9
DA:123,0
DA:128,9
DA:129,153
DA:130,969
DA:134,0
DA:137,9
DA:141,9
DA:146,1
DA:150,9
DA:155,9
DA:160,9
DA:163,5
DA:169,9
DA:176,9
DA:179,61
DA:192,61
DA:195,0
DA:206,9
DA:209,86
DA:232,86
DA:235,0
DA:254,9
DA:255,4
DA:265,9
DA:266,4
DA:272,9
DA:273,12
DA:281,9
DA:282,4
DA:292,9
DA:293,8
DA:301,9
DA:302,4
DA:311,9
DA:312,0
DA:315,9
DA:316,0
DA:319,9
DA:320,0
DA:323,9
DA:324,0
DA:327,9
DA:328,0
DA:331,9
DA:332,0
DA:335,9
DA:336,0
DA:339,9
DA:340,1
DA:345,9
DA:346,140
DA:349,9
DA:350,10
DA:353,9
DA:354,43
DA:357,9
DA:358,8
DA:363,9
DA:366,33
DA:371,33
DA:374,0
DA:381,9
DA:383,8
DA:399,0
DA:407,38
DA:410,9
DA:411,4
LF:114
LH:90
BRDA:26,0,0,27
BRDA:26,0,1,6
BRDA:30,1,0,2
BRDA:30,1,1,0
BRDA:34,2,0,7
BRDA:34,2,1,7
BRDA:59,3,0,13
BRDA:59,3,1,0
BRDA:67,4,0,96
BRDA:67,4,1,0
BRDA:68,5,0,0
BRDA:68,5,1,0
BRDA:74,6,0,16
BRDA:74,6,1,0
BRDA:94,7,0,2
BRDA:94,7,1,2
BRDA:123,8,0,0
BRDA:123,8,1,0
BRDA:134,9,0,0
BRDA:134,9,1,0
BRDA:192,10,0,55
BRDA:192,10,1,6
BRDA:232,11,0,73
BRDA:232,11,1,13
BRDA:346,12,0,140
BRDA:346,12,1,0
BRDA:350,13,0,10
BRDA:350,13,1,0
BRDA:354,14,0,43
BRDA:354,14,1,43
BRDA:371,15,0,33
BRDA:371,15,1,0
BRF:32
BRH:19
end_of_record
TN:
SF:src/config/avatar-map.ts
FN:47,getAvatarSource
FNF:1
FNH:0
FNDA:0,getAvatarSource
DA:5,4
DA:38,4
DA:48,0
DA:49,0
LF:4
LH:2
BRDA:48,0,0,0
BRDA:48,0,1,0
BRDA:49,1,0,0
BRDA:49,1,1,0
BRF:4
BRH:0
end_of_record
TN:
SF:src/config/constants.ts
FNF:0
FNH:0
DA:1,16
DA:2,16
DA:3,16
DA:5,16
DA:6,16
DA:7,16
DA:9,16
DA:10,16
DA:11,16
DA:12,16
DA:14,16
DA:15,16
DA:16,16
DA:18,16
DA:19,16
DA:21,16
DA:30,16
DA:36,16
DA:42,16
DA:50,16
DA:57,16
DA:59,16
DA:66,16
LF:23
LH:23
BRF:0
BRH:0
end_of_record
TN:
SF:src/config/env.ts
FNF:0
FNH:0
DA:1,11
LF:1
LH:1
BRDA:2,0,0,11
BRDA:2,0,1,11
BRDA:3,1,0,11
BRDA:3,1,1,11
BRDA:4,2,0,11
BRDA:4,2,1,11
BRDA:5,3,0,11
BRDA:5,3,1,11
BRDA:6,4,0,11
BRDA:6,4,1,11
BRDA:7,5,0,11
BRDA:7,5,1,11
BRDA:8,6,0,11
BRDA:8,6,1,11
BRDA:9,7,0,11
BRDA:9,7,1,11
BRF:16
BRH:16
end_of_record
TN:
SF:src/config/feature-flags.ts
FN:39,(anonymous_0)
FN:46,(anonymous_1)
FN:56,(anonymous_2)
FN:57,(anonymous_3)
FNF:4
FNH:0
FNDA:0,(anonymous_0)
FNDA:0,(anonymous_1)
FNDA:0,(anonymous_2)
FNDA:0,(anonymous_3)
DA:9,1
DA:39,1
DA:40,0
DA:41,0
DA:42,0
DA:43,0
DA:46,1
DA:47,0
DA:49,0
DA:50,0
DA:52,0
DA:56,1
DA:57,0
DA:58,0
LF:14
LH:4
BRDA:40,0,0,0
BRDA:40,0,1,0
BRDA:42,1,0,0
BRDA:42,1,1,0
BRDA:52,2,0,0
BRDA:52,2,1,0
BRF:6
BRH:0
end_of_record
TN:
SF:src/config/theme.ts
FNF:0
FNH:0
DA:2,28
DA:33,28
DA:42,28
DA:50,28
DA:60,28
DA:69,28
DA:75,28
DA:81,28
DA:88,28
LF:9
LH:9
BRF:0
BRH:0
end_of_record
TN:
SF:src/config/thumbnail-map.ts
FN:70,getThumbnailSource
FNF:1
FNH:0
FNDA:0,getThumbnailSource
DA:35,4
DA:68,4
DA:71,0
DA:72,0
DA:73,0
LF:5
LH:2
BRDA:71,0,0,0
BRDA:71,0,1,0
BRDA:72,1,0,0
BRDA:72,1,1,0
BRDA:73,2,0,0
BRDA:73,2,1,0
BRF:6
BRH:0
end_of_record
TN:
SF:src/features/auth/stores/auth-store.ts
FN:37,(anonymous_0)
FN:42,(anonymous_1)
FN:50,(anonymous_2)
FN:56,(anonymous_3)
FN:94,(anonymous_4)
FN:101,(anonymous_5)
FN:108,(anonymous_6)
FN:141,(anonymous_7)
FN:170,(anonymous_8)
FN:187,(anonymous_9)
FN:206,(anonymous_10)
FN:210,(anonymous_11)
FN:218,(anonymous_12)
FN:220,(anonymous_13)
FN:261,(anonymous_14)
FN:262,(anonymous_15)
FNF:16
FNH:7
FNDA:3,(anonymous_0)
FNDA:0,(anonymous_1)
FNDA:4,(anonymous_2)
FNDA:1,(anonymous_3)
FNDA:0,(anonymous_4)
FNDA:0,(anonymous_5)
FNDA:1,(anonymous_6)
FNDA:1,(anonymous_7)
FNDA:1,(anonymous_8)
FNDA:0,(anonymous_9)
FNDA:1,(anonymous_10)
FNDA:0,(anonymous_11)
FNDA:0,(anonymous_12)
FNDA:0,(anonymous_13)
FNDA:0,(anonymous_14)
FNDA:0,(anonymous_15)
DA:35,4
DA:37,4
DA:38,3
DA:39,2
DA:40,2
DA:42,3
DA:43,0
DA:48,4
DA:50,4
DA:57,1
DA:58,1
DA:61,1
DA:64,1
DA:66,1
DA:67,1
DA:69,1
DA:70,1
DA:73,1
DA:74,1
DA:75,1
DA:78,1
DA:80,1
DA:82,0
DA:85,0
DA:86,0
DA:87,0
DA:91,1
DA:92,0
DA:94,1
DA:95,0
DA:96,0
DA:97,0
DA:98,0
DA:101,1
DA:103,0
DA:104,0
DA:109,1
DA:110,1
DA:111,1
DA:112,1
DA:114,1
DA:115,1
DA:116,1
DA:119,1
DA:121,1
DA:124,0
DA:130,0
DA:132,0
DA:133,0
DA:134,0
DA:135,0
DA:137,1
DA:142,1
DA:143,1
DA:144,1
DA:145,1
DA:147,1
DA:148,1
DA:149,1
DA:152,1
DA:154,1
DA:157,0
DA:158,0
DA:159,0
DA:161,0
DA:162,0
DA:163,0
DA:164,0
DA:166,1
DA:171,1
DA:173,1
DA:176,1
DA:178,0
DA:181,1
DA:182,1
DA:183,1
DA:188,0
DA:190,0
DA:193,0
DA:196,0
DA:197,0
DA:198,0
DA:200,0
DA:201,0
DA:202,0
DA:207,1
DA:211,0
DA:212,0
DA:214,0
DA:215,0
DA:218,0
DA:221,0
DA:223,0
DA:224,0
DA:227,0
DA:228,0
DA:233,0
DA:235,0
DA:239,0
DA:240,0
DA:241,0
DA:243,0
DA:245,0
DA:248,0
DA:249,0
DA:250,0
DA:254,0
DA:260,0
DA:261,0
DA:262,0
DA:263,0
DA:281,0
DA:282,0
DA:290,0
DA:291,0
LF:115
LH:51
BRDA:38,0,0,2
BRDA:38,0,1,1
BRDA:66,1,0,1
BRDA:66,1,1,0
BRDA:69,2,0,1
BRDA:69,2,1,0
BRDA:91,3,0,0
BRDA:91,3,1,1
BRDA:95,4,0,0
BRDA:95,4,1,0
BRDA:124,5,0,0
BRDA:124,5,1,0
BRDA:125,6,0,0
BRDA:125,6,1,0
BRDA:125,6,2,0
BRDA:125,6,3,0
BRDA:132,7,0,0
BRDA:132,7,1,0
BRDA:133,8,0,0
BRDA:133,8,1,0
BRDA:133,9,0,0
BRDA:133,9,1,0
BRDA:157,10,0,0
BRDA:157,10,1,0
BRDA:157,11,0,0
BRDA:157,11,1,0
BRDA:157,11,2,0
BRDA:159,12,0,0
BRDA:159,12,1,0
BRDA:161,13,0,0
BRDA:161,13,1,0
BRDA:162,14,0,0
BRDA:162,14,1,0
BRDA:162,15,0,0
BRDA:162,15,1,0
BRDA:201,16,0,0
BRDA:201,16,1,0
BRDA:212,17,0,0
BRDA:212,17,1,0
BRDA:220,18,0,0
BRDA:221,19,0,0
BRDA:221,19,1,0
BRDA:233,20,0,0
BRDA:233,20,1,0
BRDA:239,21,0,0
BRDA:239,21,1,0
BRDA:248,22,0,0
BRDA:248,22,1,0
BRDA:261,23,0,0
BRDA:261,23,1,0
BRDA:262,24,0,0
BRDA:262,25,0,0
BRDA:262,25,1,0
BRDA:265,26,0,0
BRDA:265,26,1,0
BRDA:267,27,0,0
BRDA:267,27,1,0
BRDA:268,28,0,0
BRDA:268,28,1,0
BRDA:268,29,0,0
BRDA:268,29,1,0
BRDA:270,30,0,0
BRDA:270,30,1,0
BRDA:271,31,0,0
BRDA:271,31,1,0
BRDA:272,32,0,0
BRDA:272,32,1,0
BRDA:273,33,0,0
BRDA:273,33,1,0
BRDA:273,34,0,0
BRDA:273,34,1,0
BRDA:274,35,0,0
BRDA:274,35,1,0
BRDA:275,36,0,0
BRDA:275,36,1,0
BRDA:277,37,0,0
BRDA:277,37,1,0
BRDA:278,38,0,0
BRDA:278,38,1,0
BRF:79
BRH:5
end_of_record
TN:
SF:src/features/chat/components/chat-bubble.tsx
FN:20,(anonymous_0)
FN:30,(anonymous_1)
FN:50,(anonymous_2)
FN:58,ChatBubble
FN:73,(anonymous_4)
FN:75,(anonymous_5)
FN:82,(anonymous_6)
FN:84,(anonymous_7)
FN:89,(anonymous_8)
FNF:9
FNH:9
FNDA:13,(anonymous_0)
FNDA:13,(anonymous_1)
FNDA:1,(anonymous_2)
FNDA:13,ChatBubble
FNDA:13,(anonymous_4)
FNDA:1,(anonymous_5)
FNDA:13,(anonymous_6)
FNDA:15,(anonymous_7)
FNDA:1,(anonymous_8)
DA:17,1
DA:20,1
DA:21,13
DA:30,1
DA:31,13
DA:32,13
DA:33,13
DA:35,13
DA:36,2
DA:37,1
DA:39,2
DA:40,2
DA:43,13
DA:44,12
DA:47,13
DA:50,1
DA:51,1
DA:52,0
DA:54,1
DA:66,13
DA:67,13
DA:68,13
DA:73,13
DA:75,13
DA:76,1
DA:80,13
DA:82,13
DA:83,13
DA:85,15
DA:89,1
DA:102,13
DA:103,2
DA:115,11
DA:143,1
LF:34
LH:33
BRDA:36,0,0,1
BRDA:36,0,1,1
BRDA:36,1,0,2
BRDA:36,1,1,2
BRDA:40,2,0,2
BRDA:40,2,1,0
BRDA:43,3,0,12
BRDA:43,3,1,1
BRDA:47,4,0,13
BRDA:47,4,1,0
BRDA:51,5,0,0
BRDA:51,5,1,1
BRDA:51,6,0,1
BRDA:51,6,1,0
BRDA:80,7,0,0
BRDA:80,7,1,13
BRDA:85,8,0,2
BRDA:85,8,1,13
BRDA:98,9,0,2
BRDA:98,9,1,11
BRDA:102,10,0,2
BRDA:102,10,1,11
BRDA:134,11,0,1
BRDA:134,11,1,10
BRDA:134,12,0,11
BRDA:134,12,1,9
BRF:26
BRH:21
end_of_record
TN:
SF:src/features/chat/components/chat-input-web.tsx
FN:19,ChatInputWeb
FN:37,(anonymous_1)
FN:55,(anonymous_2)
FN:59,(anonymous_3)
FN:65,(anonymous_4)
FNF:5
FNH:2
FNDA:10,ChatInputWeb
FNDA:0,(anonymous_1)
FNDA:0,(anonymous_2)
FNDA:0,(anonymous_3)
FNDA:18,(anonymous_4)
DA:28,10
DA:29,10
DA:30,10
DA:32,10
DA:33,10
DA:34,10
DA:36,10
DA:38,0
DA:39,0
DA:41,0
DA:42,0
DA:44,0
DA:45,0
DA:47,0
DA:48,0
DA:55,10
DA:56,0
DA:59,10
DA:60,0
DA:64,10
DA:66,18
DA:67,18
DA:68,0
DA:69,0
DA:70,0
DA:76,10
DA:129,5
LF:27
LH:14
BRDA:23,0,0,9
BRDA:24,1,0,9
BRDA:25,2,0,10
BRDA:32,3,0,10
BRDA:32,3,1,5
BRDA:32,3,2,4
BRDA:38,4,0,0
BRDA:38,4,1,0
BRDA:39,5,0,0
BRDA:39,5,1,0
BRDA:42,6,0,0
BRDA:42,6,1,0
BRDA:42,7,0,0
BRDA:42,7,1,0
BRDA:44,8,0,0
BRDA:44,8,1,0
BRDA:47,9,0,0
BRDA:47,9,1,0
BRDA:67,10,0,0
BRDA:67,10,1,18
BRDA:67,11,0,18
BRDA:67,11,1,0
BRDA:91,12,0,10
BRDA:91,12,1,10
BRDA:100,13,0,3
BRDA:100,13,1,7
BRDA:115,14,0,10
BRDA:115,14,1,5
BRDA:118,15,0,5
BRDA:118,15,1,0
BRF:30
BRH:15
end_of_record
TN:
SF:src/features/chat/hooks/use-chat.ts
FN:20,(anonymous_0)
FN:51,useChat
FN:55,(anonymous_2)
FN:74,(anonymous_3)
FN:82,(anonymous_4)
FN:83,(anonymous_5)
FN:97,(anonymous_6)
FN:140,(anonymous_7)
FN:168,(anonymous_8)
FN:172,(anonymous_9)
FN:179,(anonymous_10)
FN:184,(anonymous_11)
FN:187,(anonymous_12)
FN:194,(anonymous_13)
FN:213,(anonymous_14)
FN:224,(anonymous_15)
FN:236,(anonymous_16)
FN:246,(anonymous_17)
FN:248,(anonymous_18)
FN:253,(anonymous_19)
FN:264,(anonymous_20)
FN:284,(anonymous_21)
FN:290,(anonymous_22)
FN:335,(anonymous_23)
FN:346,(anonymous_24)
FN:347,(anonymous_25)
FN:359,(anonymous_26)
FN:363,(anonymous_27)
FN:373,(anonymous_28)
FN:391,(anonymous_29)
FNF:30
FNH:20
FNDA:0,(anonymous_0)
FNDA:274489,useChat
FNDA:274489,(anonymous_2)
FNDA:21,(anonymous_3)
FNDA:274488,(anonymous_4)
FNDA:274488,(anonymous_5)
FNDA:122,(anonymous_6)
FNDA:1,(anonymous_7)
FNDA:0,(anonymous_8)
FNDA:0,(anonymous_9)
FNDA:0,(anonymous_10)
FNDA:0,(anonymous_11)
FNDA:0,(anonymous_12)
FNDA:0,(anonymous_13)
FNDA:21,(anonymous_14)
FNDA:0,(anonymous_15)
FNDA:1,(anonymous_16)
FNDA:57,(anonymous_17)
FNDA:36,(anonymous_18)
FNDA:0,(anonymous_19)
FNDA:9,(anonymous_20)
FNDA:0,(anonymous_21)
FNDA:1,(anonymous_22)
FNDA:5,(anonymous_23)
FNDA:5,(anonymous_24)
FNDA:10,(anonymous_25)
FNDA:5,(anonymous_26)
FNDA:2,(anonymous_27)
FNDA:12,(anonymous_28)
FNDA:9,(anonymous_29)
DA:18,1
DA:20,1
DA:21,0
DA:22,0
DA:23,0
DA:24,0
DA:25,0
DA:52,274489
DA:53,274489
DA:54,274489
DA:55,274489
DA:56,274489
DA:58,274489
DA:60,274489
DA:61,274489
DA:62,274489
DA:63,274489
DA:64,274489
DA:65,274489
DA:68,274489
DA:69,274489
DA:70,274489
DA:71,274489
DA:72,274489
DA:74,274489
DA:75,21
DA:76,21
DA:79,274489
DA:82,274489
DA:83,274488
DA:84,274488
DA:85,2
DA:86,2
DA:88,274486
DA:89,274486
DA:96,274486
DA:97,122
DA:103,61
DA:105,274425
DA:106,274425
DA:109,274425
DA:118,274486
DA:119,274390
DA:122,274390
DA:128,274390
DA:131,0
DA:133,274486
DA:136,274488
DA:140,274489
DA:141,1
DA:142,1
DA:143,1
DA:145,1
DA:146,1
DA:147,1
DA:150,0
DA:151,0
DA:152,0
DA:153,0
DA:156,0
DA:157,0
DA:160,0
DA:161,0
DA:163,0
DA:169,0
DA:170,0
DA:173,0
DA:179,0
DA:180,0
DA:181,0
DA:182,0
DA:185,0
DA:188,0
DA:189,0
DA:190,0
DA:191,0
DA:195,0
DA:196,0
DA:197,0
DA:202,0
DA:203,0
DA:204,0
DA:206,0
DA:207,0
DA:208,0
DA:213,274489
DA:214,21
DA:215,20
DA:216,20
DA:219,1
DA:221,1
DA:224,1
DA:225,0
DA:226,0
DA:228,0
DA:229,0
DA:230,0
DA:231,0
DA:232,0
DA:236,1
DA:237,1
DA:238,1
DA:239,1
DA:240,1
DA:241,1
DA:246,274489
DA:247,57
DA:248,36
DA:253,274489
DA:254,0
DA:255,0
DA:256,0
DA:258,0
DA:259,0
DA:260,0
DA:264,274489
DA:265,9
DA:266,9
DA:267,9
DA:268,1
DA:271,8
DA:283,7
DA:284,2
DA:285,2
DA:286,1
DA:287,1
DA:289,1
DA:290,1
DA:296,1
DA:298,0
DA:302,5
DA:303,5
DA:305,5
DA:306,5
DA:307,5
DA:309,5
DA:310,10
DA:311,10
DA:313,5
DA:314,5
DA:315,5
DA:317,5
DA:318,20
DA:319,10
DA:320,10
DA:322,9
DA:323,9
DA:324,9
DA:325,6
DA:326,6
DA:328,9
DA:329,5
DA:335,5
DA:336,5
DA:345,5
DA:346,5
DA:347,10
DA:348,0
DA:355,5
DA:358,5
DA:359,5
DA:362,2
DA:363,2
DA:369,2
DA:373,274489
DA:374,12
DA:375,12
DA:377,11
DA:378,1
DA:379,1
DA:382,10
DA:384,9
DA:391,9
DA:392,9
DA:393,9
DA:394,9
DA:396,9
DA:397,0
DA:398,0
DA:400,0
DA:401,0
DA:405,9
DA:406,9
DA:411,274489
DA:420,274489
LF:185
LH:130
BRDA:22,0,0,0
BRDA:22,0,1,0
BRDA:79,1,0,274489
BRDA:79,1,1,274393
BRDA:84,2,0,2
BRDA:84,2,1,274486
BRDA:96,3,0,61
BRDA:96,3,1,274425
BRDA:96,4,0,274486
BRDA:96,4,1,274486
BRDA:105,5,0,274425
BRDA:105,5,1,0
BRDA:106,6,0,274425
BRDA:106,6,1,0
BRDA:118,7,0,274390
BRDA:118,7,1,96
BRDA:120,8,0,274390
BRDA:120,8,1,0
BRDA:128,9,0,274390
BRDA:128,9,1,0
BRDA:143,10,0,0
BRDA:143,10,1,1
BRDA:145,11,0,1
BRDA:145,11,1,0
BRDA:145,12,0,1
BRDA:145,12,1,0
BRDA:145,12,2,0
BRDA:151,13,0,0
BRDA:151,13,1,0
BRDA:151,14,0,0
BRDA:151,14,1,0
BRDA:157,15,0,0
BRDA:157,15,1,0
BRDA:190,16,0,0
BRDA:190,16,1,0
BRDA:196,17,0,0
BRDA:196,17,1,0
BRDA:196,18,0,0
BRDA:196,18,1,0
BRDA:207,19,0,0
BRDA:207,19,1,0
BRDA:214,20,0,20
BRDA:214,20,1,1
BRDA:214,21,0,21
BRDA:214,21,1,1
BRDA:225,22,0,0
BRDA:225,22,1,0
BRDA:225,23,0,0
BRDA:225,23,1,0
BRDA:225,23,2,0
BRDA:228,24,0,0
BRDA:228,24,1,0
BRDA:228,25,0,0
BRDA:228,25,1,0
BRDA:228,25,2,0
BRDA:247,26,0,36
BRDA:247,26,1,21
BRDA:247,27,0,57
BRDA:247,27,1,21
BRDA:255,28,0,0
BRDA:255,28,1,0
BRDA:267,29,0,1
BRDA:267,29,1,8
BRDA:283,30,0,2
BRDA:283,30,1,5
BRDA:285,31,0,1
BRDA:285,31,1,1
BRDA:289,32,0,1
BRDA:289,32,1,0
BRDA:298,33,0,0
BRDA:298,33,1,0
BRDA:303,34,0,0
BRDA:303,34,1,5
BRDA:311,35,0,5
BRDA:311,35,1,5
BRDA:315,36,0,5
BRDA:315,36,1,0
BRDA:318,37,0,10
BRDA:318,37,1,10
BRDA:320,38,0,1
BRDA:320,38,1,9
BRDA:324,39,0,6
BRDA:324,39,1,3
BRDA:328,40,0,5
BRDA:328,40,1,4
BRDA:328,41,0,9
BRDA:328,41,1,5
BRDA:345,42,0,5
BRDA:345,42,1,0
BRDA:347,43,0,5
BRDA:347,43,1,0
BRDA:358,44,0,5
BRDA:358,44,1,0
BRDA:375,45,0,1
BRDA:375,45,1,11
BRDA:375,46,0,12
BRDA:375,46,1,11
BRDA:375,46,2,11
BRDA:377,47,0,1
BRDA:377,47,1,10
BRDA:382,48,0,1
BRDA:382,48,1,9
BRDA:396,49,0,0
BRDA:396,49,1,9
BRDA:398,50,0,0
BRDA:398,50,1,0
BRDA:411,51,0,0
BRDA:411,51,1,274489
BRF:108
BRH:60
end_of_record
TN:
SF:src/features/community/hooks/use-communities.ts
FN:11,useCommunities
FN:17,(anonymous_1)
FN:25,(anonymous_2)
FN:27,(anonymous_3)
FN:30,(anonymous_4)
FNF:5
FNH:5
FNDA:13,useCommunities
FNDA:7,(anonymous_1)
FNDA:6,(anonymous_2)
FNDA:5,(anonymous_3)
FNDA:1,(anonymous_4)
DA:12,13
DA:13,13
DA:14,13
DA:15,13
DA:17,13
DA:18,7
DA:19,7
DA:20,6
DA:21,6
DA:25,13
DA:26,6
DA:27,6
DA:30,13
DA:31,1
DA:32,1
DA:33,1
DA:36,13
LF:17
LH:17
BRDA:20,0,0,6
BRDA:20,0,1,0
BRF:2
BRH:1
end_of_record
TN:
SF:src/features/community/hooks/use-community-detail.ts
FN:24,useCommunityDetail
FN:32,(anonymous_1)
FN:52,(anonymous_2)
FN:56,(anonymous_3)
FN:64,(anonymous_4)
FN:71,(anonymous_5)
FNF:6
FNH:6
FNDA:18,useCommunityDetail
FNDA:9,(anonymous_1)
FNDA:8,(anonymous_2)
FNDA:2,(anonymous_3)
FNDA:1,(anonymous_4)
FNDA:1,(anonymous_5)
DA:11,1
DA:25,18
DA:26,18
DA:27,18
DA:28,18
DA:29,18
DA:30,18
DA:32,18
DA:33,9
DA:34,9
DA:35,9
DA:36,9
DA:41,8
DA:42,8
DA:43,8
DA:44,8
DA:46,1
DA:48,9
DA:52,18
DA:53,8
DA:56,18
DA:57,2
DA:58,1
DA:59,1
DA:60,1
DA:64,1
DA:65,1
DA:67,0
DA:71,18
DA:72,1
DA:75,18
LF:31
LH:30
BRDA:46,0,0,1
BRDA:46,0,1,0
BRDA:57,1,0,1
BRDA:57,1,1,1
BRDA:57,2,0,2
BRDA:57,2,1,1
BRDA:67,3,0,0
BRDA:67,3,1,0
BRF:8
BRH:5
end_of_record
TN:
SF:src/features/community/hooks/use-community-membership.ts
FN:15,useCommunityMembership
FN:19,(anonymous_1)
FN:23,(anonymous_2)
FN:28,(anonymous_3)
FN:33,(anonymous_4)
FN:38,(anonymous_5)
FN:50,(anonymous_6)
FNF:7
FNH:7
FNDA:23,useCommunityMembership
FNDA:8,(anonymous_1)
FNDA:8,(anonymous_2)
FNDA:8,(anonymous_3)
FNDA:8,(anonymous_4)
FNDA:3,(anonymous_5)
FNDA:2,(anonymous_6)
DA:16,23
DA:17,23
DA:19,23
DA:20,8
DA:21,8
DA:22,8
DA:24,8
DA:25,8
DA:29,8
DA:30,8
DA:33,8
DA:34,8
DA:38,23
DA:39,3
DA:40,3
DA:41,3
DA:42,3
DA:43,2
DA:46,3
DA:50,23
DA:51,2
DA:52,2
DA:53,2
DA:54,2
DA:55,1
DA:58,2
DA:62,23
LF:27
LH:27
BRDA:24,0,0,8
BRDA:24,0,1,0
BRDA:29,1,0,8
BRDA:29,1,1,0
BRDA:42,2,0,2
BRDA:42,2,1,1
BRDA:54,3,0,1
BRDA:54,3,1,1
BRF:8
BRH:6
end_of_record
TN:
SF:src/features/insights/hooks/use-twin-data.ts
FN:22,(anonymous_0)
FN:23,(anonymous_1)
FN:30,(anonymous_2)
FN:37,(anonymous_3)
FN:71,(anonymous_4)
FNF:5
FNH:4
FNDA:27,(anonymous_0)
FNDA:0,(anonymous_1)
FNDA:14,(anonymous_2)
FNDA:14,(anonymous_3)
FNDA:3,(anonymous_4)
DA:22,4
DA:23,27
DA:24,27
DA:25,27
DA:26,27
DA:27,27
DA:28,27
DA:30,27
DA:31,14
DA:32,14
DA:33,0
DA:34,0
DA:37,14
DA:38,14
DA:39,14
DA:41,14
DA:49,13
DA:51,13
DA:53,4
DA:54,2
DA:55,2
DA:57,2
DA:58,2
DA:61,9
DA:62,9
DA:63,9
DA:64,9
DA:68,14
DA:71,27
DA:72,3
DA:73,3
DA:74,0
DA:77,3
DA:83,3
DA:84,1
DA:87,2
DA:90,27
LF:37
LH:34
BRDA:32,0,0,0
BRDA:32,0,1,14
BRDA:51,1,0,4
BRDA:51,1,1,9
BRDA:53,2,0,2
BRDA:53,2,1,2
BRDA:61,3,0,9
BRDA:61,3,1,0
BRDA:73,4,0,0
BRDA:73,4,1,3
BRDA:83,5,0,1
BRDA:83,5,1,2
BRDA:83,6,0,3
BRDA:83,6,1,2
BRDA:87,7,0,2
BRDA:87,7,1,0
BRF:16
BRH:12
end_of_record
TN:
SF:src/features/onboarding/stores/onboarding-store.ts
FN:100,(anonymous_0)
FN:108,(anonymous_1)
FN:109,(anonymous_2)
FN:110,(anonymous_3)
FN:114,(anonymous_4)
FN:116,(anonymous_5)
FN:118,(anonymous_6)
FN:120,(anonymous_7)
FN:122,(anonymous_8)
FN:123,(anonymous_9)
FN:127,(anonymous_10)
FN:128,(anonymous_11)
FN:132,(anonymous_12)
FNF:13
FNH:13
FNDA:2,(anonymous_0)
FNDA:19,(anonymous_1)
FNDA:19,(anonymous_2)
FNDA:24,(anonymous_3)
FNDA:3,(anonymous_4)
FNDA:5,(anonymous_5)
FNDA:2,(anonymous_6)
FNDA:2,(anonymous_7)
FNDA:27,(anonymous_8)
FNDA:27,(anonymous_9)
FNDA:2,(anonymous_10)
FNDA:2,(anonymous_11)
FNDA:18,(anonymous_12)
DA:16,2
DA:100,2
DA:109,19
DA:110,24
DA:111,19
DA:114,3
DA:116,5
DA:118,2
DA:120,2
DA:123,27
DA:128,2
DA:133,18
LF:12
LH:12
BRF:0
BRH:0
end_of_record
TN:
SF:src/services/analytics/tracker.native.ts
FN:18,initializeAnalytics
FN:66,(anonymous_1)
FN:81,(anonymous_2)
FN:86,(anonymous_3)
FN:94,(anonymous_4)
FN:102,(anonymous_5)
FN:113,(anonymous_6)
FN:121,(anonymous_7)
FN:126,(anonymous_8)
FN:131,(anonymous_9)
FN:136,(anonymous_10)
FN:141,(anonymous_11)
FN:146,(anonymous_12)
FN:151,(anonymous_13)
FN:159,(anonymous_14)
FN:168,(anonymous_15)
FN:177,(anonymous_16)
FNF:17
FNH:15
FNDA:5,initializeAnalytics
FNDA:18,(anonymous_1)
FNDA:1,(anonymous_2)
FNDA:1,(anonymous_3)
FNDA:1,(anonymous_4)
FNDA:1,(anonymous_5)
FNDA:1,(anonymous_6)
FNDA:1,(anonymous_7)
FNDA:1,(anonymous_8)
FNDA:1,(anonymous_9)
FNDA:1,(anonymous_10)
FNDA:1,(anonymous_11)
FNDA:1,(anonymous_12)
FNDA:1,(anonymous_13)
FNDA:0,(anonymous_14)
FNDA:0,(anonymous_15)
FNDA:1,(anonymous_16)
DA:11,2
DA:20,5
DA:21,4
DA:23,4
DA:24,2
DA:25,2
DA:27,2
DA:30,2
DA:42,2
DA:66,2
DA:67,18
DA:68,18
DA:72,18
DA:73,18
DA:74,2
DA:81,2
DA:82,1
DA:86,2
DA:87,1
DA:94,2
DA:95,1
DA:102,2
DA:106,1
DA:113,2
DA:114,1
DA:121,2
DA:122,1
DA:126,2
DA:127,1
DA:131,2
DA:132,1
DA:136,2
DA:137,1
DA:141,2
DA:142,1
DA:146,2
DA:147,1
DA:151,2
DA:152,1
DA:159,2
DA:161,0
DA:162,0
DA:163,0
DA:168,2
DA:170,0
DA:171,0
DA:172,0
DA:177,2
DA:178,1
LF:49
LH:43
BRDA:20,0,0,1
BRDA:20,0,1,4
BRDA:23,1,0,2
BRDA:23,1,1,2
BRDA:67,2,0,18
BRDA:67,2,1,0
BRDA:68,3,0,18
BRDA:68,3,1,9
BRDA:72,4,0,18
BRDA:72,4,1,16
BRDA:72,4,2,16
BRDA:73,5,0,2
BRDA:73,5,1,16
BRDA:74,6,0,2
BRDA:74,6,1,1
BRDA:161,7,0,0
BRDA:161,7,1,0
BRDA:161,7,2,0
BRDA:162,8,0,0
BRDA:162,8,1,0
BRDA:170,9,0,0
BRDA:170,9,1,0
BRDA:170,9,2,0
BRDA:171,10,0,0
BRDA:171,10,1,0
BRF:25
BRH:14
end_of_record
TN:
SF:src/services/analytics/tracker.web.ts
FN:35,initializeAnalytics
FN:41,(anonymous_1)
FN:48,(anonymous_2)
FN:51,(anonymous_3)
FN:54,(anonymous_4)
FN:61,(anonymous_5)
FN:66,(anonymous_6)
FN:74,(anonymous_7)
FN:82,(anonymous_8)
FN:93,(anonymous_9)
FN:101,(anonymous_10)
FN:106,(anonymous_11)
FN:111,(anonymous_12)
FN:116,(anonymous_13)
FN:121,(anonymous_14)
FN:126,(anonymous_15)
FN:131,(anonymous_16)
FNF:17
FNH:17
FNDA:2,initializeAnalytics
FNDA:18,(anonymous_1)
FNDA:2,(anonymous_2)
FNDA:2,(anonymous_3)
FNDA:3,(anonymous_4)
FNDA:1,(anonymous_5)
FNDA:1,(anonymous_6)
FNDA:1,(anonymous_7)
FNDA:1,(anonymous_8)
FNDA:1,(anonymous_9)
FNDA:1,(anonymous_10)
FNDA:1,(anonymous_11)
FNDA:1,(anonymous_12)
FNDA:1,(anonymous_13)
FNDA:1,(anonymous_14)
FNDA:1,(anonymous_15)
FNDA:1,(anonymous_16)
DA:16,2
DA:41,2
DA:42,18
DA:43,18
DA:48,2
DA:51,2
DA:54,2
DA:55,3
DA:61,2
DA:62,1
DA:66,2
DA:67,1
DA:74,2
DA:75,1
DA:82,2
DA:86,1
DA:93,2
DA:94,1
DA:101,2
DA:102,1
DA:106,2
DA:107,1
DA:111,2
DA:112,1
DA:116,2
DA:117,1
DA:121,2
DA:122,1
DA:126,2
DA:127,1
DA:131,2
DA:132,1
LF:32
LH:32
BRDA:42,0,0,18
BRDA:42,0,1,0
BRDA:43,1,0,18
BRDA:43,1,1,8
BRF:4
BRH:3
end_of_record
TN:
SF:src/services/community/client.ts
FN:77,mapCommunity
FN:93,mapMessage
FN:106,mapMember
FN:117,listCommunities
FN:138,getCommunity
FN:152,getCommunityMembers
FN:165,checkMembership
FN:182,createCommunity
FN:209,uploadCommunityThumbnail
FN:239,joinCommunity
FN:254,leaveCommunity
FN:270,getCommunityMessages
FNF:12
FNH:7
FNDA:3,mapCommunity
FNDA:2,mapMessage
FNDA:0,mapMember
FNDA:2,listCommunities
FNDA:0,getCommunity
FNDA:0,getCommunityMembers
FNDA:0,checkMembership
FNDA:2,createCommunity
FNDA:0,uploadCommunityThumbnail
FNDA:2,joinCommunity
FNDA:1,leaveCommunity
FNDA:2,getCommunityMessages
DA:78,3
DA:94,2
DA:107,0
DA:118,2
DA:125,2
DA:126,0
DA:129,2
DA:131,2
DA:132,1
DA:135,1
DA:139,0
DA:145,0
DA:146,0
DA:149,0
DA:153,0
DA:158,0
DA:159,0
DA:162,0
DA:168,0
DA:170,0
DA:172,0
DA:179,0
DA:185,2
DA:187,2
DA:189,2
DA:202,2
DA:203,1
DA:206,1
DA:213,0
DA:214,0
DA:215,0
DA:217,0
DA:218,0
DA:219,0
DA:221,0
DA:225,0
DA:226,0
DA:231,0
DA:233,0
DA:235,0
DA:242,2
DA:244,2
DA:246,2
DA:251,2
DA:257,1
DA:259,1
DA:261,1
DA:267,1
DA:274,2
DA:276,2
DA:285,2
DA:286,0
DA:289,2
DA:291,2
DA:292,1
DA:295,1
DA:296,1
LF:57
LH:30
BRDA:87,0,0,3
BRDA:87,0,1,3
BRDA:100,1,0,2
BRDA:100,1,1,2
BRDA:101,2,0,2
BRDA:101,2,1,2
BRDA:125,3,0,0
BRDA:125,3,1,2
BRDA:131,4,0,1
BRDA:131,4,1,1
BRDA:131,5,0,2
BRDA:131,5,1,1
BRDA:145,6,0,0
BRDA:145,6,1,0
BRDA:145,7,0,0
BRDA:145,7,1,0
BRDA:158,8,0,0
BRDA:158,8,1,0
BRDA:158,9,0,0
BRDA:158,9,1,0
BRDA:170,10,0,0
BRDA:170,10,1,0
BRDA:179,11,0,0
BRDA:179,11,1,0
BRDA:187,12,0,0
BRDA:187,12,1,2
BRDA:196,13,0,2
BRDA:196,13,1,2
BRDA:202,14,0,1
BRDA:202,14,1,1
BRDA:202,15,0,2
BRDA:202,15,1,1
BRDA:225,16,0,0
BRDA:225,16,1,0
BRDA:244,17,0,0
BRDA:244,17,1,2
BRDA:259,18,0,0
BRDA:259,18,1,1
BRDA:274,19,0,2
BRDA:274,19,1,2
BRDA:285,20,0,0
BRDA:285,20,1,2
BRDA:291,21,0,1
BRDA:291,21,1,1
BRDA:291,22,0,2
BRDA:291,22,1,1
BRF:46
BRH:27
end_of_record
TN:
SF:src/services/notifications/client.web.ts
FN:6,(anonymous_0)
FN:8,(anonymous_1)
FN:10,(anonymous_2)
FN:12,(anonymous_3)
FN:14,(anonymous_4)
FN:17,(anonymous_5)
FN:20,(anonymous_6)
FNF:7
FNH:7
FNDA:2,(anonymous_0)
FNDA:2,(anonymous_1)
FNDA:2,(anonymous_2)
FNDA:2,(anonymous_3)
FNDA:3,(anonymous_4)
FNDA:1,(anonymous_5)
FNDA:2,(anonymous_6)
DA:6,1
DA:8,2
DA:10,1
DA:12,1
DA:14,1
DA:17,3
DA:20,2
LF:7
LH:7
BRF:0
BRH:0
end_of_record
TN:
SF:src/services/openclaw/client.ts
FN:9,(anonymous_0)
FN:33,(anonymous_1)
FN:47,(anonymous_2)
FN:60,(anonymous_3)
FN:73,(anonymous_4)
FN:87,(anonymous_5)
FN:93,(anonymous_6)
FN:102,(anonymous_7)
FN:114,(anonymous_8)
FNF:9
FNH:7
FNDA:3,(anonymous_0)
FNDA:2,(anonymous_1)
FNDA:2,(anonymous_2)
FNDA:1,(anonymous_3)
FNDA:1,(anonymous_4)
FNDA:0,(anonymous_5)
FNDA:0,(anonymous_6)
FNDA:3,(anonymous_7)
FNDA:1,(anonymous_8)
DA:9,1
DA:10,3
DA:11,3
DA:13,2
DA:19,2
DA:20,0
DA:21,0
DA:24,2
DA:26,1
DA:33,1
DA:34,2
DA:36,2
DA:37,1
DA:38,1
DA:41,1
DA:47,1
DA:48,2
DA:50,2
DA:51,1
DA:54,1
DA:60,1
DA:61,1
DA:63,1
DA:64,0
DA:67,1
DA:73,1
DA:77,1
DA:88,0
DA:93,1
DA:94,0
DA:102,1
DA:103,3
DA:104,1
DA:107,2
DA:108,1
DA:110,1
DA:114,1
LF:37
LH:32
BRDA:11,0,0,1
BRDA:11,0,1,2
BRDA:19,1,0,0
BRDA:19,1,1,2
BRDA:24,2,0,1
BRDA:24,2,1,1
BRDA:36,3,0,1
BRDA:36,3,1,1
BRDA:41,4,0,1
BRDA:41,4,1,0
BRDA:50,5,0,1
BRDA:50,5,1,1
BRDA:54,6,0,1
BRDA:54,6,1,0
BRDA:63,7,0,0
BRDA:63,7,1,1
BRDA:67,8,0,1
BRDA:67,8,1,0
BRDA:103,9,0,1
BRDA:103,9,1,2
BRDA:107,10,0,1
BRDA:107,10,1,1
BRDA:117,11,0,1
BRDA:117,11,1,0
BRDA:118,12,0,1
BRDA:118,12,1,0
BRDA:120,13,0,1
BRDA:120,13,1,0
BRDA:121,14,0,1
BRDA:121,14,1,0
BRDA:122,15,0,1
BRDA:122,15,1,0
BRDA:123,16,0,1
BRDA:123,16,1,0
BRDA:124,17,0,1
BRDA:124,17,1,0
BRDA:125,18,0,1
BRDA:125,18,1,0
BRDA:128,19,0,1
BRDA:128,19,1,0
BRDA:129,20,0,1
BRDA:129,20,1,0
BRDA:130,21,0,1
BRDA:130,21,1,1
BRDA:131,22,0,1
BRDA:131,22,1,1
BRF:46
BRH:31
end_of_record
TN:
SF:src/services/openclaw/connection-manager.ts
FN:15,(anonymous_0)
FN:36,(anonymous_1)
FN:40,(anonymous_2)
FN:44,(anonymous_3)
FN:51,(anonymous_4)
FNF:5
FNH:5
FNDA:3,(anonymous_0)
FNDA:12,(anonymous_1)
FNDA:3,(anonymous_2)
FNDA:2,(anonymous_3)
FNDA:2,(anonymous_4)
DA:8,1
DA:15,1
DA:20,3
DA:22,3
DA:23,3
DA:30,2
DA:32,1
DA:36,1
DA:37,12
DA:40,1
DA:41,3
DA:44,1
DA:45,2
DA:46,1
DA:47,1
DA:51,1
DA:52,2
LF:17
LH:17
BRDA:22,0,0,2
BRDA:22,0,1,1
BRDA:45,1,0,1
BRDA:45,1,1,1
BRDA:52,2,0,2
BRDA:52,2,1,1
BRF:6
BRH:6
end_of_record
TN:
SF:src/services/openclaw/websocket-client.ts
FN:29,(anonymous_0)
FN:33,(anonymous_1)
FN:47,(anonymous_2)
FN:54,(anonymous_3)
FN:62,(anonymous_4)
FN:67,(anonymous_5)
FN:71,(anonymous_6)
FN:76,(anonymous_7)
FN:81,(anonymous_8)
FN:95,(anonymous_9)
FN:110,(anonymous_10)
FN:114,(anonymous_11)
FN:118,(anonymous_12)
FN:131,(anonymous_13)
FN:164,(anonymous_14)
FN:179,(anonymous_15)
FN:185,(anonymous_16)
FNF:17
FNH:17
FNDA:21,(anonymous_0)
FNDA:26,(anonymous_1)
FNDA:5,(anonymous_2)
FNDA:1,(anonymous_3)
FNDA:11,(anonymous_4)
FNDA:15,(anonymous_5)
FNDA:4,(anonymous_6)
FNDA:1,(anonymous_7)
FNDA:3,(anonymous_8)
FNDA:2,(anonymous_9)
FNDA:3,(anonymous_10)
FNDA:2,(anonymous_11)
FNDA:11,(anonymous_12)
FNDA:15,(anonymous_13)
FNDA:5,(anonymous_14)
FNDA:5,(anonymous_15)
FNDA:3,(anonymous_16)
DA:22,21
DA:24,21
DA:25,21
DA:26,21
DA:27,21
DA:30,21
DA:34,26
DA:35,1
DA:38,25
DA:39,25
DA:42,25
DA:43,25
DA:44,25
DA:46,25
DA:47,25
DA:48,5
DA:49,5
DA:50,5
DA:51,5
DA:54,25
DA:55,1
DA:56,1
DA:57,1
DA:58,1
DA:62,25
DA:63,11
DA:64,11
DA:67,25
DA:68,15
DA:71,25
DA:72,4
DA:73,4
DA:76,25
DA:77,1
DA:82,3
DA:83,3
DA:84,3
DA:85,3
DA:87,3
DA:88,3
DA:89,3
DA:92,3
DA:96,2
DA:97,1
DA:98,1
DA:101,1
DA:107,1
DA:111,3
DA:115,2
DA:119,11
DA:128,11
DA:133,15
DA:134,15
DA:136,1
DA:139,14
DA:141,9
DA:142,9
DA:143,9
DA:144,9
DA:145,9
DA:148,3
DA:149,2
DA:150,1
DA:151,1
DA:153,3
DA:156,2
DA:157,2
DA:158,1
DA:160,2
DA:165,5
DA:166,5
DA:167,0
DA:168,0
DA:169,0
DA:172,5
DA:174,5
DA:179,5
DA:180,5
DA:181,5
DA:186,3
DA:187,0
DA:188,0
LF:82
LH:77
BRDA:34,0,0,1
BRDA:34,0,1,25
BRDA:34,1,0,26
BRDA:34,1,1,25
BRDA:48,2,0,0
BRDA:48,2,1,5
BRDA:48,3,0,5
BRDA:48,3,1,5
BRDA:55,4,0,1
BRDA:55,4,1,0
BRDA:87,5,0,3
BRDA:87,5,1,0
BRDA:96,6,0,1
BRDA:96,6,1,1
BRDA:96,7,0,2
BRDA:96,7,1,1
BRDA:96,7,2,1
BRDA:111,8,0,3
BRDA:111,8,1,1
BRDA:139,9,0,9
BRDA:139,9,1,3
BRDA:139,9,2,2
BRDA:148,10,0,2
BRDA:148,10,1,1
BRDA:150,11,0,1
BRDA:150,11,1,0
BRDA:157,12,0,1
BRDA:157,12,1,1
BRDA:165,13,0,0
BRDA:165,13,1,5
BRDA:166,14,0,0
BRDA:166,14,1,5
BRDA:186,15,0,0
BRDA:186,15,1,3
BRF:34
BRH:27
end_of_record
TN:
SF:src/services/revenuecat/client.native.ts
FN:23,(anonymous_0)
FN:42,(anonymous_1)
FN:102,(anonymous_2)
FN:116,(anonymous_3)
FN:123,(anonymous_4)
FN:154,(anonymous_5)
FN:168,(anonymous_6)
FN:173,(anonymous_7)
FN:184,(anonymous_8)
FN:193,(anonymous_9)
FN:201,(anonymous_10)
FN:209,(anonymous_11)
FN:212,(anonymous_12)
FN:213,(anonymous_13)
FN:217,(anonymous_14)
FN:224,(anonymous_15)
FNF:16
FNH:1
FNDA:0,(anonymous_0)
FNDA:6,(anonymous_1)
FNDA:0,(anonymous_2)
FNDA:0,(anonymous_3)
FNDA:0,(anonymous_4)
FNDA:0,(anonymous_5)
FNDA:0,(anonymous_6)
FNDA:0,(anonymous_7)
FNDA:0,(anonymous_8)
FNDA:0,(anonymous_9)
FNDA:0,(anonymous_10)
FNDA:0,(anonymous_11)
FNDA:0,(anonymous_12)
FNDA:0,(anonymous_13)
FNDA:0,(anonymous_14)
FNDA:0,(anonymous_15)
DA:17,1
DA:23,1
DA:24,0
DA:29,0
DA:30,0
DA:31,0
DA:34,0
DA:35,0
DA:36,0
DA:42,1
DA:43,6
DA:45,6
DA:46,1
DA:56,5
DA:57,5
DA:58,5
DA:60,5
DA:61,1
DA:62,1
DA:63,1
DA:64,1
DA:66,4
DA:67,1
DA:70,5
DA:71,5
DA:72,5
DA:73,2
DA:74,3
DA:75,3
DA:78,5
DA:80,5
DA:90,1
DA:102,1
DA:103,0
DA:104,0
DA:105,0
DA:106,0
DA:108,0
DA:109,0
DA:116,1
DA:117,0
DA:118,0
DA:120,0
DA:124,0
DA:125,0
DA:126,0
DA:127,0
DA:130,0
DA:154,1
DA:155,0
DA:156,0
DA:157,0
DA:158,0
DA:160,0
DA:161,0
DA:168,1
DA:169,0
DA:171,0
DA:172,0
DA:173,0
DA:175,0
DA:177,0
DA:178,0
DA:184,1
DA:185,0
DA:186,0
DA:187,0
DA:193,1
DA:194,0
DA:195,0
DA:201,1
DA:202,0
DA:203,0
DA:209,1
DA:212,0
DA:213,0
DA:214,0
DA:216,0
DA:217,0
DA:224,1
DA:225,0
DA:226,0
DA:227,0
DA:228,0
DA:230,0
LF:85
LH:34
BRDA:29,0,0,0
BRDA:29,0,1,0
BRDA:35,1,0,0
BRDA:35,1,1,0
BRDA:45,2,0,1
BRDA:45,2,1,5
BRDA:60,3,0,1
BRDA:60,3,1,4
BRDA:62,4,0,1
BRDA:62,4,1,0
BRDA:66,5,0,1
BRDA:66,5,1,3
BRDA:72,6,0,2
BRDA:72,6,1,3
BRDA:72,7,0,5
BRDA:72,7,1,3
BRDA:73,8,0,1
BRDA:73,8,1,1
BRDA:74,9,0,3
BRDA:74,9,1,0
BRDA:78,10,0,5
BRDA:78,10,1,0
BRDA:103,11,0,0
BRDA:103,11,1,0
BRDA:118,12,0,0
BRDA:118,12,1,0
BRDA:126,13,0,0
BRDA:126,13,1,0
BRDA:126,14,0,0
BRDA:126,14,1,0
BRDA:127,15,0,0
BRDA:127,15,1,0
BRDA:136,16,0,0
BRDA:136,16,1,0
BRDA:155,17,0,0
BRDA:155,17,1,0
BRDA:169,18,0,0
BRDA:169,18,1,0
BRDA:175,19,0,0
BRDA:175,19,1,0
BRDA:185,20,0,0
BRDA:185,20,1,0
BRDA:194,21,0,0
BRDA:194,21,1,0
BRDA:202,22,0,0
BRDA:202,22,1,0
BRDA:212,23,0,0
BRDA:212,23,1,0
BRDA:225,24,0,0
BRDA:225,24,1,0
BRF:50
BRH:15
end_of_record
TN:
SF:src/services/revenuecat/client.web.ts
FN:12,(anonymous_0)
FN:14,(anonymous_1)
FN:16,(anonymous_2)
FN:18,(anonymous_3)
FN:20,(anonymous_4)
FN:24,(anonymous_5)
FN:26,(anonymous_6)
FN:28,(anonymous_7)
FN:30,(anonymous_8)
FN:33,(anonymous_9)
FN:36,(anonymous_10)
FNF:11
FNH:11
FNDA:2,(anonymous_0)
FNDA:1,(anonymous_1)
FNDA:1,(anonymous_2)
FNDA:1,(anonymous_3)
FNDA:2,(anonymous_4)
FNDA:1,(anonymous_5)
FNDA:1,(anonymous_6)
FNDA:1,(anonymous_7)
FNDA:3,(anonymous_8)
FNDA:1,(anonymous_9)
FNDA:1,(anonymous_10)
DA:3,1
DA:12,1
DA:14,1
DA:16,1
DA:18,1
DA:20,1
DA:21,2
DA:24,1
DA:26,1
DA:28,1
DA:30,1
DA:33,3
DA:36,1
LF:13
LH:13
BRF:0
BRH:0
end_of_record
TN:
SF:src/services/stripe/client.ts
FN:10,(anonymous_0)
FN:38,(anonymous_1)
FN:66,(anonymous_2)
FN:76,(anonymous_3)
FNF:4
FNH:2
FNDA:4,(anonymous_0)
FNDA:4,(anonymous_1)
FNDA:0,(anonymous_2)
FNDA:0,(anonymous_3)
DA:10,5
DA:13,4
DA:14,4
DA:15,1
DA:18,3
DA:23,3
DA:24,1
DA:27,2
DA:28,1
DA:31,1
DA:38,5
DA:39,4
DA:40,4
DA:41,1
DA:44,3
DA:48,3
DA:50,1
DA:51,1
DA:53,0
DA:56,2
DA:57,1
DA:60,1
DA:66,5
DA:67,0
DA:68,0
DA:69,0
DA:76,5
DA:77,0
DA:78,0
DA:79,0
LF:30
LH:23
BRDA:14,0,0,1
BRDA:14,0,1,3
BRDA:23,1,0,1
BRDA:23,1,1,2
BRDA:24,2,0,1
BRDA:24,2,1,0
BRDA:27,3,0,1
BRDA:27,3,1,1
BRDA:40,4,0,1
BRDA:40,4,1,3
BRDA:48,5,0,1
BRDA:48,5,1,2
BRDA:50,6,0,1
BRDA:50,6,1,0
BRDA:50,7,0,1
BRDA:50,7,1,0
BRDA:53,8,0,0
BRDA:53,8,1,0
BRDA:56,9,0,1
BRDA:56,9,1,1
BRDA:68,10,0,0
BRDA:68,10,1,0
BRDA:78,11,0,0
BRDA:78,11,1,0
BRF:24
BRH:15
end_of_record
TN:
SF:src/services/subscription/entitlement-poller.ts
FN:19,(anonymous_0)
FN:28,(anonymous_1)
FN:55,(anonymous_2)
FNF:3
FNH:0
FNDA:0,(anonymous_0)
FNDA:0,(anonymous_1)
FNDA:0,(anonymous_2)
DA:15,1
DA:17,1
DA:19,1
DA:24,0
DA:26,0
DA:28,0
DA:29,0
DA:30,0
DA:31,0
DA:32,0
DA:33,0
DA:36,0
DA:42,0
DA:43,0
DA:44,0
DA:47,0
DA:48,0
DA:50,0
DA:55,1
DA:56,0
DA:57,0
DA:58,0
LF:22
LH:4
BRDA:24,0,0,0
BRDA:24,0,1,0
BRDA:24,1,0,0
BRDA:24,1,1,0
BRDA:31,2,0,0
BRDA:31,2,1,0
BRDA:42,3,0,0
BRDA:42,3,1,0
BRDA:42,4,0,0
BRDA:42,4,1,0
BRDA:50,5,0,0
BRDA:50,5,1,0
BRDA:56,6,0,0
BRDA:56,6,1,0
BRF:14
BRH:0
end_of_record
TN:
SF:src/services/supabase/auth-shared.ts
FN:8,(anonymous_0)
FN:16,(anonymous_1)
FN:24,(anonymous_2)
FN:39,(anonymous_3)
FN:67,(anonymous_4)
FN:85,(anonymous_5)
FN:114,(anonymous_6)
FN:115,(anonymous_7)
FN:118,(anonymous_8)
FN:132,(anonymous_9)
FN:134,(anonymous_10)
FN:145,(anonymous_11)
FN:147,(anonymous_12)
FN:153,(anonymous_13)
FNF:14
FNH:10
FNDA:1,(anonymous_0)
FNDA:0,(anonymous_1)
FNDA:2,(anonymous_2)
FNDA:0,(anonymous_3)
FNDA:0,(anonymous_4)
FNDA:0,(anonymous_5)
FNDA:20,(anonymous_6)
FNDA:2,(anonymous_7)
FNDA:2,(anonymous_8)
FNDA:2,(anonymous_9)
FNDA:2,(anonymous_10)
FNDA:2,(anonymous_11)
FNDA:2,(anonymous_12)
FNDA:2,(anonymous_13)
DA:8,4
DA:9,1
DA:10,1
DA:16,4
DA:17,0
DA:18,0
DA:24,4
DA:25,2
DA:31,2
DA:33,1
DA:39,4
DA:43,0
DA:44,0
DA:45,0
DA:46,0
DA:47,0
DA:48,0
DA:49,0
DA:50,0
DA:52,0
DA:59,0
DA:60,0
DA:67,4
DA:68,0
DA:69,0
DA:71,0
DA:75,0
DA:77,0
DA:85,4
DA:90,0
DA:96,0
DA:97,0
DA:101,0
DA:102,0
DA:108,0
DA:111,0
DA:114,20
DA:115,4
DA:117,4
DA:118,4
DA:119,2
DA:121,4
DA:129,4
DA:132,4
DA:133,2
DA:134,4
DA:135,2
DA:136,2
DA:137,2
DA:140,4
DA:142,4
DA:145,4
DA:146,2
DA:147,4
DA:148,2
DA:149,2
DA:150,2
DA:153,4
LF:58
LH:33
BRDA:31,0,0,1
BRDA:31,0,1,1
BRDA:31,1,0,2
BRDA:31,1,1,1
BRDA:44,2,0,0
BRDA:44,2,1,0
BRDA:45,3,0,0
BRDA:45,3,1,0
BRDA:46,4,0,0
BRDA:46,4,1,0
BRDA:47,5,0,0
BRDA:47,5,1,0
BRDA:48,6,0,0
BRDA:48,6,1,0
BRDA:49,7,0,0
BRDA:49,7,1,0
BRDA:50,8,0,0
BRDA:50,8,1,0
BRDA:59,9,0,0
BRDA:59,9,1,0
BRDA:69,10,0,0
BRDA:69,10,1,0
BRDA:75,11,0,0
BRDA:75,11,1,0
BRDA:96,12,0,0
BRDA:96,12,1,0
BRDA:96,13,0,0
BRDA:96,13,1,0
BRDA:101,14,0,0
BRDA:101,14,1,0
BRDA:101,15,0,0
BRDA:101,15,1,0
BRDA:108,16,0,0
BRDA:108,16,1,0
BRDA:114,17,0,17
BRDA:114,17,1,3
BRDA:115,18,0,2
BRDA:115,19,0,2
BRDA:115,19,1,0
BRDA:119,20,0,2
BRDA:119,20,1,2
BRDA:133,21,0,2
BRDA:133,21,1,2
BRDA:135,22,0,0
BRDA:135,22,1,2
BRDA:136,23,0,0
BRDA:136,23,1,2
BRDA:137,24,0,2
BRDA:137,24,1,0
BRDA:146,25,0,2
BRDA:146,25,1,2
BRDA:148,26,0,0
BRDA:148,26,1,2
BRDA:149,27,0,0
BRDA:149,27,1,2
BRDA:150,28,0,2
BRDA:150,28,1,0
BRDA:154,29,0,2
BRDA:154,29,1,0
BRDA:158,30,0,2
BRDA:158,30,1,0
BRDA:159,31,0,2
BRDA:159,31,1,0
BRDA:160,32,0,2
BRDA:160,32,1,0
BRDA:166,33,0,2
BRDA:166,33,1,0
BRDA:167,34,0,2
BRDA:167,34,1,0
BRF:69
BRH:26
end_of_record
TN:
SF:src/services/supabase/auth.native.ts
FN:27,(anonymous_0)
FN:29,(anonymous_1)
FN:71,(anonymous_2)
FNF:3
FNH:0
FNDA:0,(anonymous_0)
FNDA:0,(anonymous_1)
FNDA:0,(anonymous_2)
DA:19,2
DA:27,2
DA:28,0
DA:29,0
DA:30,0
DA:35,0
DA:43,0
DA:44,0
DA:47,0
DA:53,0
DA:54,0
DA:57,0
DA:60,0
DA:71,2
DA:73,0
DA:75,0
DA:78,0
DA:79,0
DA:80,0
DA:81,0
DA:84,0
DA:85,0
DA:88,0
DA:93,0
DA:94,0
DA:97,0
DA:99,0
LF:27
LH:3
BRDA:43,0,0,0
BRDA:43,0,1,0
BRDA:53,1,0,0
BRDA:53,1,1,0
BRDA:54,2,0,0
BRDA:54,2,1,0
BRDA:61,3,0,0
BRDA:61,3,1,0
BRDA:62,4,0,0
BRDA:62,4,1,0
BRDA:62,5,0,0
BRDA:62,5,1,0
BRDA:78,6,0,0
BRDA:78,6,1,0
BRDA:78,7,0,0
BRDA:78,7,1,0
BRDA:84,8,0,0
BRDA:84,8,1,0
BRDA:93,9,0,0
BRDA:93,9,1,0
BRDA:94,10,0,0
BRDA:94,10,1,0
BRDA:100,11,0,0
BRDA:100,11,1,0
BRF:24
BRH:0
end_of_record
TN:
SF:src/services/supabase/auth.web.ts
FN:20,(anonymous_0)
FN:33,(anonymous_1)
FN:42,(anonymous_2)
FN:55,(anonymous_3)
FNF:4
FNH:4
FNDA:2,(anonymous_0)
FNDA:1,(anonymous_1)
FNDA:1,(anonymous_2)
FNDA:1,(anonymous_3)
DA:20,2
DA:21,2
DA:28,2
DA:33,1
DA:42,2
DA:43,1
DA:50,1
DA:55,1
LF:8
LH:8
BRDA:24,0,0,2
BRDA:24,0,1,0
BRDA:28,1,0,1
BRDA:28,1,1,1
BRDA:46,2,0,1
BRDA:46,2,1,0
BRDA:50,3,0,0
BRDA:50,3,1,1
BRF:8
BRH:5
end_of_record
TN:
SF:src/services/supabase/client.native.ts
FN:11,(anonymous_0)
FN:14,(anonymous_1)
FN:22,(anonymous_2)
FN:27,(anonymous_3)
FN:56,(anonymous_4)
FNF:5
FNH:1
FNDA:0,(anonymous_0)
FNDA:0,(anonymous_1)
FNDA:0,(anonymous_2)
FNDA:2,(anonymous_3)
FNDA:0,(anonymous_4)
DA:10,2
DA:12,0
DA:15,0
DA:16,0
DA:18,0
DA:19,0
DA:23,0
DA:27,2
DA:28,2
DA:29,2
DA:30,2
DA:40,0
DA:50,2
DA:56,2
DA:57,0
DA:58,0
DA:60,0
LF:17
LH:7
BRDA:28,0,0,2
BRDA:28,0,1,0
BRDA:28,1,0,2
BRDA:28,1,1,0
BRDA:57,2,0,0
BRDA:57,2,1,0
BRF:6
BRH:2
end_of_record
TN:
SF:src/services/supabase/client.web.ts
FN:18,(anonymous_0)
FN:24,(anonymous_1)
FN:32,(anonymous_2)
FN:42,(anonymous_3)
FN:72,(anonymous_4)
FNF:5
FNH:2
FNDA:0,(anonymous_0)
FNDA:0,(anonymous_1)
FNDA:0,(anonymous_2)
FNDA:4,(anonymous_3)
FNDA:2,(anonymous_4)
DA:8,4
DA:11,4
DA:17,4
DA:19,0
DA:20,0
DA:22,0
DA:25,0
DA:26,0
DA:28,0
DA:30,0
DA:33,0
DA:34,0
DA:36,0
DA:38,0
DA:42,4
DA:43,4
DA:44,3
DA:45,3
DA:55,1
DA:65,4
DA:71,4
DA:72,4
DA:73,2
DA:74,1
DA:76,1
LF:25
LH:14
BRDA:19,0,0,0
BRDA:19,0,1,0
BRDA:22,1,0,0
BRDA:22,1,1,0
BRDA:25,2,0,0
BRDA:25,2,1,0
BRDA:33,3,0,0
BRDA:33,3,1,0
BRDA:43,4,0,3
BRDA:43,4,1,1
BRDA:43,5,0,4
BRDA:43,5,1,1
BRDA:71,6,0,4
BRDA:71,6,1,0
BRDA:73,7,0,1
BRDA:73,7,1,1
BRF:16
BRH:7
end_of_record
TN:
SF:src/shared/components/cosmic-background.tsx
FN:10,CosmicBackground
FNF:1
FNH:1
FNDA:3,CosmicBackground
DA:10,1
DA:15,3
DA:27,1
LF:3
LH:3
BRDA:12,0,0,2
BRF:1
BRH:1
end_of_record
TN:
SF:src/shared/components/error-boundary.tsx
FN:17,(anonymous_0)
FN:21,(anonymous_1)
FN:26,(anonymous_2)
FN:30,(anonymous_3)
FNF:4
FNH:4
FNDA:8,(anonymous_0)
FNDA:4,(anonymous_1)
FNDA:1,(anonymous_2)
FNDA:19,(anonymous_3)
DA:15,10
DA:18,8
DA:22,4
DA:26,10
DA:27,1
DA:31,19
DA:32,8
DA:33,6
DA:43,11
DA:47,2
LF:10
LH:10
BRDA:31,0,0,8
BRDA:31,0,1,11
BRDA:32,1,0,2
BRDA:32,1,1,6
BRF:4
BRH:4
end_of_record
TN:
SF:src/shared/components/file-drop-zone.tsx
FN:18,(anonymous_0)
FN:26,(anonymous_1)
FN:28,(anonymous_2)
FN:36,FileDropZone
FN:65,FileDropZoneWeb
FN:81,(anonymous_5)
FN:90,(anonymous_6)
FN:99,(anonymous_7)
FN:105,(anonymous_8)
FN:137,(anonymous_9)
FN:152,(anonymous_10)
FNF:11
FNH:3
FNDA:0,(anonymous_0)
FNDA:0,(anonymous_1)
FNDA:0,(anonymous_2)
FNDA:5,FileDropZone
FNDA:4,FileDropZoneWeb
FNDA:0,(anonymous_5)
FNDA:0,(anonymous_6)
FNDA:0,(anonymous_7)
FNDA:0,(anonymous_8)
FNDA:4,(anonymous_9)
FNDA:0,(anonymous_10)
DA:15,1
DA:16,1
DA:18,1
DA:21,0
DA:22,0
DA:23,0
DA:26,1
DA:27,0
DA:28,0
DA:29,0
DA:30,0
DA:32,0
DA:46,5
DA:47,1
DA:50,4
DA:77,4
DA:78,4
DA:79,4
DA:81,4
DA:82,0
DA:83,0
DA:84,0
DA:85,0
DA:86,0
DA:90,4
DA:91,0
DA:92,0
DA:93,0
DA:94,0
DA:95,0
DA:99,4
DA:100,0
DA:101,0
DA:104,4
DA:106,0
DA:107,0
DA:108,0
DA:109,0
DA:111,0
DA:112,0
DA:114,0
DA:115,0
DA:117,0
DA:118,0
DA:119,0
DA:121,0
DA:130,0
DA:131,0
DA:137,4
DA:139,4
DA:143,4
DA:145,4
DA:147,0
DA:148,0
DA:149,0
DA:150,0
DA:152,0
DA:153,0
DA:154,0
DA:155,0
DA:156,0
DA:160,4
DA:181,1
LF:63
LH:20
BRDA:21,0,0,0
BRDA:21,0,1,0
BRDA:22,1,0,0
BRDA:22,1,1,0
BRDA:27,2,0,0
BRDA:27,2,1,0
BRDA:27,3,0,0
BRDA:27,3,1,0
BRDA:29,4,0,0
BRDA:29,4,1,0
BRDA:39,5,0,4
BRDA:40,6,0,4
BRDA:46,7,0,1
BRDA:46,7,1,4
BRDA:85,8,0,0
BRDA:85,8,1,0
BRDA:94,9,0,0
BRDA:94,9,1,0
BRDA:112,10,0,0
BRDA:112,10,1,0
BRDA:118,11,0,0
BRDA:118,11,1,0
BRDA:119,12,0,0
BRDA:119,12,1,0
BRDA:130,13,0,0
BRDA:130,13,1,0
BRDA:143,14,0,4
BRDA:143,14,1,4
BRDA:145,15,0,4
BRDA:145,15,1,0
BRDA:167,16,0,4
BRDA:167,16,1,0
BRDA:168,17,0,4
BRDA:168,17,1,0
BRDA:172,18,0,4
BRDA:172,18,1,0
BRF:36
BRH:10
end_of_record
TN:
SF:src/shared/components/glass-card.native.tsx
FN:23,GlassCard
FNF:1
FNH:1
FNDA:20,GlassCard
DA:16,3
DA:24,20
DA:26,20
DA:39,3
LF:4
LH:4
BRDA:23,0,0,11
BRDA:32,1,0,20
BRDA:32,1,1,8
BRF:3
BRH:3
end_of_record
TN:
SF:src/shared/components/glass-card.web.tsx
FN:22,GlassCard
FNF:1
FNH:1
FNDA:18,GlassCard
DA:15,1
DA:23,18
DA:25,18
DA:32,18
DA:42,1
LF:5
LH:5
BRDA:22,0,0,7
BRF:1
BRH:1
end_of_record
TN:
SF:src/shared/components/gold-button.tsx
FN:16,GoldButton
FN:22,(anonymous_1)
FNF:2
FNH:2
FNDA:7,GoldButton
FNDA:7,(anonymous_1)
DA:17,7
DA:22,7
DA:46,2
LF:3
LH:3
BRDA:21,0,0,7
BRDA:21,0,1,5
BRDA:24,1,0,7
BRDA:24,1,1,0
BRDA:25,2,0,7
BRDA:25,2,1,5
BRDA:25,2,2,4
BRDA:26,3,0,7
BRDA:26,3,1,0
BRDA:36,4,0,2
BRDA:36,4,1,5
BRF:11
BRH:9
end_of_record
TN:
SF:src/shared/components/media-picker.native.tsx
FN:16,(anonymous_0)
FN:25,MediaPicker
FN:32,(anonymous_2)
FNF:3
FNH:3
FNDA:10,(anonymous_0)
FNDA:16,MediaPicker
FNDA:12,(anonymous_2)
DA:14,2
DA:16,2
DA:19,10
DA:20,4
DA:21,0
DA:22,0
DA:32,16
DA:34,12
DA:35,12
DA:37,10
DA:42,10
DA:44,6
DA:45,6
DA:47,4
DA:57,4
DA:60,16
DA:71,2
LF:17
LH:15
BRDA:19,0,0,6
BRDA:19,0,1,4
BRDA:20,1,0,4
BRDA:20,1,1,0
BRDA:21,2,0,0
BRDA:21,2,1,0
BRDA:28,3,0,14
BRDA:35,4,0,2
BRDA:35,4,1,10
BRDA:42,5,0,4
BRDA:42,5,1,6
BRDA:42,6,0,10
BRDA:42,6,1,6
BRDA:45,7,0,2
BRDA:45,7,1,4
BRDA:45,8,0,6
BRDA:45,8,1,6
BRDA:49,9,0,2
BRDA:49,9,1,2
BRDA:50,10,0,4
BRDA:50,10,1,0
BRDA:51,11,0,4
BRDA:51,11,1,0
BRDA:52,12,0,4
BRDA:52,12,1,0
BRDA:55,13,0,4
BRDA:55,13,1,2
BRDA:66,14,0,16
BRDA:66,14,1,14
BRF:29
BRH:23
end_of_record
TN:
SF:src/shared/components/media-picker.web.tsx
FN:15,MediaPicker
FN:24,(anonymous_1)
FN:49,(anonymous_2)
FNF:3
FNH:1
FNDA:6,MediaPicker
FNDA:0,(anonymous_1)
FNDA:0,(anonymous_2)
DA:13,1
DA:22,6
DA:24,6
DA:25,0
DA:26,0
DA:27,0
DA:29,0
DA:40,0
DA:43,0
DA:46,6
DA:49,0
DA:65,1
LF:12
LH:5
BRDA:17,0,0,4
BRDA:18,1,0,5
BRDA:26,2,0,0
BRDA:26,2,1,0
BRDA:27,3,0,0
BRDA:27,3,1,0
BRDA:31,4,0,0
BRDA:31,4,1,0
BRDA:33,5,0,0
BRDA:33,5,1,0
BRDA:43,6,0,0
BRDA:43,6,1,0
BRDA:60,7,0,6
BRDA:60,7,1,4
BRF:14
BRH:4
end_of_record
TN:
SF:src/shared/components/mobile-bottom-tabs.tsx
FN:23,(anonymous_0)
FN:30,(anonymous_1)
FN:37,(anonymous_2)
FN:43,(anonymous_3)
FNF:4
FNH:3
FNDA:8,(anonymous_0)
FNDA:2,(anonymous_1)
FNDA:8,(anonymous_2)
FNDA:0,(anonymous_3)
DA:16,2
DA:23,2
DA:24,8
DA:25,2
DA:27,6
DA:30,2
DA:31,2
DA:32,2
DA:33,2
DA:35,2
DA:38,8
DA:39,8
DA:43,0
DA:69,2
LF:14
LH:13
BRDA:24,0,0,2
BRDA:24,0,1,6
BRDA:25,1,0,2
BRDA:25,1,1,2
BRDA:25,1,2,2
BRDA:52,2,0,2
BRDA:52,2,1,6
BRDA:57,3,0,2
BRDA:57,3,1,6
BRF:9
BRH:9
end_of_record
TN:
SF:src/shared/components/responsive-container.tsx
FN:14,ResponsiveContainer
FNF:1
FNH:1
FNDA:5,ResponsiveContainer
DA:15,5
DA:17,5
DA:19,5
DA:21,5
DA:34,2
LF:5
LH:5
BRDA:17,0,0,5
BRDA:17,0,1,5
BRDA:17,1,0,1
BRDA:17,1,1,4
BRDA:17,2,0,1
BRDA:17,2,1,3
BRDA:19,3,0,0
BRDA:19,3,1,5
BRDA:25,4,0,5
BRDA:25,4,1,2
BRDA:26,5,0,5
BRDA:26,5,1,5
BRDA:26,5,2,2
BRF:13
BRH:12
end_of_record
TN:
SF:src/shared/components/web-head.tsx
FN:10,(anonymous_0)
FN:22,(anonymous_1)
FN:34,WebHead
FN:35,(anonymous_3)
FNF:4
FNH:4
FNDA:1,(anonymous_0)
FNDA:1,(anonymous_1)
FNDA:3,WebHead
FNDA:3,(anonymous_3)
DA:10,1
DA:11,1
DA:13,1
DA:14,1
DA:15,1
DA:16,1
DA:17,1
DA:19,1
DA:22,1
DA:23,1
DA:25,1
DA:26,1
DA:27,1
DA:28,1
DA:29,1
DA:31,1
DA:35,3
DA:36,3
DA:38,3
DA:39,1
DA:42,3
DA:43,1
DA:46,3
DA:47,1
DA:51,3
LF:25
LH:25
BRDA:10,0,0,1
BRDA:11,1,0,0
BRDA:11,1,1,1
BRDA:14,2,0,1
BRDA:14,2,1,0
BRDA:23,3,0,0
BRDA:23,3,1,1
BRDA:26,4,0,1
BRDA:26,4,1,0
BRDA:36,5,0,0
BRDA:36,5,1,3
BRDA:36,6,0,3
BRDA:36,6,1,3
BRDA:38,7,0,1
BRDA:38,7,1,2
BRDA:42,8,0,1
BRDA:42,8,1,2
BRDA:46,9,0,1
BRDA:46,9,1,2
BRF:19
BRH:14
end_of_record
TN:
SF:src/shared/components/web-sidebar.tsx
FN:30,(anonymous_0)
FN:38,(anonymous_1)
FN:43,(anonymous_2)
FN:50,(anonymous_3)
FN:71,(anonymous_4)
FN:81,(anonymous_5)
FNF:6
FNH:6
FNDA:80,(anonymous_0)
FNDA:20,(anonymous_1)
FNDA:20,(anonymous_2)
FNDA:4,(anonymous_3)
FNDA:80,(anonymous_4)
FNDA:4,(anonymous_5)
DA:19,3
DA:30,3
DA:32,80
DA:33,20
DA:35,60
DA:38,3
DA:39,20
DA:40,20
DA:41,20
DA:42,20
DA:43,20
DA:44,20
DA:47,20
DA:48,20
DA:50,20
DA:51,4
DA:54,20
DA:56,20
DA:72,80
DA:73,80
DA:81,4
DA:126,3
DA:127,3
DA:131,3
LF:24
LH:24
BRDA:32,0,0,20
BRDA:32,0,1,60
BRDA:33,1,0,20
BRDA:33,1,1,20
BRDA:33,1,2,20
BRDA:47,2,0,20
BRDA:47,2,1,12
BRDA:48,3,0,20
BRDA:48,3,1,15
BRDA:48,3,2,1
BRDA:54,4,0,20
BRDA:54,4,1,5
BRDA:54,4,2,5
BRDA:58,5,0,15
BRDA:58,5,1,5
BRDA:66,6,0,20
BRDA:66,6,1,15
BRDA:78,7,0,80
BRDA:78,7,1,20
BRDA:79,8,0,80
BRDA:79,8,1,20
BRDA:90,9,0,20
BRDA:90,9,1,60
BRDA:92,10,0,80
BRDA:92,10,1,60
BRDA:93,11,0,60
BRDA:93,11,1,15
BRDA:104,12,0,20
BRDA:104,12,1,1
BRDA:109,13,0,20
BRDA:109,13,1,15
BRDA:114,14,0,1
BRDA:114,14,1,14
BRDA:115,15,0,1
BRDA:115,15,1,14
BRDA:116,16,0,1
BRDA:116,16,1,14
BRF:37
BRH:37
end_of_record
TN:
SF:src/shared/hooks/use-clipboard-paste.ts
FN:11,(anonymous_0)
FN:13,(anonymous_1)
FN:38,(anonymous_2)
FN:42,(anonymous_3)
FNF:4
FNH:4
FNDA:3,(anonymous_0)
FNDA:2,(anonymous_1)
FNDA:3,(anonymous_2)
FNDA:2,(anonymous_3)
DA:11,1
DA:12,3
DA:14,2
DA:15,2
DA:17,2
DA:18,2
DA:19,2
DA:21,1
DA:22,1
DA:24,1
DA:31,1
DA:32,1
DA:38,3
DA:39,3
DA:41,2
DA:42,2
LF:16
LH:16
BRDA:15,0,0,0
BRDA:15,0,1,2
BRDA:19,1,0,1
BRDA:19,1,1,1
BRDA:22,2,0,0
BRDA:22,2,1,1
BRDA:27,3,0,1
BRDA:27,3,1,0
BRDA:39,4,0,1
BRDA:39,4,1,2
BRF:10
BRH:7
end_of_record
TN:
SF:src/shared/hooks/use-keyboard-shortcuts.ts
FN:10,(anonymous_0)
FN:11,(anonymous_1)
FN:14,(anonymous_2)
FN:41,(anonymous_3)
FNF:4
FNH:4
FNDA:5,(anonymous_0)
FNDA:5,(anonymous_1)
FNDA:6,(anonymous_2)
FNDA:5,(anonymous_3)
DA:10,1
DA:11,5
DA:12,5
DA:14,5
DA:16,6
DA:18,5
DA:19,5
DA:22,5
DA:25,5
DA:27,5
DA:33,3
DA:34,3
DA:35,3
DA:40,5
DA:41,5
LF:15
LH:15
BRDA:12,0,0,0
BRDA:12,0,1,5
BRDA:16,1,0,1
BRDA:16,1,1,5
BRDA:16,2,0,6
BRDA:16,2,1,5
BRDA:19,3,0,2
BRDA:19,3,1,3
BRDA:20,4,0,2
BRDA:20,4,1,1
BRDA:21,5,0,3
BRDA:21,5,1,3
BRDA:22,6,0,0
BRDA:22,6,1,5
BRDA:25,7,0,0
BRDA:25,7,1,5
BRDA:27,8,0,3
BRDA:27,8,1,2
BRDA:28,9,0,5
BRDA:28,9,1,5
BRDA:28,9,2,4
BRDA:28,9,3,3
BRF:22
BRH:19
end_of_record
TN:
SF:src/shared/hooks/use-network.native.ts
FN:11,(anonymous_0)
FN:26,(anonymous_1)
FN:35,(anonymous_2)
FN:38,(anonymous_3)
FN:61,(anonymous_4)
FN:73,(anonymous_5)
FNF:6
FNH:6
FNDA:20,(anonymous_0)
FNDA:40,(anonymous_1)
FNDA:18,(anonymous_2)
FNDA:18,(anonymous_3)
FNDA:4,(anonymous_4)
FNDA:18,(anonymous_5)
DA:11,2
DA:12,20
DA:14,10
DA:16,2
DA:18,2
DA:20,4
DA:22,2
DA:26,2
DA:27,40
DA:28,40
DA:29,40
DA:35,40
DA:36,18
DA:38,18
DA:39,18
DA:40,18
DA:41,16
DA:42,16
DA:43,16
DA:44,16
DA:49,16
DA:52,2
DA:53,2
DA:54,2
DA:59,18
DA:61,18
DA:62,4
DA:63,4
DA:64,4
DA:65,4
DA:73,18
DA:74,18
DA:75,18
DA:79,40
LF:34
LH:34
BRDA:12,0,0,10
BRDA:12,0,1,2
BRDA:12,0,2,2
BRDA:12,0,3,4
BRDA:12,0,4,2
BRDA:41,1,0,16
BRDA:41,1,1,0
BRDA:42,2,0,16
BRDA:42,2,1,0
BRDA:46,3,0,16
BRDA:46,3,1,0
BRDA:52,4,0,2
BRDA:52,4,1,0
BRDA:62,5,0,4
BRDA:62,5,1,0
BRDA:63,6,0,4
BRDA:63,6,1,0
BRDA:67,7,0,4
BRDA:67,7,1,0
BRF:19
BRH:12
end_of_record
TN:
SF:src/shared/hooks/use-network.web.ts
FN:10,(anonymous_0)
FN:11,(anonymous_1)
FN:16,(anonymous_2)
FN:17,(anonymous_3)
FN:19,(anonymous_4)
FN:26,(anonymous_5)
FNF:6
FNH:6
FNDA:9,(anonymous_0)
FNDA:7,(anonymous_1)
FNDA:1,(anonymous_2)
FNDA:1,(anonymous_3)
FNDA:7,(anonymous_4)
FNDA:7,(anonymous_5)
DA:10,1
DA:11,9
DA:12,7
DA:14,9
DA:16,9
DA:17,9
DA:19,9
DA:20,7
DA:21,7
DA:24,7
DA:26,7
DA:27,7
DA:28,7
DA:32,9
DA:38,9
LF:15
LH:15
BRDA:12,0,0,7
BRDA:12,0,1,0
BRDA:35,1,0,5
BRDA:35,1,1,4
BRF:4
BRH:3
end_of_record
TN:
SF:src/shared/hooks/use-page-title.ts
FN:6,(anonymous_0)
FN:7,(anonymous_1)
FNF:2
FNH:2
FNDA:41,(anonymous_0)
FNDA:41,(anonymous_1)
DA:4,7
DA:6,7
DA:7,41
DA:8,41
DA:10,33
LF:5
LH:5
BRDA:8,0,0,8
BRDA:8,0,1,33
BRDA:8,1,0,41
BRDA:8,1,1,33
BRDA:10,2,0,32
BRDA:10,2,1,1
BRF:6
BRH:6
end_of_record
TN:
SF:src/shared/hooks/use-platform-subscription.native.ts
FN:43,(anonymous_0)
FN:48,(anonymous_1)
FN:49,(anonymous_2)
FN:52,(anonymous_3)
FN:53,(anonymous_4)
FN:55,(anonymous_5)
FN:65,(anonymous_6)
FN:76,(anonymous_7)
FN:89,(anonymous_8)
FN:101,(anonymous_9)
FN:104,(anonymous_10)
FN:109,(anonymous_11)
FN:116,(anonymous_12)
FN:118,(anonymous_13)
FN:123,(anonymous_14)
FN:127,(anonymous_15)
FN:153,(anonymous_16)
FN:154,(anonymous_17)
FNF:18
FNH:9
FNDA:2,(anonymous_0)
FNDA:2,(anonymous_1)
FNDA:2,(anonymous_2)
FNDA:2,(anonymous_3)
FNDA:2,(anonymous_4)
FNDA:6,(anonymous_5)
FNDA:4,(anonymous_6)
FNDA:6,(anonymous_7)
FNDA:6,(anonymous_8)
FNDA:0,(anonymous_9)
FNDA:0,(anonymous_10)
FNDA:0,(anonymous_11)
FNDA:0,(anonymous_12)
FNDA:0,(anonymous_13)
FNDA:0,(anonymous_14)
FNDA:0,(anonymous_15)
FNDA:0,(anonymous_16)
FNDA:0,(anonymous_17)
DA:34,2
DA:43,2
DA:49,2
DA:52,2
DA:53,2
DA:56,6
DA:57,6
DA:58,4
DA:60,2
DA:61,2
DA:66,4
DA:67,4
DA:68,2
DA:69,2
DA:71,2
DA:72,2
DA:77,6
DA:78,6
DA:79,2
DA:80,2
DA:82,4
DA:83,2
DA:85,2
DA:90,6
DA:91,6
DA:92,4
DA:93,4
DA:95,2
DA:96,2
DA:101,2
DA:102,0
DA:104,0
DA:105,0
DA:106,0
DA:109,0
DA:110,0
DA:113,0
DA:116,0
DA:117,0
DA:118,0
DA:119,0
DA:120,0
DA:123,0
DA:124,0
DA:127,0
DA:130,0
DA:131,0
DA:132,0
DA:133,0
DA:135,0
DA:139,0
DA:153,2
DA:154,0
LF:53
LH:31
BRDA:82,0,0,2
BRDA:82,0,1,2
BRDA:82,1,0,4
BRDA:82,1,1,4
BRDA:119,2,0,0
BRDA:119,2,1,0
BRDA:132,3,0,0
BRDA:132,3,1,0
BRF:8
BRH:4
end_of_record
TN:
SF:src/shared/hooks/use-platform-subscription.web.ts
FN:45,(anonymous_0)
FN:73,(anonymous_1)
FN:115,(anonymous_2)
FN:124,(anonymous_3)
FN:130,(anonymous_4)
FN:144,(anonymous_5)
FN:149,(anonymous_6)
FN:150,(anonymous_7)
FN:153,(anonymous_8)
FN:154,(anonymous_9)
FN:156,(anonymous_10)
FN:166,(anonymous_11)
FN:172,(anonymous_12)
FN:180,(anonymous_13)
FN:195,(anonymous_14)
FN:208,(anonymous_15)
FN:219,(anonymous_16)
FN:235,(anonymous_17)
FN:246,(anonymous_18)
FN:250,(anonymous_19)
FN:256,(anonymous_20)
FN:263,(anonymous_21)
FN:269,(anonymous_22)
FN:275,(anonymous_23)
FN:281,(anonymous_24)
FN:283,(anonymous_25)
FN:288,(anonymous_26)
FN:292,(anonymous_27)
FN:310,(anonymous_28)
FN:311,(anonymous_29)
FNF:30
FNH:17
FNDA:4,(anonymous_0)
FNDA:3,(anonymous_1)
FNDA:8,(anonymous_2)
FNDA:0,(anonymous_3)
FNDA:7,(anonymous_4)
FNDA:2,(anonymous_5)
FNDA:3,(anonymous_6)
FNDA:3,(anonymous_7)
FNDA:1,(anonymous_8)
FNDA:1,(anonymous_9)
FNDA:5,(anonymous_10)
FNDA:3,(anonymous_11)
FNDA:2,(anonymous_12)
FNDA:1,(anonymous_13)
FNDA:0,(anonymous_14)
FNDA:2,(anonymous_15)
FNDA:2,(anonymous_16)
FNDA:0,(anonymous_17)
FNDA:0,(anonymous_18)
FNDA:0,(anonymous_19)
FNDA:0,(anonymous_20)
FNDA:0,(anonymous_21)
FNDA:0,(anonymous_22)
FNDA:0,(anonymous_23)
FNDA:0,(anonymous_24)
FNDA:0,(anonymous_25)
FNDA:0,(anonymous_26)
FNDA:0,(anonymous_27)
FNDA:1,(anonymous_28)
FNDA:3,(anonymous_29)
DA:36,2
DA:45,2
DA:51,4
DA:52,4
DA:53,4
DA:54,4
DA:56,4
DA:57,4
DA:58,1
DA:59,1
DA:60,1
DA:63,4
DA:73,3
DA:111,2
DA:112,2
DA:113,2
DA:115,2
DA:119,8
DA:120,8
DA:121,8
DA:123,0
DA:124,0
DA:127,0
DA:130,2
DA:131,7
DA:132,7
DA:134,6
DA:140,6
DA:141,4
DA:144,2
DA:150,3
DA:153,1
DA:154,1
DA:157,5
DA:158,5
DA:159,5
DA:161,0
DA:162,0
DA:167,3
DA:168,3
DA:169,3
DA:173,2
DA:174,0
DA:177,2
DA:178,2
DA:180,1
DA:181,1
DA:194,1
DA:195,0
DA:196,0
DA:199,1
DA:202,1
DA:203,1
DA:205,1
DA:209,2
DA:210,2
DA:211,2
DA:212,2
DA:214,0
DA:215,0
DA:220,2
DA:221,2
DA:223,1
DA:234,1
DA:235,0
DA:236,0
DA:239,1
DA:240,1
DA:241,1
DA:246,2
DA:247,0
DA:248,0
DA:250,0
DA:251,0
DA:252,0
DA:256,0
DA:257,0
DA:258,0
DA:260,0
DA:264,0
DA:265,0
DA:266,0
DA:270,0
DA:275,0
DA:276,0
DA:277,0
DA:281,0
DA:282,0
DA:283,0
DA:284,0
DA:285,0
DA:288,0
DA:289,0
DA:292,0
DA:293,0
DA:296,0
DA:310,2
DA:311,3
LF:98
LH:60
BRDA:53,0,0,4
BRDA:53,0,1,2
BRDA:53,0,2,1
BRDA:57,1,0,1
BRDA:57,1,1,3
BRDA:57,2,0,4
BRDA:57,2,1,1
BRDA:117,3,0,8
BRDA:123,4,0,0
BRDA:123,4,1,0
BRDA:132,5,0,1
BRDA:132,5,1,6
BRDA:140,6,0,2
BRDA:140,6,1,4
BRDA:140,7,0,6
BRDA:140,7,1,4
BRDA:173,8,0,0
BRDA:173,8,1,2
BRDA:178,9,0,1
BRDA:178,9,1,1
BRDA:194,10,0,0
BRDA:194,10,1,1
BRDA:196,11,0,0
BRDA:196,11,1,0
BRDA:202,12,0,1
BRDA:202,12,1,0
BRDA:221,13,0,1
BRDA:221,13,1,1
BRDA:234,14,0,0
BRDA:234,14,1,1
BRDA:236,15,0,0
BRDA:236,15,1,0
BRDA:240,16,0,1
BRDA:240,16,1,0
BRDA:257,17,0,0
BRDA:257,17,1,0
BRDA:265,18,0,0
BRDA:265,18,1,0
BRDA:284,19,0,0
BRDA:284,19,1,0
BRF:40
BRH:23
end_of_record
TN:
SF:src/shared/hooks/use-reduced-motion.native.ts
FN:4,(anonymous_0)
FN:7,(anonymous_1)
FN:8,(anonymous_2)
FN:17,(anonymous_3)
FN:20,(anonymous_4)
FNF:5
FNH:5
FNDA:14,(anonymous_0)
FNDA:10,(anonymous_1)
FNDA:10,(anonymous_2)
FNDA:2,(anonymous_3)
FNDA:10,(anonymous_4)
DA:4,2
DA:5,14
DA:7,14
DA:8,10
DA:9,10
DA:10,10
DA:13,10
DA:15,10
DA:17,2
DA:20,10
DA:23,14
LF:11
LH:11
BRF:0
BRH:0
end_of_record
TN:
SF:src/shared/hooks/use-reduced-motion.web.ts
FN:3,(anonymous_0)
FN:4,(anonymous_1)
FN:9,(anonymous_2)
FN:12,(anonymous_3)
FN:17,(anonymous_4)
FNF:5
FNH:5
FNDA:5,(anonymous_0)
FNDA:4,(anonymous_1)
FNDA:4,(anonymous_2)
FNDA:1,(anonymous_3)
FNDA:4,(anonymous_4)
DA:3,1
DA:4,5
DA:5,4
DA:6,4
DA:9,5
DA:10,4
DA:12,4
DA:13,1
DA:16,4
DA:17,4
DA:20,5
LF:11
LH:11
BRDA:5,0,0,0
BRDA:5,0,1,4
BRF:2
BRH:1
end_of_record
TN:
SF:src/shared/hooks/use-responsive.ts
FN:11,(anonymous_0)
FN:18,(anonymous_1)
FN:31,(anonymous_2)
FN:39,(anonymous_3)
FN:47,(anonymous_4)
FN:48,(anonymous_5)
FN:53,(anonymous_6)
FNF:7
FNH:7
FNDA:59,(anonymous_0)
FNDA:41,(anonymous_1)
FNDA:42,(anonymous_2)
FNDA:18,(anonymous_3)
FNDA:18,(anonymous_4)
FNDA:1,(anonymous_5)
FNDA:18,(anonymous_6)
DA:5,5
DA:11,5
DA:12,59
DA:13,53
DA:14,34
DA:15,28
DA:18,5
DA:19,41
DA:20,41
DA:31,5
DA:33,42
DA:34,22
DA:35,22
DA:39,20
DA:41,18
DA:42,18
DA:43,18
DA:47,20
DA:48,18
DA:49,1
DA:52,18
DA:53,18
DA:56,20
LF:23
LH:23
BRDA:12,0,0,6
BRDA:12,0,1,53
BRDA:13,1,0,19
BRDA:13,1,1,34
BRDA:14,2,0,6
BRDA:14,2,1,28
BRDA:33,3,0,22
BRDA:33,3,1,20
BRDA:41,4,0,18
BRDA:41,4,1,0
BRDA:42,5,0,18
BRDA:42,5,1,0
BRF:12
BRH:10
end_of_record
TN:
SF:src/shared/hooks/use-subscription.native.ts
FNF:0
FNH:0
LF:0
LH:0
BRF:0
BRH:0
end_of_record
TN:
SF:src/shared/hooks/use-subscription.web.ts
FN:39,(anonymous_0)
FN:67,(anonymous_1)
FN:108,(anonymous_2)
FN:117,(anonymous_3)
FN:123,(anonymous_4)
FN:128,(anonymous_5)
FN:129,(anonymous_6)
FN:132,(anonymous_7)
FN:133,(anonymous_8)
FN:135,(anonymous_9)
FN:137,(anonymous_10)
FN:157,(anonymous_11)
FN:163,(anonymous_12)
FN:168,(anonymous_13)
FN:183,(anonymous_14)
FN:203,(anonymous_15)
FN:227,(anonymous_16)
FN:228,(anonymous_17)
FNF:18
FNH:14
FNDA:4,(anonymous_0)
FNDA:2,(anonymous_1)
FNDA:6,(anonymous_2)
FNDA:0,(anonymous_3)
FNDA:1,(anonymous_4)
FNDA:2,(anonymous_5)
FNDA:2,(anonymous_6)
FNDA:1,(anonymous_7)
FNDA:16,(anonymous_8)
FNDA:5,(anonymous_9)
FNDA:5,(anonymous_10)
FNDA:2,(anonymous_11)
FNDA:2,(anonymous_12)
FNDA:1,(anonymous_13)
FNDA:0,(anonymous_14)
FNDA:3,(anonymous_15)
FNDA:0,(anonymous_16)
FNDA:0,(anonymous_17)
DA:30,1
DA:39,1
DA:45,4
DA:46,4
DA:47,4
DA:48,4
DA:50,4
DA:51,4
DA:52,1
DA:53,1
DA:54,1
DA:57,4
DA:67,2
DA:105,1
DA:106,1
DA:108,1
DA:112,6
DA:113,6
DA:114,6
DA:116,0
DA:117,0
DA:120,0
DA:123,1
DA:129,2
DA:132,1
DA:133,16
DA:136,5
DA:137,5
DA:138,5
DA:139,5
DA:141,4
DA:147,4
DA:148,3
DA:150,5
DA:152,0
DA:153,0
DA:158,2
DA:159,2
DA:160,2
DA:164,2
DA:165,2
DA:166,2
DA:168,1
DA:169,1
DA:182,1
DA:183,0
DA:184,0
DA:187,1
DA:191,1
DA:192,1
DA:194,1
DA:196,1
DA:197,0
DA:199,1
DA:205,3
DA:206,3
DA:207,3
DA:209,2
DA:215,2
DA:217,1
DA:218,1
DA:219,1
DA:221,0
DA:222,0
DA:227,1
DA:228,0
LF:66
LH:55
BRDA:47,0,0,4
BRDA:47,0,1,2
BRDA:47,0,2,1
BRDA:51,1,0,1
BRDA:51,1,1,3
BRDA:51,2,0,4
BRDA:51,2,1,1
BRDA:110,3,0,6
BRDA:116,4,0,0
BRDA:116,4,1,0
BRDA:139,5,0,1
BRDA:139,5,1,4
BRDA:147,6,0,1
BRDA:147,6,1,3
BRDA:147,7,0,4
BRDA:147,7,1,3
BRDA:166,8,0,1
BRDA:166,8,1,1
BRDA:182,9,0,0
BRDA:182,9,1,1
BRDA:184,10,0,0
BRDA:184,10,1,0
BRDA:191,11,0,1
BRDA:191,11,1,0
BRDA:196,12,0,0
BRDA:196,12,1,1
BRDA:196,13,0,1
BRDA:196,13,1,1
BRDA:207,14,0,1
BRDA:207,14,1,2
BRDA:215,15,0,1
BRDA:215,15,1,1
BRDA:215,16,0,2
BRDA:215,16,1,1
BRF:34
BRH:27
end_of_record
TN:
SF:src/shared/hooks/use-user.ts
FN:15,(anonymous_0)
FN:19,(anonymous_1)
FN:20,(anonymous_2)
FN:21,(anonymous_3)
FN:22,(anonymous_4)
FN:25,(anonymous_5)
FNF:6
FNH:5
FNDA:4,(anonymous_0)
FNDA:5,(anonymous_1)
FNDA:0,(anonymous_2)
FNDA:2,(anonymous_3)
FNDA:2,(anonymous_4)
FNDA:7,(anonymous_5)
DA:15,4
DA:19,5
DA:20,0
DA:22,2
DA:25,7
LF:5
LH:4
BRDA:23,0,0,1
BRDA:23,0,1,1
BRF:2
BRH:2
end_of_record
